{"/Users/kokiriho/Documents/Projects/pfwise/portfolio-manager/frontend/webapp/src/App.jsx": {"path":"/Users/kokiriho/Documents/Projects/pfwise/portfolio-manager/frontend/webapp/src/App.jsx","statementMap":{"0":{"start":{"line":40,"column":23},"end":{"line":72,"column":1}},"1":{"start":{"line":41,"column":40},"end":{"line":41,"column":55}},"2":{"start":{"line":42,"column":46},"end":{"line":42,"column":58}},"3":{"start":{"line":44,"column":2},"end":{"line":58,"column":9}},"4":{"start":{"line":45,"column":17},"end":{"line":56,"column":5}},"5":{"start":{"line":46,"column":6},"end":{"line":55,"column":7}},"6":{"start":{"line":48,"column":8},"end":{"line":48,"column":36}},"7":{"start":{"line":49,"column":25},"end":{"line":49,"column":50}},"8":{"start":{"line":50,"column":8},"end":{"line":50,"column":36}},"9":{"start":{"line":51,"column":8},"end":{"line":51,"column":29}},"10":{"start":{"line":53,"column":8},"end":{"line":53,"column":50}},"11":{"start":{"line":54,"column":8},"end":{"line":54,"column":29}},"12":{"start":{"line":57,"column":4},"end":{"line":57,"column":11}},"13":{"start":{"line":60,"column":2},"end":{"line":62,"column":3}},"14":{"start":{"line":61,"column":4},"end":{"line":61,"column":102}},"15":{"start":{"line":64,"column":2},"end":{"line":71,"column":4}},"16":{"start":{"line":67,"column":34},"end":{"line":67,"column":87}},"17":{"start":{"line":75,"column":25},"end":{"line":91,"column":1}},"18":{"start":{"line":76,"column":15},"end":{"line":76,"column":24}},"19":{"start":{"line":77,"column":20},"end":{"line":77,"column":41}},"20":{"start":{"line":80,"column":2},"end":{"line":88,"column":24}},"21":{"start":{"line":81,"column":4},"end":{"line":87,"column":5}},"22":{"start":{"line":82,"column":6},"end":{"line":84,"column":7}},"23":{"start":{"line":83,"column":8},"end":{"line":83,"column":47}},"24":{"start":{"line":86,"column":6},"end":{"line":86,"column":50}},"25":{"start":{"line":90,"column":2},"end":{"line":90,"column":14}},"26":{"start":{"line":96,"column":4},"end":{"line":96,"column":17}},"27":{"start":{"line":97,"column":4},"end":{"line":97,"column":50}},"28":{"start":{"line":101,"column":4},"end":{"line":101,"column":37}},"29":{"start":{"line":105,"column":4},"end":{"line":105,"column":52}},"30":{"start":{"line":109,"column":4},"end":{"line":125,"column":5}},"31":{"start":{"line":110,"column":6},"end":{"line":124,"column":8}},"32":{"start":{"line":118,"column":29},"end":{"line":118,"column":53}},"33":{"start":{"line":127,"column":4},"end":{"line":127,"column":31}},"34":{"start":{"line":132,"column":2},"end":{"line":161,"column":4}}},"fnMap":{"0":{"name":"(anonymous_0)","decl":{"start":{"line":40,"column":23},"end":{"line":40,"column":24}},"loc":{"start":{"line":40,"column":41},"end":{"line":72,"column":1}},"line":40},"1":{"name":"(anonymous_1)","decl":{"start":{"line":44,"column":12},"end":{"line":44,"column":13}},"loc":{"start":{"line":44,"column":18},"end":{"line":58,"column":3}},"line":44},"2":{"name":"(anonymous_2)","decl":{"start":{"line":45,"column":17},"end":{"line":45,"column":18}},"loc":{"start":{"line":45,"column":29},"end":{"line":56,"column":5}},"line":45},"3":{"name":"(anonymous_3)","decl":{"start":{"line":67,"column":25},"end":{"line":67,"column":26}},"loc":{"start":{"line":67,"column":34},"end":{"line":67,"column":87}},"line":67},"4":{"name":"(anonymous_4)","decl":{"start":{"line":75,"column":25},"end":{"line":75,"column":26}},"loc":{"start":{"line":75,"column":31},"end":{"line":91,"column":1}},"line":75},"5":{"name":"(anonymous_5)","decl":{"start":{"line":80,"column":12},"end":{"line":80,"column":13}},"loc":{"start":{"line":80,"column":18},"end":{"line":88,"column":3}},"line":80},"6":{"name":"(anonymous_6)","decl":{"start":{"line":95,"column":2},"end":{"line":95,"column":3}},"loc":{"start":{"line":95,"column":21},"end":{"line":98,"column":3}},"line":95},"7":{"name":"(anonymous_7)","decl":{"start":{"line":100,"column":2},"end":{"line":100,"column":3}},"loc":{"start":{"line":100,"column":41},"end":{"line":102,"column":3}},"line":100},"8":{"name":"(anonymous_8)","decl":{"start":{"line":104,"column":2},"end":{"line":104,"column":3}},"loc":{"start":{"line":104,"column":38},"end":{"line":106,"column":3}},"line":104},"9":{"name":"(anonymous_9)","decl":{"start":{"line":108,"column":2},"end":{"line":108,"column":3}},"loc":{"start":{"line":108,"column":11},"end":{"line":128,"column":3}},"line":108},"10":{"name":"(anonymous_10)","decl":{"start":{"line":118,"column":23},"end":{"line":118,"column":24}},"loc":{"start":{"line":118,"column":29},"end":{"line":118,"column":53}},"line":118},"11":{"name":"App","decl":{"start":{"line":131,"column":9},"end":{"line":131,"column":12}},"loc":{"start":{"line":131,"column":15},"end":{"line":162,"column":1}},"line":131}},"branchMap":{"0":{"loc":{"start":{"line":60,"column":2},"end":{"line":62,"column":3}},"type":"if","locations":[{"start":{"line":60,"column":2},"end":{"line":62,"column":3}},{"start":{},"end":{}}],"line":60},"1":{"loc":{"start":{"line":66,"column":16},"end":{"line":66,"column":51}},"type":"binary-expr","locations":[{"start":{"line":66,"column":16},"end":{"line":66,"column":30}},{"start":{"line":66,"column":34},"end":{"line":66,"column":51}}],"line":66},"2":{"loc":{"start":{"line":82,"column":6},"end":{"line":84,"column":7}},"type":"if","locations":[{"start":{"line":82,"column":6},"end":{"line":84,"column":7}},{"start":{},"end":{}}],"line":82},"3":{"loc":{"start":{"line":82,"column":10},"end":{"line":82,"column":58}},"type":"binary-expr","locations":[{"start":{"line":82,"column":10},"end":{"line":82,"column":14}},{"start":{"line":82,"column":18},"end":{"line":82,"column":45}},{"start":{"line":82,"column":49},"end":{"line":82,"column":58}}],"line":82},"4":{"loc":{"start":{"line":109,"column":4},"end":{"line":125,"column":5}},"type":"if","locations":[{"start":{"line":109,"column":4},"end":{"line":125,"column":5}},{"start":{},"end":{}}],"line":109},"5":{"loc":{"start":{"line":115,"column":51},"end":{"line":115,"column":88}},"type":"binary-expr","locations":[{"start":{"line":115,"column":51},"end":{"line":115,"column":76}},{"start":{"line":115,"column":80},"end":{"line":115,"column":88}}],"line":115}},"s":{"0":0,"1":0,"2":0,"3":0,"4":0,"5":0,"6":0,"7":0,"8":0,"9":0,"10":0,"11":0,"12":0,"13":0,"14":0,"15":0,"16":0,"17":0,"18":0,"19":0,"20":0,"21":0,"22":0,"23":0,"24":0,"25":0,"26":0,"27":0,"28":0,"29":0,"30":0,"31":0,"32":0,"33":0,"34":0},"f":{"0":0,"1":0,"2":0,"3":0,"4":0,"5":0,"6":0,"7":0,"8":0,"9":0,"10":0,"11":0},"b":{"0":[0,0],"1":[0,0],"2":[0,0],"3":[0,0,0],"4":[0,0],"5":[0,0]}}
,"/Users/kokiriho/Documents/Projects/pfwise/portfolio-manager/frontend/webapp/src/craco.config.js": {"path":"/Users/kokiriho/Documents/Projects/pfwise/portfolio-manager/frontend/webapp/src/craco.config.js","statementMap":{"0":{"start":{"line":17,"column":0},"end":{"line":26,"column":3}}},"fnMap":{},"branchMap":{},"s":{"0":0},"f":{},"b":{}}
,"/Users/kokiriho/Documents/Projects/pfwise/portfolio-manager/frontend/webapp/src/setupProxy.disabled.js": {"path":"/Users/kokiriho/Documents/Projects/pfwise/portfolio-manager/frontend/webapp/src/setupProxy.disabled.js","statementMap":{},"fnMap":{},"branchMap":{},"s":{},"f":{},"b":{}}
,"/Users/kokiriho/Documents/Projects/pfwise/portfolio-manager/frontend/webapp/src/setupProxy.js": {"path":"/Users/kokiriho/Documents/Projects/pfwise/portfolio-manager/frontend/webapp/src/setupProxy.js","statementMap":{"0":{"start":{"line":1,"column":14},"end":{"line":1,"column":46}},"1":{"start":{"line":3,"column":0},"end":{"line":25,"column":2}},"2":{"start":{"line":5,"column":2},"end":{"line":24,"column":4}},"3":{"start":{"line":17,"column":8},"end":{"line":17,"column":77}},"4":{"start":{"line":20,"column":8},"end":{"line":20,"column":43}},"5":{"start":{"line":21,"column":8},"end":{"line":21,"column":77}}},"fnMap":{"0":{"name":"(anonymous_0)","decl":{"start":{"line":3,"column":17},"end":{"line":3,"column":18}},"loc":{"start":{"line":3,"column":31},"end":{"line":25,"column":1}},"line":3},"1":{"name":"(anonymous_1)","decl":{"start":{"line":15,"column":18},"end":{"line":15,"column":19}},"loc":{"start":{"line":15,"column":42},"end":{"line":18,"column":7}},"line":15},"2":{"name":"(anonymous_2)","decl":{"start":{"line":19,"column":15},"end":{"line":19,"column":16}},"loc":{"start":{"line":19,"column":34},"end":{"line":22,"column":7}},"line":19}},"branchMap":{"0":{"loc":{"start":{"line":8,"column":14},"end":{"line":8,"column":75}},"type":"binary-expr","locations":[{"start":{"line":8,"column":14},"end":{"line":8,"column":48}},{"start":{"line":8,"column":52},"end":{"line":8,"column":75}}],"line":8}},"s":{"0":0,"1":0,"2":0,"3":0,"4":0,"5":0},"f":{"0":0,"1":0,"2":0},"b":{"0":[0,0]}}
,"/Users/kokiriho/Documents/Projects/pfwise/portfolio-manager/frontend/webapp/src/components/auth/LoginButton.client.jsx": {"path":"/Users/kokiriho/Documents/Projects/pfwise/portfolio-manager/frontend/webapp/src/components/auth/LoginButton.client.jsx","statementMap":{"0":{"start":{"line":10,"column":20},"end":{"line":96,"column":1}},"1":{"start":{"line":11,"column":62},"end":{"line":11,"column":71}},"2":{"start":{"line":12,"column":38},"end":{"line":12,"column":52}},"3":{"start":{"line":14,"column":35},"end":{"line":30,"column":3}},"4":{"start":{"line":15,"column":4},"end":{"line":15,"column":51}},"5":{"start":{"line":17,"column":4},"end":{"line":29,"column":5}},"6":{"start":{"line":18,"column":22},"end":{"line":18,"column":63}},"7":{"start":{"line":19,"column":6},"end":{"line":24,"column":7}},"8":{"start":{"line":20,"column":8},"end":{"line":20,"column":39}},"9":{"start":{"line":22,"column":8},"end":{"line":22,"column":30}},"10":{"start":{"line":23,"column":8},"end":{"line":23,"column":28}},"11":{"start":{"line":26,"column":6},"end":{"line":26,"column":48}},"12":{"start":{"line":27,"column":22},"end":{"line":27,"column":46}},"13":{"start":{"line":28,"column":6},"end":{"line":28,"column":43}},"14":{"start":{"line":32,"column":33},"end":{"line":35,"column":3}},"15":{"start":{"line":33,"column":4},"end":{"line":33,"column":41}},"16":{"start":{"line":34,"column":4},"end":{"line":34,"column":42}},"17":{"start":{"line":38,"column":2},"end":{"line":48,"column":3}},"18":{"start":{"line":39,"column":4},"end":{"line":47,"column":6}},"19":{"start":{"line":50,"column":2},"end":{"line":95,"column":4}}},"fnMap":{"0":{"name":"(anonymous_0)","decl":{"start":{"line":10,"column":20},"end":{"line":10,"column":21}},"loc":{"start":{"line":10,"column":26},"end":{"line":96,"column":1}},"line":10},"1":{"name":"(anonymous_1)","decl":{"start":{"line":14,"column":35},"end":{"line":14,"column":36}},"loc":{"start":{"line":14,"column":65},"end":{"line":30,"column":3}},"line":14},"2":{"name":"(anonymous_2)","decl":{"start":{"line":32,"column":33},"end":{"line":32,"column":34}},"loc":{"start":{"line":32,"column":44},"end":{"line":35,"column":3}},"line":32}},"branchMap":{"0":{"loc":{"start":{"line":19,"column":6},"end":{"line":24,"column":7}},"type":"if","locations":[{"start":{"line":19,"column":6},"end":{"line":24,"column":7}},{"start":{"line":21,"column":13},"end":{"line":24,"column":7}}],"line":19},"1":{"loc":{"start":{"line":27,"column":22},"end":{"line":27,"column":46}},"type":"binary-expr","locations":[{"start":{"line":27,"column":22},"end":{"line":27,"column":34}},{"start":{"line":27,"column":38},"end":{"line":27,"column":46}}],"line":27},"2":{"loc":{"start":{"line":38,"column":2},"end":{"line":48,"column":3}},"type":"if","locations":[{"start":{"line":38,"column":2},"end":{"line":48,"column":3}},{"start":{},"end":{}}],"line":38},"3":{"loc":{"start":{"line":38,"column":6},"end":{"line":38,"column":67}},"type":"binary-expr","locations":[{"start":{"line":38,"column":6},"end":{"line":38,"column":21}},{"start":{"line":38,"column":25},"end":{"line":38,"column":67}}],"line":38},"4":{"loc":{"start":{"line":76,"column":7},"end":{"line":81,"column":7}},"type":"binary-expr","locations":[{"start":{"line":76,"column":8},"end":{"line":76,"column":18}},{"start":{"line":76,"column":22},"end":{"line":76,"column":27}},{"start":{"line":77,"column":8},"end":{"line":80,"column":14}}],"line":76},"5":{"loc":{"start":{"line":79,"column":34},"end":{"line":79,"column":53}},"type":"binary-expr","locations":[{"start":{"line":79,"column":34},"end":{"line":79,"column":44}},{"start":{"line":79,"column":48},"end":{"line":79,"column":53}}],"line":79},"6":{"loc":{"start":{"line":83,"column":7},"end":{"line":87,"column":7}},"type":"binary-expr","locations":[{"start":{"line":83,"column":7},"end":{"line":83,"column":14}},{"start":{"line":84,"column":8},"end":{"line":86,"column":14}}],"line":83}},"s":{"0":0,"1":0,"2":0,"3":0,"4":0,"5":0,"6":0,"7":0,"8":0,"9":0,"10":0,"11":0,"12":0,"13":0,"14":0,"15":0,"16":0,"17":0,"18":0,"19":0},"f":{"0":0,"1":0,"2":0},"b":{"0":[0,0],"1":[0,0],"2":[0,0],"3":[0,0],"4":[0,0,0],"5":[0,0],"6":[0,0]}}
,"/Users/kokiriho/Documents/Projects/pfwise/portfolio-manager/frontend/webapp/src/components/auth/LoginButton.jsx": {"path":"/Users/kokiriho/Documents/Projects/pfwise/portfolio-manager/frontend/webapp/src/components/auth/LoginButton.jsx","statementMap":{"0":{"start":{"line":27,"column":27},"end":{"line":149,"column":1}},"1":{"start":{"line":28,"column":65},"end":{"line":28,"column":74}},"2":{"start":{"line":29,"column":30},"end":{"line":29,"column":51}},"3":{"start":{"line":30,"column":38},"end":{"line":30,"column":52}},"4":{"start":{"line":32,"column":28},"end":{"line":103,"column":3}},"5":{"start":{"line":33,"column":4},"end":{"line":35,"column":5}},"6":{"start":{"line":34,"column":6},"end":{"line":34,"column":37}},"7":{"start":{"line":38,"column":4},"end":{"line":42,"column":5}},"8":{"start":{"line":39,"column":6},"end":{"line":39,"column":63}},"9":{"start":{"line":40,"column":6},"end":{"line":40,"column":39}},"10":{"start":{"line":41,"column":6},"end":{"line":41,"column":13}},"11":{"start":{"line":44,"column":4},"end":{"line":102,"column":5}},"12":{"start":{"line":45,"column":21},"end":{"line":45,"column":62}},"13":{"start":{"line":47,"column":6},"end":{"line":97,"column":7}},"14":{"start":{"line":48,"column":8},"end":{"line":48,"column":45}},"15":{"start":{"line":49,"column":8},"end":{"line":49,"column":39}},"16":{"start":{"line":51,"column":8},"end":{"line":51,"column":30}},"17":{"start":{"line":52,"column":8},"end":{"line":52,"column":28}},"18":{"start":{"line":55,"column":8},"end":{"line":96,"column":9}},"19":{"start":{"line":56,"column":10},"end":{"line":56,"column":46}},"20":{"start":{"line":57,"column":10},"end":{"line":59,"column":11}},"21":{"start":{"line":58,"column":12},"end":{"line":58,"column":75}},"22":{"start":{"line":61,"column":10},"end":{"line":61,"column":54}},"23":{"start":{"line":64,"column":10},"end":{"line":64,"column":53}},"24":{"start":{"line":67,"column":10},"end":{"line":69,"column":11}},"25":{"start":{"line":68,"column":12},"end":{"line":68,"column":64}},"26":{"start":{"line":71,"column":10},"end":{"line":95,"column":19}},"27":{"start":{"line":72,"column":12},"end":{"line":94,"column":13}},"28":{"start":{"line":73,"column":14},"end":{"line":87,"column":15}},"29":{"start":{"line":74,"column":16},"end":{"line":74,"column":48}},"30":{"start":{"line":75,"column":37},"end":{"line":75,"column":62}},"31":{"start":{"line":76,"column":16},"end":{"line":84,"column":17}},"32":{"start":{"line":77,"column":18},"end":{"line":77,"column":51}},"33":{"start":{"line":80,"column":18},"end":{"line":80,"column":52}},"34":{"start":{"line":81,"column":18},"end":{"line":83,"column":19}},"35":{"start":{"line":82,"column":20},"end":{"line":82,"column":89}},"36":{"start":{"line":86,"column":16},"end":{"line":86,"column":50}},"37":{"start":{"line":89,"column":14},"end":{"line":89,"column":62}},"38":{"start":{"line":91,"column":14},"end":{"line":93,"column":15}},"39":{"start":{"line":92,"column":16},"end":{"line":92,"column":85}},"40":{"start":{"line":99,"column":6},"end":{"line":99,"column":48}},"41":{"start":{"line":100,"column":22},"end":{"line":100,"column":46}},"42":{"start":{"line":101,"column":6},"end":{"line":101,"column":43}},"43":{"start":{"line":105,"column":2},"end":{"line":148,"column":4}},"44":{"start":{"line":118,"column":12},"end":{"line":118,"column":47}},"45":{"start":{"line":119,"column":12},"end":{"line":119,"column":47}},"46":{"start":{"line":151,"column":20},"end":{"line":170,"column":1}},"47":{"start":{"line":152,"column":29},"end":{"line":152,"column":38}},"48":{"start":{"line":155,"column":2},"end":{"line":163,"column":3}},"49":{"start":{"line":156,"column":4},"end":{"line":162,"column":6}},"50":{"start":{"line":165,"column":2},"end":{"line":169,"column":4}}},"fnMap":{"0":{"name":"(anonymous_0)","decl":{"start":{"line":27,"column":27},"end":{"line":27,"column":28}},"loc":{"start":{"line":27,"column":33},"end":{"line":149,"column":1}},"line":27},"1":{"name":"(anonymous_1)","decl":{"start":{"line":32,"column":28},"end":{"line":32,"column":29}},"loc":{"start":{"line":32,"column":58},"end":{"line":103,"column":3}},"line":32},"2":{"name":"(anonymous_2)","decl":{"start":{"line":71,"column":21},"end":{"line":71,"column":22}},"loc":{"start":{"line":71,"column":33},"end":{"line":95,"column":11}},"line":71},"3":{"name":"(anonymous_3)","decl":{"start":{"line":117,"column":19},"end":{"line":117,"column":20}},"loc":{"start":{"line":117,"column":25},"end":{"line":120,"column":11}},"line":117},"4":{"name":"(anonymous_4)","decl":{"start":{"line":151,"column":20},"end":{"line":151,"column":21}},"loc":{"start":{"line":151,"column":26},"end":{"line":170,"column":1}},"line":151}},"branchMap":{"0":{"loc":{"start":{"line":33,"column":4},"end":{"line":35,"column":5}},"type":"if","locations":[{"start":{"line":33,"column":4},"end":{"line":35,"column":5}},{"start":{},"end":{}}],"line":33},"1":{"loc":{"start":{"line":38,"column":4},"end":{"line":42,"column":5}},"type":"if","locations":[{"start":{"line":38,"column":4},"end":{"line":42,"column":5}},{"start":{},"end":{}}],"line":38},"2":{"loc":{"start":{"line":38,"column":8},"end":{"line":38,"column":66}},"type":"binary-expr","locations":[{"start":{"line":38,"column":8},"end":{"line":38,"column":38}},{"start":{"line":38,"column":42},"end":{"line":38,"column":66}}],"line":38},"3":{"loc":{"start":{"line":47,"column":6},"end":{"line":97,"column":7}},"type":"if","locations":[{"start":{"line":47,"column":6},"end":{"line":97,"column":7}},{"start":{"line":50,"column":13},"end":{"line":97,"column":7}}],"line":47},"4":{"loc":{"start":{"line":47,"column":10},"end":{"line":47,"column":36}},"type":"binary-expr","locations":[{"start":{"line":47,"column":10},"end":{"line":47,"column":17}},{"start":{"line":47,"column":21},"end":{"line":47,"column":36}}],"line":47},"5":{"loc":{"start":{"line":55,"column":8},"end":{"line":96,"column":9}},"type":"if","locations":[{"start":{"line":55,"column":8},"end":{"line":96,"column":9}},{"start":{"line":60,"column":15},"end":{"line":96,"column":9}}],"line":55},"6":{"loc":{"start":{"line":57,"column":10},"end":{"line":59,"column":11}},"type":"if","locations":[{"start":{"line":57,"column":10},"end":{"line":59,"column":11}},{"start":{},"end":{}}],"line":57},"7":{"loc":{"start":{"line":67,"column":10},"end":{"line":69,"column":11}},"type":"if","locations":[{"start":{"line":67,"column":10},"end":{"line":69,"column":11}},{"start":{},"end":{}}],"line":67},"8":{"loc":{"start":{"line":73,"column":14},"end":{"line":87,"column":15}},"type":"if","locations":[{"start":{"line":73,"column":14},"end":{"line":87,"column":15}},{"start":{"line":85,"column":21},"end":{"line":87,"column":15}}],"line":73},"9":{"loc":{"start":{"line":76,"column":16},"end":{"line":84,"column":17}},"type":"if","locations":[{"start":{"line":76,"column":16},"end":{"line":84,"column":17}},{"start":{"line":79,"column":23},"end":{"line":84,"column":17}}],"line":76},"10":{"loc":{"start":{"line":81,"column":18},"end":{"line":83,"column":19}},"type":"if","locations":[{"start":{"line":81,"column":18},"end":{"line":83,"column":19}},{"start":{},"end":{}}],"line":81},"11":{"loc":{"start":{"line":91,"column":14},"end":{"line":93,"column":15}},"type":"if","locations":[{"start":{"line":91,"column":14},"end":{"line":93,"column":15}},{"start":{},"end":{}}],"line":91},"12":{"loc":{"start":{"line":100,"column":22},"end":{"line":100,"column":46}},"type":"binary-expr","locations":[{"start":{"line":100,"column":22},"end":{"line":100,"column":34}},{"start":{"line":100,"column":38},"end":{"line":100,"column":46}}],"line":100},"13":{"loc":{"start":{"line":129,"column":7},"end":{"line":134,"column":7}},"type":"binary-expr","locations":[{"start":{"line":129,"column":8},"end":{"line":129,"column":18}},{"start":{"line":129,"column":22},"end":{"line":129,"column":27}},{"start":{"line":130,"column":8},"end":{"line":133,"column":14}}],"line":129},"14":{"loc":{"start":{"line":132,"column":34},"end":{"line":132,"column":53}},"type":"binary-expr","locations":[{"start":{"line":132,"column":34},"end":{"line":132,"column":44}},{"start":{"line":132,"column":48},"end":{"line":132,"column":53}}],"line":132},"15":{"loc":{"start":{"line":136,"column":7},"end":{"line":140,"column":7}},"type":"binary-expr","locations":[{"start":{"line":136,"column":7},"end":{"line":136,"column":14}},{"start":{"line":137,"column":8},"end":{"line":139,"column":14}}],"line":136},"16":{"loc":{"start":{"line":155,"column":2},"end":{"line":163,"column":3}},"type":"if","locations":[{"start":{"line":155,"column":2},"end":{"line":163,"column":3}},{"start":{},"end":{}}],"line":155},"17":{"loc":{"start":{"line":155,"column":6},"end":{"line":155,"column":107}},"type":"binary-expr","locations":[{"start":{"line":155,"column":6},"end":{"line":155,"column":21}},{"start":{"line":155,"column":25},"end":{"line":155,"column":67}},{"start":{"line":155,"column":71},"end":{"line":155,"column":107}}],"line":155}},"s":{"0":0,"1":0,"2":0,"3":0,"4":0,"5":0,"6":0,"7":0,"8":0,"9":0,"10":0,"11":0,"12":0,"13":0,"14":0,"15":0,"16":0,"17":0,"18":0,"19":0,"20":0,"21":0,"22":0,"23":0,"24":0,"25":0,"26":0,"27":0,"28":0,"29":0,"30":0,"31":0,"32":0,"33":0,"34":0,"35":0,"36":0,"37":0,"38":0,"39":0,"40":0,"41":0,"42":0,"43":0,"44":0,"45":0,"46":0,"47":0,"48":0,"49":0,"50":0},"f":{"0":0,"1":0,"2":0,"3":0,"4":0},"b":{"0":[0,0],"1":[0,0],"2":[0,0],"3":[0,0],"4":[0,0],"5":[0,0],"6":[0,0],"7":[0,0],"8":[0,0],"9":[0,0],"10":[0,0],"11":[0,0],"12":[0,0],"13":[0,0,0],"14":[0,0],"15":[0,0],"16":[0,0],"17":[0,0,0]}}
,"/Users/kokiriho/Documents/Projects/pfwise/portfolio-manager/frontend/webapp/src/components/auth/OAuthLoginButton.jsx": {"path":"/Users/kokiriho/Documents/Projects/pfwise/portfolio-manager/frontend/webapp/src/components/auth/OAuthLoginButton.jsx","statementMap":{"0":{"start":{"line":18,"column":24},"end":{"line":24,"column":11}},"1":{"start":{"line":27,"column":23},"end":{"line":32,"column":1}},"2":{"start":{"line":34,"column":25},"end":{"line":229,"column":1}},"3":{"start":{"line":35,"column":79},"end":{"line":35,"column":88}},"4":{"start":{"line":36,"column":30},"end":{"line":36,"column":51}},"5":{"start":{"line":37,"column":38},"end":{"line":37,"column":52}},"6":{"start":{"line":38,"column":42},"end":{"line":38,"column":57}},"7":{"start":{"line":39,"column":44},"end":{"line":39,"column":59}},"8":{"start":{"line":42,"column":25},"end":{"line":45,"column":3}},"9":{"start":{"line":43,"column":20},"end":{"line":43,"column":42}},"10":{"start":{"line":44,"column":4},"end":{"line":44,"column":45}},"11":{"start":{"line":48,"column":27},"end":{"line":61,"column":3}},"12":{"start":{"line":49,"column":24},"end":{"line":49,"column":40}},"13":{"start":{"line":50,"column":19},"end":{"line":57,"column":6}},"14":{"start":{"line":59,"column":4},"end":{"line":59,"column":56}},"15":{"start":{"line":60,"column":4},"end":{"line":60,"column":79}},"16":{"start":{"line":64,"column":2},"end":{"line":116,"column":72}},"17":{"start":{"line":65,"column":27},"end":{"line":113,"column":5}},"18":{"start":{"line":66,"column":24},"end":{"line":66,"column":67}},"19":{"start":{"line":67,"column":19},"end":{"line":67,"column":40}},"20":{"start":{"line":68,"column":20},"end":{"line":68,"column":42}},"21":{"start":{"line":70,"column":6},"end":{"line":76,"column":7}},"22":{"start":{"line":71,"column":8},"end":{"line":71,"column":45}},"23":{"start":{"line":72,"column":8},"end":{"line":72,"column":39}},"24":{"start":{"line":74,"column":8},"end":{"line":74,"column":82}},"25":{"start":{"line":75,"column":8},"end":{"line":75,"column":15}},"26":{"start":{"line":78,"column":6},"end":{"line":112,"column":7}},"27":{"start":{"line":80,"column":8},"end":{"line":80,"column":82}},"28":{"start":{"line":83,"column":8},"end":{"line":83,"column":31}},"29":{"start":{"line":84,"column":8},"end":{"line":84,"column":30}},"30":{"start":{"line":85,"column":8},"end":{"line":85,"column":75}},"31":{"start":{"line":86,"column":8},"end":{"line":86,"column":73}},"32":{"start":{"line":88,"column":8},"end":{"line":109,"column":9}},"33":{"start":{"line":90,"column":30},"end":{"line":90,"column":46}},"34":{"start":{"line":91,"column":10},"end":{"line":91,"column":76}},"35":{"start":{"line":92,"column":25},"end":{"line":92,"column":69}},"36":{"start":{"line":94,"column":10},"end":{"line":103,"column":11}},"37":{"start":{"line":95,"column":12},"end":{"line":95,"column":45}},"38":{"start":{"line":96,"column":12},"end":{"line":98,"column":13}},"39":{"start":{"line":97,"column":14},"end":{"line":97,"column":77}},"40":{"start":{"line":100,"column":12},"end":{"line":100,"column":65}},"41":{"start":{"line":102,"column":12},"end":{"line":102,"column":37}},"42":{"start":{"line":105,"column":10},"end":{"line":105,"column":43}},"43":{"start":{"line":106,"column":10},"end":{"line":106,"column":54}},"44":{"start":{"line":108,"column":10},"end":{"line":108,"column":33}},"45":{"start":{"line":110,"column":13},"end":{"line":112,"column":7}},"46":{"start":{"line":111,"column":8},"end":{"line":111,"column":74}},"47":{"start":{"line":115,"column":4},"end":{"line":115,"column":21}},"48":{"start":{"line":119,"column":27},"end":{"line":131,"column":3}},"49":{"start":{"line":120,"column":4},"end":{"line":130,"column":5}},"50":{"start":{"line":121,"column":6},"end":{"line":121,"column":56}},"51":{"start":{"line":123,"column":6},"end":{"line":125,"column":15}},"52":{"start":{"line":124,"column":8},"end":{"line":124,"column":50}},"53":{"start":{"line":126,"column":11},"end":{"line":130,"column":5}},"54":{"start":{"line":127,"column":6},"end":{"line":127,"column":58}},"55":{"start":{"line":129,"column":6},"end":{"line":129,"column":76}},"56":{"start":{"line":134,"column":22},"end":{"line":167,"column":3}},"57":{"start":{"line":135,"column":4},"end":{"line":135,"column":41}},"58":{"start":{"line":136,"column":4},"end":{"line":142,"column":7}},"59":{"start":{"line":144,"column":24},"end":{"line":144,"column":40}},"60":{"start":{"line":145,"column":4},"end":{"line":145,"column":55}},"61":{"start":{"line":146,"column":4},"end":{"line":146,"column":53}},"62":{"start":{"line":148,"column":20},"end":{"line":148,"column":38}},"63":{"start":{"line":149,"column":4},"end":{"line":149,"column":44}},"64":{"start":{"line":152,"column":4},"end":{"line":163,"column":5}},"65":{"start":{"line":153,"column":18},"end":{"line":153,"column":34}},"66":{"start":{"line":154,"column":21},"end":{"line":154,"column":52}},"67":{"start":{"line":155,"column":6},"end":{"line":160,"column":9}},"68":{"start":{"line":162,"column":6},"end":{"line":162,"column":53}},"69":{"start":{"line":165,"column":4},"end":{"line":165,"column":50}},"70":{"start":{"line":166,"column":4},"end":{"line":166,"column":35}},"71":{"start":{"line":170,"column":2},"end":{"line":176,"column":3}},"72":{"start":{"line":171,"column":4},"end":{"line":175,"column":6}},"73":{"start":{"line":179,"column":2},"end":{"line":187,"column":3}},"74":{"start":{"line":180,"column":4},"end":{"line":186,"column":6}},"75":{"start":{"line":189,"column":2},"end":{"line":228,"column":4}}},"fnMap":{"0":{"name":"(anonymous_0)","decl":{"start":{"line":34,"column":25},"end":{"line":34,"column":26}},"loc":{"start":{"line":34,"column":31},"end":{"line":229,"column":1}},"line":34},"1":{"name":"(anonymous_1)","decl":{"start":{"line":42,"column":25},"end":{"line":42,"column":26}},"loc":{"start":{"line":42,"column":31},"end":{"line":45,"column":3}},"line":42},"2":{"name":"(anonymous_2)","decl":{"start":{"line":48,"column":27},"end":{"line":48,"column":28}},"loc":{"start":{"line":48,"column":33},"end":{"line":61,"column":3}},"line":48},"3":{"name":"(anonymous_3)","decl":{"start":{"line":64,"column":12},"end":{"line":64,"column":13}},"loc":{"start":{"line":64,"column":18},"end":{"line":116,"column":3}},"line":64},"4":{"name":"(anonymous_4)","decl":{"start":{"line":65,"column":27},"end":{"line":65,"column":28}},"loc":{"start":{"line":65,"column":39},"end":{"line":113,"column":5}},"line":65},"5":{"name":"(anonymous_5)","decl":{"start":{"line":119,"column":27},"end":{"line":119,"column":28}},"loc":{"start":{"line":119,"column":39},"end":{"line":131,"column":3}},"line":119},"6":{"name":"(anonymous_6)","decl":{"start":{"line":123,"column":17},"end":{"line":123,"column":18}},"loc":{"start":{"line":123,"column":23},"end":{"line":125,"column":7}},"line":123},"7":{"name":"(anonymous_7)","decl":{"start":{"line":134,"column":22},"end":{"line":134,"column":23}},"loc":{"start":{"line":134,"column":28},"end":{"line":167,"column":3}},"line":134}},"branchMap":{"0":{"loc":{"start":{"line":70,"column":6},"end":{"line":76,"column":7}},"type":"if","locations":[{"start":{"line":70,"column":6},"end":{"line":76,"column":7}},{"start":{},"end":{}}],"line":70},"1":{"loc":{"start":{"line":78,"column":6},"end":{"line":112,"column":7}},"type":"if","locations":[{"start":{"line":78,"column":6},"end":{"line":112,"column":7}},{"start":{"line":110,"column":13},"end":{"line":112,"column":7}}],"line":78},"2":{"loc":{"start":{"line":78,"column":10},"end":{"line":78,"column":32}},"type":"binary-expr","locations":[{"start":{"line":78,"column":10},"end":{"line":78,"column":14}},{"start":{"line":78,"column":18},"end":{"line":78,"column":32}}],"line":78},"3":{"loc":{"start":{"line":94,"column":10},"end":{"line":103,"column":11}},"type":"if","locations":[{"start":{"line":94,"column":10},"end":{"line":103,"column":11}},{"start":{"line":101,"column":17},"end":{"line":103,"column":11}}],"line":94},"4":{"loc":{"start":{"line":94,"column":14},"end":{"line":94,"column":38}},"type":"binary-expr","locations":[{"start":{"line":94,"column":14},"end":{"line":94,"column":20}},{"start":{"line":94,"column":24},"end":{"line":94,"column":38}}],"line":94},"5":{"loc":{"start":{"line":96,"column":12},"end":{"line":98,"column":13}},"type":"if","locations":[{"start":{"line":96,"column":12},"end":{"line":98,"column":13}},{"start":{},"end":{}}],"line":96},"6":{"loc":{"start":{"line":110,"column":13},"end":{"line":112,"column":7}},"type":"if","locations":[{"start":{"line":110,"column":13},"end":{"line":112,"column":7}},{"start":{},"end":{}}],"line":110},"7":{"loc":{"start":{"line":110,"column":17},"end":{"line":110,"column":38}},"type":"binary-expr","locations":[{"start":{"line":110,"column":17},"end":{"line":110,"column":21}},{"start":{"line":110,"column":25},"end":{"line":110,"column":38}}],"line":110},"8":{"loc":{"start":{"line":120,"column":4},"end":{"line":130,"column":5}},"type":"if","locations":[{"start":{"line":120,"column":4},"end":{"line":130,"column":5}},{"start":{"line":126,"column":11},"end":{"line":130,"column":5}}],"line":120},"9":{"loc":{"start":{"line":126,"column":11},"end":{"line":130,"column":5}},"type":"if","locations":[{"start":{"line":126,"column":11},"end":{"line":130,"column":5}},{"start":{"line":128,"column":11},"end":{"line":130,"column":5}}],"line":126},"10":{"loc":{"start":{"line":129,"column":20},"end":{"line":129,"column":74}},"type":"binary-expr","locations":[{"start":{"line":129,"column":20},"end":{"line":129,"column":42}},{"start":{"line":129,"column":46},"end":{"line":129,"column":74}}],"line":129},"11":{"loc":{"start":{"line":170,"column":2},"end":{"line":176,"column":3}},"type":"if","locations":[{"start":{"line":170,"column":2},"end":{"line":176,"column":3}},{"start":{},"end":{}}],"line":170},"12":{"loc":{"start":{"line":179,"column":2},"end":{"line":187,"column":3}},"type":"if","locations":[{"start":{"line":179,"column":2},"end":{"line":187,"column":3}},{"start":{},"end":{}}],"line":179},"13":{"loc":{"start":{"line":179,"column":6},"end":{"line":179,"column":107}},"type":"binary-expr","locations":[{"start":{"line":179,"column":6},"end":{"line":179,"column":21}},{"start":{"line":179,"column":25},"end":{"line":179,"column":67}},{"start":{"line":179,"column":71},"end":{"line":179,"column":107}}],"line":179},"14":{"loc":{"start":{"line":202,"column":20},"end":{"line":202,"column":43}},"type":"binary-expr","locations":[{"start":{"line":202,"column":20},"end":{"line":202,"column":27}},{"start":{"line":202,"column":31},"end":{"line":202,"column":43}}],"line":202},"15":{"loc":{"start":{"line":211,"column":11},"end":{"line":211,"column":72}},"type":"cond-expr","locations":[{"start":{"line":211,"column":37},"end":{"line":211,"column":45}},{"start":{"line":211,"column":48},"end":{"line":211,"column":72}}],"line":211},"16":{"loc":{"start":{"line":211,"column":11},"end":{"line":211,"column":34}},"type":"binary-expr","locations":[{"start":{"line":211,"column":11},"end":{"line":211,"column":18}},{"start":{"line":211,"column":22},"end":{"line":211,"column":34}}],"line":211},"17":{"loc":{"start":{"line":215,"column":7},"end":{"line":220,"column":7}},"type":"binary-expr","locations":[{"start":{"line":215,"column":8},"end":{"line":215,"column":18}},{"start":{"line":215,"column":22},"end":{"line":215,"column":27}},{"start":{"line":216,"column":8},"end":{"line":219,"column":14}}],"line":215},"18":{"loc":{"start":{"line":218,"column":34},"end":{"line":218,"column":53}},"type":"binary-expr","locations":[{"start":{"line":218,"column":34},"end":{"line":218,"column":44}},{"start":{"line":218,"column":48},"end":{"line":218,"column":53}}],"line":218}},"s":{"0":0,"1":0,"2":0,"3":0,"4":0,"5":0,"6":0,"7":0,"8":0,"9":0,"10":0,"11":0,"12":0,"13":0,"14":0,"15":0,"16":0,"17":0,"18":0,"19":0,"20":0,"21":0,"22":0,"23":0,"24":0,"25":0,"26":0,"27":0,"28":0,"29":0,"30":0,"31":0,"32":0,"33":0,"34":0,"35":0,"36":0,"37":0,"38":0,"39":0,"40":0,"41":0,"42":0,"43":0,"44":0,"45":0,"46":0,"47":0,"48":0,"49":0,"50":0,"51":0,"52":0,"53":0,"54":0,"55":0,"56":0,"57":0,"58":0,"59":0,"60":0,"61":0,"62":0,"63":0,"64":0,"65":0,"66":0,"67":0,"68":0,"69":0,"70":0,"71":0,"72":0,"73":0,"74":0,"75":0},"f":{"0":0,"1":0,"2":0,"3":0,"4":0,"5":0,"6":0,"7":0},"b":{"0":[0,0],"1":[0,0],"2":[0,0],"3":[0,0],"4":[0,0],"5":[0,0],"6":[0,0],"7":[0,0],"8":[0,0],"9":[0,0],"10":[0,0],"11":[0,0],"12":[0,0],"13":[0,0,0],"14":[0,0],"15":[0,0],"16":[0,0],"17":[0,0,0],"18":[0,0]}}
,"/Users/kokiriho/Documents/Projects/pfwise/portfolio-manager/frontend/webapp/src/components/auth/UserProfile.jsx": {"path":"/Users/kokiriho/Documents/Projects/pfwise/portfolio-manager/frontend/webapp/src/components/auth/UserProfile.jsx","statementMap":{"0":{"start":{"line":20,"column":20},"end":{"line":58,"column":1}},"1":{"start":{"line":21,"column":33},"end":{"line":21,"column":42}},"2":{"start":{"line":22,"column":42},"end":{"line":22,"column":57}},"3":{"start":{"line":24,"column":2},"end":{"line":24,"column":25}},"4":{"start":{"line":24,"column":13},"end":{"line":24,"column":25}},"5":{"start":{"line":26,"column":19},"end":{"line":35,"column":3}},"6":{"start":{"line":27,"column":4},"end":{"line":34,"column":5}},"7":{"start":{"line":28,"column":6},"end":{"line":28,"column":28}},"8":{"start":{"line":29,"column":6},"end":{"line":29,"column":27}},"9":{"start":{"line":31,"column":6},"end":{"line":31,"column":42}},"10":{"start":{"line":33,"column":6},"end":{"line":33,"column":29}},"11":{"start":{"line":37,"column":2},"end":{"line":57,"column":4}}},"fnMap":{"0":{"name":"(anonymous_0)","decl":{"start":{"line":20,"column":20},"end":{"line":20,"column":21}},"loc":{"start":{"line":20,"column":26},"end":{"line":58,"column":1}},"line":20},"1":{"name":"(anonymous_1)","decl":{"start":{"line":26,"column":19},"end":{"line":26,"column":20}},"loc":{"start":{"line":26,"column":31},"end":{"line":35,"column":3}},"line":26}},"branchMap":{"0":{"loc":{"start":{"line":24,"column":2},"end":{"line":24,"column":25}},"type":"if","locations":[{"start":{"line":24,"column":2},"end":{"line":24,"column":25}},{"start":{},"end":{}}],"line":24},"1":{"loc":{"start":{"line":39,"column":7},"end":{"line":45,"column":7}},"type":"binary-expr","locations":[{"start":{"line":39,"column":7},"end":{"line":39,"column":19}},{"start":{"line":40,"column":8},"end":{"line":44,"column":10}}],"line":39},"2":{"loc":{"start":{"line":53,"column":11},"end":{"line":53,"column":47}},"type":"cond-expr","locations":[{"start":{"line":53,"column":26},"end":{"line":53,"column":37}},{"start":{"line":53,"column":40},"end":{"line":53,"column":47}}],"line":53}},"s":{"0":0,"1":0,"2":0,"3":0,"4":0,"5":0,"6":0,"7":0,"8":0,"9":0,"10":0,"11":0},"f":{"0":0,"1":0},"b":{"0":[0,0],"1":[0,0],"2":[0,0]}}
,"/Users/kokiriho/Documents/Projects/pfwise/portfolio-manager/frontend/webapp/src/components/common/ContextConnector.js": {"path":"/Users/kokiriho/Documents/Projects/pfwise/portfolio-manager/frontend/webapp/src/components/common/ContextConnector.js","statementMap":{"0":{"start":{"line":21,"column":25},"end":{"line":32,"column":1}},"1":{"start":{"line":22,"column":15},"end":{"line":22,"column":24}},"2":{"start":{"line":23,"column":20},"end":{"line":23,"column":41}},"3":{"start":{"line":25,"column":2},"end":{"line":29,"column":24}},"4":{"start":{"line":26,"column":4},"end":{"line":28,"column":5}},"5":{"start":{"line":27,"column":6},"end":{"line":27,"column":45}},"6":{"start":{"line":31,"column":2},"end":{"line":31,"column":14}}},"fnMap":{"0":{"name":"(anonymous_0)","decl":{"start":{"line":21,"column":25},"end":{"line":21,"column":26}},"loc":{"start":{"line":21,"column":31},"end":{"line":32,"column":1}},"line":21},"1":{"name":"(anonymous_1)","decl":{"start":{"line":25,"column":12},"end":{"line":25,"column":13}},"loc":{"start":{"line":25,"column":18},"end":{"line":29,"column":3}},"line":25}},"branchMap":{"0":{"loc":{"start":{"line":26,"column":4},"end":{"line":28,"column":5}},"type":"if","locations":[{"start":{"line":26,"column":4},"end":{"line":28,"column":5}},{"start":{},"end":{}}],"line":26},"1":{"loc":{"start":{"line":26,"column":8},"end":{"line":26,"column":48}},"type":"binary-expr","locations":[{"start":{"line":26,"column":8},"end":{"line":26,"column":35}},{"start":{"line":26,"column":39},"end":{"line":26,"column":48}}],"line":26}},"s":{"0":0,"1":0,"2":0,"3":0,"4":0,"5":0,"6":0},"f":{"0":0,"1":0},"b":{"0":[0,0],"1":[0,0]}}
,"/Users/kokiriho/Documents/Projects/pfwise/portfolio-manager/frontend/webapp/src/components/common/DataSourceBadge.jsx": {"path":"/Users/kokiriho/Documents/Projects/pfwise/portfolio-manager/frontend/webapp/src/components/common/DataSourceBadge.jsx","statementMap":{"0":{"start":{"line":24,"column":24},"end":{"line":102,"column":1}},"1":{"start":{"line":26,"column":23},"end":{"line":75,"column":3}},"2":{"start":{"line":78,"column":17},"end":{"line":83,"column":3}},"3":{"start":{"line":86,"column":20},"end":{"line":86,"column":26}},"4":{"start":{"line":87,"column":2},"end":{"line":91,"column":3}},"5":{"start":{"line":88,"column":4},"end":{"line":88,"column":29}},"6":{"start":{"line":89,"column":9},"end":{"line":91,"column":3}},"7":{"start":{"line":90,"column":4},"end":{"line":90,"column":31}},"8":{"start":{"line":93,"column":2},"end":{"line":101,"column":4}}},"fnMap":{"0":{"name":"(anonymous_0)","decl":{"start":{"line":24,"column":24},"end":{"line":24,"column":25}},"loc":{"start":{"line":24,"column":57},"end":{"line":102,"column":1}},"line":24}},"branchMap":{"0":{"loc":{"start":{"line":24,"column":35},"end":{"line":24,"column":50}},"type":"default-arg","locations":[{"start":{"line":24,"column":46},"end":{"line":24,"column":50}}],"line":24},"1":{"loc":{"start":{"line":78,"column":17},"end":{"line":83,"column":3}},"type":"binary-expr","locations":[{"start":{"line":78,"column":17},"end":{"line":78,"column":37}},{"start":{"line":78,"column":41},"end":{"line":83,"column":3}}],"line":78},"2":{"loc":{"start":{"line":87,"column":2},"end":{"line":91,"column":3}},"type":"if","locations":[{"start":{"line":87,"column":2},"end":{"line":91,"column":3}},{"start":{"line":89,"column":9},"end":{"line":91,"column":3}}],"line":87},"3":{"loc":{"start":{"line":89,"column":9},"end":{"line":91,"column":3}},"type":"if","locations":[{"start":{"line":89,"column":9},"end":{"line":91,"column":3}},{"start":{},"end":{}}],"line":89},"4":{"loc":{"start":{"line":98,"column":7},"end":{"line":98,"column":62}},"type":"binary-expr","locations":[{"start":{"line":98,"column":7},"end":{"line":98,"column":15}},{"start":{"line":98,"column":19},"end":{"line":98,"column":62}}],"line":98}},"s":{"0":0,"1":0,"2":0,"3":0,"4":0,"5":0,"6":0,"7":0,"8":0},"f":{"0":0},"b":{"0":[0],"1":[0,0],"2":[0,0],"3":[0,0],"4":[0,0]}}
,"/Users/kokiriho/Documents/Projects/pfwise/portfolio-manager/frontend/webapp/src/components/common/ErrorBoundary.jsx": {"path":"/Users/kokiriho/Documents/Projects/pfwise/portfolio-manager/frontend/webapp/src/components/common/ErrorBoundary.jsx","statementMap":{"0":{"start":{"line":27,"column":4},"end":{"line":27,"column":17}},"1":{"start":{"line":28,"column":4},"end":{"line":28,"column":67}},"2":{"start":{"line":33,"column":4},"end":{"line":33,"column":37}},"3":{"start":{"line":38,"column":4},"end":{"line":38,"column":40}},"4":{"start":{"line":39,"column":4},"end":{"line":39,"column":33}},"5":{"start":{"line":43,"column":43},"end":{"line":43,"column":53}},"6":{"start":{"line":44,"column":35},"end":{"line":44,"column":45}},"7":{"start":{"line":46,"column":4},"end":{"line":83,"column":5}},"8":{"start":{"line":48,"column":6},"end":{"line":52,"column":7}},"9":{"start":{"line":49,"column":8},"end":{"line":51,"column":21}},"10":{"start":{"line":55,"column":24},"end":{"line":55,"column":44}},"11":{"start":{"line":56,"column":28},"end":{"line":56,"column":66}},"12":{"start":{"line":58,"column":6},"end":{"line":82,"column":8}},"13":{"start":{"line":85,"column":4},"end":{"line":85,"column":20}},"14":{"start":{"line":88,"column":15},"end":{"line":90,"column":3}},"15":{"start":{"line":89,"column":4},"end":{"line":89,"column":69}}},"fnMap":{"0":{"name":"(anonymous_0)","decl":{"start":{"line":26,"column":2},"end":{"line":26,"column":3}},"loc":{"start":{"line":26,"column":21},"end":{"line":29,"column":3}},"line":26},"1":{"name":"(anonymous_1)","decl":{"start":{"line":31,"column":2},"end":{"line":31,"column":3}},"loc":{"start":{"line":31,"column":41},"end":{"line":34,"column":3}},"line":31},"2":{"name":"(anonymous_2)","decl":{"start":{"line":36,"column":2},"end":{"line":36,"column":3}},"loc":{"start":{"line":36,"column":38},"end":{"line":40,"column":3}},"line":36},"3":{"name":"(anonymous_3)","decl":{"start":{"line":42,"column":2},"end":{"line":42,"column":3}},"loc":{"start":{"line":42,"column":11},"end":{"line":86,"column":3}},"line":42},"4":{"name":"(anonymous_4)","decl":{"start":{"line":88,"column":15},"end":{"line":88,"column":16}},"loc":{"start":{"line":88,"column":21},"end":{"line":90,"column":3}},"line":88}},"branchMap":{"0":{"loc":{"start":{"line":46,"column":4},"end":{"line":83,"column":5}},"type":"if","locations":[{"start":{"line":46,"column":4},"end":{"line":83,"column":5}},{"start":{},"end":{}}],"line":46},"1":{"loc":{"start":{"line":48,"column":6},"end":{"line":52,"column":7}},"type":"if","locations":[{"start":{"line":48,"column":6},"end":{"line":52,"column":7}},{"start":{},"end":{}}],"line":48},"2":{"loc":{"start":{"line":49,"column":15},"end":{"line":51,"column":20}},"type":"cond-expr","locations":[{"start":{"line":50,"column":12},"end":{"line":50,"column":55}},{"start":{"line":51,"column":12},"end":{"line":51,"column":20}}],"line":49},"3":{"loc":{"start":{"line":66,"column":11},"end":{"line":74,"column":11}},"type":"binary-expr","locations":[{"start":{"line":66,"column":11},"end":{"line":66,"column":24}},{"start":{"line":67,"column":12},"end":{"line":73,"column":22}}],"line":66},"4":{"loc":{"start":{"line":70,"column":17},"end":{"line":70,"column":42}},"type":"binary-expr","locations":[{"start":{"line":70,"column":17},"end":{"line":70,"column":22}},{"start":{"line":70,"column":26},"end":{"line":70,"column":42}}],"line":70},"5":{"loc":{"start":{"line":71,"column":17},"end":{"line":71,"column":54}},"type":"binary-expr","locations":[{"start":{"line":71,"column":17},"end":{"line":71,"column":26}},{"start":{"line":71,"column":30},"end":{"line":71,"column":54}}],"line":71}},"s":{"0":0,"1":0,"2":0,"3":0,"4":0,"5":0,"6":0,"7":0,"8":0,"9":0,"10":0,"11":0,"12":0,"13":0,"14":0,"15":0},"f":{"0":0,"1":0,"2":0,"3":0,"4":0},"b":{"0":[0,0],"1":[0,0],"2":[0,0],"3":[0,0],"4":[0,0],"5":[0,0]}}
,"/Users/kokiriho/Documents/Projects/pfwise/portfolio-manager/frontend/webapp/src/components/common/LanguageSwitcher.jsx": {"path":"/Users/kokiriho/Documents/Projects/pfwise/portfolio-manager/frontend/webapp/src/components/common/LanguageSwitcher.jsx","statementMap":{"0":{"start":{"line":4,"column":25},"end":{"line":49,"column":1}},"1":{"start":{"line":5,"column":19},"end":{"line":5,"column":35}},"2":{"start":{"line":7,"column":20},"end":{"line":10,"column":3}},"3":{"start":{"line":12,"column":26},"end":{"line":12,"column":93}},"4":{"start":{"line":12,"column":49},"end":{"line":12,"column":76}},"5":{"start":{"line":14,"column":31},"end":{"line":16,"column":3}},"6":{"start":{"line":15,"column":4},"end":{"line":15,"column":38}},"7":{"start":{"line":18,"column":2},"end":{"line":48,"column":4}},"8":{"start":{"line":30,"column":10},"end":{"line":44,"column":19}},"9":{"start":{"line":32,"column":27},"end":{"line":32,"column":62}}},"fnMap":{"0":{"name":"(anonymous_0)","decl":{"start":{"line":4,"column":25},"end":{"line":4,"column":26}},"loc":{"start":{"line":4,"column":31},"end":{"line":49,"column":1}},"line":4},"1":{"name":"(anonymous_1)","decl":{"start":{"line":12,"column":41},"end":{"line":12,"column":42}},"loc":{"start":{"line":12,"column":49},"end":{"line":12,"column":76}},"line":12},"2":{"name":"(anonymous_2)","decl":{"start":{"line":14,"column":31},"end":{"line":14,"column":32}},"loc":{"start":{"line":14,"column":49},"end":{"line":16,"column":3}},"line":14},"3":{"name":"(anonymous_3)","decl":{"start":{"line":29,"column":23},"end":{"line":29,"column":24}},"loc":{"start":{"line":30,"column":10},"end":{"line":44,"column":19}},"line":30},"4":{"name":"(anonymous_4)","decl":{"start":{"line":32,"column":21},"end":{"line":32,"column":22}},"loc":{"start":{"line":32,"column":27},"end":{"line":32,"column":62}},"line":32}},"branchMap":{"0":{"loc":{"start":{"line":12,"column":26},"end":{"line":12,"column":93}},"type":"binary-expr","locations":[{"start":{"line":12,"column":26},"end":{"line":12,"column":77}},{"start":{"line":12,"column":81},"end":{"line":12,"column":93}}],"line":12},"1":{"loc":{"start":{"line":34,"column":14},"end":{"line":34,"column":92}},"type":"cond-expr","locations":[{"start":{"line":34,"column":48},"end":{"line":34,"column":74}},{"start":{"line":34,"column":77},"end":{"line":34,"column":92}}],"line":34},"2":{"loc":{"start":{"line":39,"column":13},"end":{"line":43,"column":13}},"type":"binary-expr","locations":[{"start":{"line":39,"column":13},"end":{"line":39,"column":44}},{"start":{"line":40,"column":14},"end":{"line":42,"column":20}}],"line":39}},"s":{"0":0,"1":0,"2":0,"3":0,"4":0,"5":0,"6":0,"7":0,"8":0,"9":0},"f":{"0":0,"1":0,"2":0,"3":0,"4":0},"b":{"0":[0,0],"1":[0,0],"2":[0,0]}}
,"/Users/kokiriho/Documents/Projects/pfwise/portfolio-manager/frontend/webapp/src/components/common/ModernButton.jsx": {"path":"/Users/kokiriho/Documents/Projects/pfwise/portfolio-manager/frontend/webapp/src/components/common/ModernButton.jsx","statementMap":{"0":{"start":{"line":3,"column":21},"end":{"line":129,"column":1}},"1":{"start":{"line":15,"column":22},"end":{"line":15,"column":203}},"2":{"start":{"line":17,"column":19},"end":{"line":55,"column":3}},"3":{"start":{"line":57,"column":16},"end":{"line":63,"column":3}},"4":{"start":{"line":65,"column":25},"end":{"line":73,"column":3}},"5":{"start":{"line":75,"column":25},"end":{"line":96,"column":3}},"6":{"start":{"line":76,"column":4},"end":{"line":95,"column":10}},"7":{"start":{"line":99,"column":4},"end":{"line":108,"column":7}},"8":{"start":{"line":111,"column":18},"end":{"line":118,"column":3}},"9":{"start":{"line":120,"column":2},"end":{"line":128,"column":4}}},"fnMap":{"0":{"name":"(anonymous_0)","decl":{"start":{"line":3,"column":21},"end":{"line":3,"column":22}},"loc":{"start":{"line":14,"column":6},"end":{"line":129,"column":1}},"line":14},"1":{"name":"(anonymous_1)","decl":{"start":{"line":75,"column":25},"end":{"line":75,"column":26}},"loc":{"start":{"line":76,"column":4},"end":{"line":95,"column":10}},"line":76}},"branchMap":{"0":{"loc":{"start":{"line":5,"column":2},"end":{"line":5,"column":21}},"type":"default-arg","locations":[{"start":{"line":5,"column":12},"end":{"line":5,"column":21}}],"line":5},"1":{"loc":{"start":{"line":6,"column":2},"end":{"line":6,"column":13}},"type":"default-arg","locations":[{"start":{"line":6,"column":9},"end":{"line":6,"column":13}}],"line":6},"2":{"loc":{"start":{"line":7,"column":2},"end":{"line":7,"column":18}},"type":"default-arg","locations":[{"start":{"line":7,"column":12},"end":{"line":7,"column":18}}],"line":7},"3":{"loc":{"start":{"line":8,"column":2},"end":{"line":8,"column":17}},"type":"default-arg","locations":[{"start":{"line":8,"column":12},"end":{"line":8,"column":17}}],"line":8},"4":{"loc":{"start":{"line":9,"column":2},"end":{"line":9,"column":18}},"type":"default-arg","locations":[{"start":{"line":9,"column":13},"end":{"line":9,"column":18}}],"line":9},"5":{"loc":{"start":{"line":11,"column":2},"end":{"line":11,"column":23}},"type":"default-arg","locations":[{"start":{"line":11,"column":17},"end":{"line":11,"column":23}}],"line":11},"6":{"loc":{"start":{"line":12,"column":2},"end":{"line":12,"column":16}},"type":"default-arg","locations":[{"start":{"line":12,"column":14},"end":{"line":12,"column":16}}],"line":12},"7":{"loc":{"start":{"line":100,"column":7},"end":{"line":100,"column":36}},"type":"binary-expr","locations":[{"start":{"line":100,"column":7},"end":{"line":100,"column":14}},{"start":{"line":100,"column":18},"end":{"line":100,"column":36}}],"line":100},"8":{"loc":{"start":{"line":101,"column":7},"end":{"line":103,"column":7}},"type":"binary-expr","locations":[{"start":{"line":101,"column":7},"end":{"line":101,"column":15}},{"start":{"line":101,"column":19},"end":{"line":101,"column":23}},{"start":{"line":101,"column":27},"end":{"line":101,"column":50}},{"start":{"line":102,"column":8},"end":{"line":102,"column":44}}],"line":101},"9":{"loc":{"start":{"line":104,"column":7},"end":{"line":104,"column":27}},"type":"binary-expr","locations":[{"start":{"line":104,"column":7},"end":{"line":104,"column":15}},{"start":{"line":104,"column":19},"end":{"line":104,"column":27}}],"line":104},"10":{"loc":{"start":{"line":105,"column":7},"end":{"line":107,"column":7}},"type":"binary-expr","locations":[{"start":{"line":105,"column":7},"end":{"line":105,"column":15}},{"start":{"line":105,"column":19},"end":{"line":105,"column":23}},{"start":{"line":105,"column":27},"end":{"line":105,"column":51}},{"start":{"line":106,"column":8},"end":{"line":106,"column":44}}],"line":105},"11":{"loc":{"start":{"line":116,"column":6},"end":{"line":116,"column":34}},"type":"cond-expr","locations":[{"start":{"line":116,"column":16},"end":{"line":116,"column":29}},{"start":{"line":116,"column":32},"end":{"line":116,"column":34}}],"line":116},"12":{"loc":{"start":{"line":123,"column":16},"end":{"line":123,"column":35}},"type":"binary-expr","locations":[{"start":{"line":123,"column":16},"end":{"line":123,"column":24}},{"start":{"line":123,"column":28},"end":{"line":123,"column":35}}],"line":123}},"s":{"0":0,"1":0,"2":0,"3":0,"4":0,"5":0,"6":0,"7":0,"8":0,"9":0},"f":{"0":0,"1":0},"b":{"0":[0],"1":[0],"2":[0],"3":[0],"4":[0],"5":[0],"6":[0],"7":[0,0],"8":[0,0,0,0],"9":[0,0],"10":[0,0,0,0],"11":[0,0],"12":[0,0]}}
,"/Users/kokiriho/Documents/Projects/pfwise/portfolio-manager/frontend/webapp/src/components/common/ModernCard.jsx": {"path":"/Users/kokiriho/Documents/Projects/pfwise/portfolio-manager/frontend/webapp/src/components/common/ModernCard.jsx","statementMap":{"0":{"start":{"line":3,"column":19},"end":{"line":31,"column":1}},"1":{"start":{"line":14,"column":22},"end":{"line":24,"column":3}},"2":{"start":{"line":26,"column":2},"end":{"line":30,"column":4}},"3":{"start":{"line":33,"column":19},"end":{"line":37,"column":1}},"4":{"start":{"line":34,"column":2},"end":{"line":36,"column":8}},"5":{"start":{"line":39,"column":18},"end":{"line":52,"column":1}},"6":{"start":{"line":40,"column":22},"end":{"line":45,"column":3}},"7":{"start":{"line":47,"column":2},"end":{"line":51,"column":4}},"8":{"start":{"line":54,"column":20},"end":{"line":58,"column":1}},"9":{"start":{"line":55,"column":2},"end":{"line":57,"column":8}},"10":{"start":{"line":60,"column":19},"end":{"line":64,"column":1}},"11":{"start":{"line":61,"column":2},"end":{"line":63,"column":8}},"12":{"start":{"line":67,"column":18},"end":{"line":113,"column":1}},"13":{"start":{"line":75,"column":23},"end":{"line":79,"column":3}},"14":{"start":{"line":81,"column":22},"end":{"line":93,"column":3}},"15":{"start":{"line":82,"column":4},"end":{"line":88,"column":5}},"16":{"start":{"line":83,"column":6},"end":{"line":87,"column":21}},"17":{"start":{"line":89,"column":4},"end":{"line":91,"column":5}},"18":{"start":{"line":90,"column":6},"end":{"line":90,"column":23}},"19":{"start":{"line":92,"column":4},"end":{"line":92,"column":33}},"20":{"start":{"line":95,"column":2},"end":{"line":112,"column":4}},"21":{"start":{"line":116,"column":17},"end":{"line":130,"column":1}},"22":{"start":{"line":117,"column":23},"end":{"line":123,"column":3}},"23":{"start":{"line":125,"column":2},"end":{"line":129,"column":4}},"24":{"start":{"line":132,"column":0},"end":{"line":132,"column":31}},"25":{"start":{"line":133,"column":0},"end":{"line":133,"column":29}},"26":{"start":{"line":134,"column":0},"end":{"line":134,"column":33}},"27":{"start":{"line":135,"column":0},"end":{"line":135,"column":31}},"28":{"start":{"line":136,"column":0},"end":{"line":136,"column":29}},"29":{"start":{"line":137,"column":0},"end":{"line":137,"column":27}}},"fnMap":{"0":{"name":"(anonymous_0)","decl":{"start":{"line":3,"column":19},"end":{"line":3,"column":20}},"loc":{"start":{"line":13,"column":6},"end":{"line":31,"column":1}},"line":13},"1":{"name":"(anonymous_1)","decl":{"start":{"line":33,"column":19},"end":{"line":33,"column":20}},"loc":{"start":{"line":34,"column":2},"end":{"line":36,"column":8}},"line":34},"2":{"name":"(anonymous_2)","decl":{"start":{"line":39,"column":18},"end":{"line":39,"column":19}},"loc":{"start":{"line":39,"column":65},"end":{"line":52,"column":1}},"line":39},"3":{"name":"(anonymous_3)","decl":{"start":{"line":54,"column":20},"end":{"line":54,"column":21}},"loc":{"start":{"line":55,"column":2},"end":{"line":57,"column":8}},"line":55},"4":{"name":"(anonymous_4)","decl":{"start":{"line":60,"column":19},"end":{"line":60,"column":20}},"loc":{"start":{"line":61,"column":2},"end":{"line":63,"column":8}},"line":61},"5":{"name":"(anonymous_5)","decl":{"start":{"line":67,"column":18},"end":{"line":67,"column":19}},"loc":{"start":{"line":74,"column":6},"end":{"line":113,"column":1}},"line":74},"6":{"name":"(anonymous_6)","decl":{"start":{"line":81,"column":22},"end":{"line":81,"column":23}},"loc":{"start":{"line":81,"column":31},"end":{"line":93,"column":3}},"line":81},"7":{"name":"(anonymous_7)","decl":{"start":{"line":116,"column":17},"end":{"line":116,"column":18}},"loc":{"start":{"line":116,"column":66},"end":{"line":130,"column":1}},"line":116}},"branchMap":{"0":{"loc":{"start":{"line":5,"column":2},"end":{"line":5,"column":16}},"type":"default-arg","locations":[{"start":{"line":5,"column":14},"end":{"line":5,"column":16}}],"line":5},"1":{"loc":{"start":{"line":6,"column":2},"end":{"line":6,"column":14}},"type":"default-arg","locations":[{"start":{"line":6,"column":10},"end":{"line":6,"column":14}}],"line":6},"2":{"loc":{"start":{"line":7,"column":2},"end":{"line":7,"column":18}},"type":"default-arg","locations":[{"start":{"line":7,"column":13},"end":{"line":7,"column":18}}],"line":7},"3":{"loc":{"start":{"line":8,"column":2},"end":{"line":8,"column":17}},"type":"default-arg","locations":[{"start":{"line":8,"column":12},"end":{"line":8,"column":17}}],"line":8},"4":{"loc":{"start":{"line":9,"column":2},"end":{"line":9,"column":25}},"type":"default-arg","locations":[{"start":{"line":9,"column":12},"end":{"line":9,"column":25}}],"line":9},"5":{"loc":{"start":{"line":10,"column":2},"end":{"line":10,"column":15}},"type":"default-arg","locations":[{"start":{"line":10,"column":11},"end":{"line":10,"column":15}}],"line":10},"6":{"loc":{"start":{"line":18,"column":6},"end":{"line":18,"column":54}},"type":"cond-expr","locations":[{"start":{"line":18,"column":15},"end":{"line":18,"column":49}},{"start":{"line":18,"column":52},"end":{"line":18,"column":54}}],"line":18},"7":{"loc":{"start":{"line":19,"column":6},"end":{"line":19,"column":87}},"type":"cond-expr","locations":[{"start":{"line":19,"column":14},"end":{"line":19,"column":82}},{"start":{"line":19,"column":85},"end":{"line":19,"column":87}}],"line":19},"8":{"loc":{"start":{"line":20,"column":6},"end":{"line":20,"column":71}},"type":"cond-expr","locations":[{"start":{"line":20,"column":17},"end":{"line":20,"column":66}},{"start":{"line":20,"column":69},"end":{"line":20,"column":71}}],"line":20},"9":{"loc":{"start":{"line":21,"column":6},"end":{"line":21,"column":37}},"type":"cond-expr","locations":[{"start":{"line":21,"column":16},"end":{"line":21,"column":32}},{"start":{"line":21,"column":35},"end":{"line":21,"column":37}}],"line":21},"10":{"loc":{"start":{"line":33,"column":32},"end":{"line":33,"column":46}},"type":"default-arg","locations":[{"start":{"line":33,"column":44},"end":{"line":33,"column":46}}],"line":33},"11":{"loc":{"start":{"line":39,"column":31},"end":{"line":39,"column":45}},"type":"default-arg","locations":[{"start":{"line":39,"column":43},"end":{"line":39,"column":45}}],"line":39},"12":{"loc":{"start":{"line":39,"column":47},"end":{"line":39,"column":58}},"type":"default-arg","locations":[{"start":{"line":39,"column":54},"end":{"line":39,"column":58}}],"line":39},"13":{"loc":{"start":{"line":54,"column":33},"end":{"line":54,"column":47}},"type":"default-arg","locations":[{"start":{"line":54,"column":45},"end":{"line":54,"column":47}}],"line":54},"14":{"loc":{"start":{"line":60,"column":32},"end":{"line":60,"column":46}},"type":"default-arg","locations":[{"start":{"line":60,"column":44},"end":{"line":60,"column":46}}],"line":60},"15":{"loc":{"start":{"line":71,"column":2},"end":{"line":71,"column":24}},"type":"default-arg","locations":[{"start":{"line":71,"column":15},"end":{"line":71,"column":24}}],"line":71},"16":{"loc":{"start":{"line":72,"column":2},"end":{"line":72,"column":19}},"type":"default-arg","locations":[{"start":{"line":72,"column":11},"end":{"line":72,"column":19}}],"line":72},"17":{"loc":{"start":{"line":73,"column":2},"end":{"line":73,"column":16}},"type":"default-arg","locations":[{"start":{"line":73,"column":14},"end":{"line":73,"column":16}}],"line":73},"18":{"loc":{"start":{"line":82,"column":4},"end":{"line":88,"column":5}},"type":"if","locations":[{"start":{"line":82,"column":4},"end":{"line":88,"column":5}},{"start":{},"end":{}}],"line":82},"19":{"loc":{"start":{"line":89,"column":4},"end":{"line":91,"column":5}},"type":"if","locations":[{"start":{"line":89,"column":4},"end":{"line":91,"column":5}},{"start":{},"end":{}}],"line":89},"20":{"loc":{"start":{"line":100,"column":7},"end":{"line":104,"column":7}},"type":"binary-expr","locations":[{"start":{"line":100,"column":7},"end":{"line":100,"column":12}},{"start":{"line":101,"column":8},"end":{"line":103,"column":14}}],"line":100},"21":{"loc":{"start":{"line":105,"column":7},"end":{"line":110,"column":7}},"type":"binary-expr","locations":[{"start":{"line":105,"column":7},"end":{"line":105,"column":27}},{"start":{"line":106,"column":8},"end":{"line":109,"column":14}}],"line":105},"22":{"loc":{"start":{"line":107,"column":11},"end":{"line":107,"column":32}},"type":"cond-expr","locations":[{"start":{"line":107,"column":24},"end":{"line":107,"column":27}},{"start":{"line":107,"column":30},"end":{"line":107,"column":32}}],"line":107},"23":{"loc":{"start":{"line":108,"column":11},"end":{"line":108,"column":110}},"type":"cond-expr","locations":[{"start":{"line":108,"column":37},"end":{"line":108,"column":39}},{"start":{"line":108,"column":42},"end":{"line":108,"column":110}}],"line":108},"24":{"loc":{"start":{"line":108,"column":47},"end":{"line":108,"column":68}},"type":"cond-expr","locations":[{"start":{"line":108,"column":60},"end":{"line":108,"column":63}},{"start":{"line":108,"column":66},"end":{"line":108,"column":68}}],"line":108},"25":{"loc":{"start":{"line":116,"column":26},"end":{"line":116,"column":40}},"type":"default-arg","locations":[{"start":{"line":116,"column":38},"end":{"line":116,"column":40}}],"line":116},"26":{"loc":{"start":{"line":116,"column":42},"end":{"line":116,"column":59}},"type":"default-arg","locations":[{"start":{"line":116,"column":50},"end":{"line":116,"column":59}}],"line":116}},"s":{"0":0,"1":0,"2":0,"3":0,"4":0,"5":0,"6":0,"7":0,"8":0,"9":0,"10":0,"11":0,"12":0,"13":0,"14":0,"15":0,"16":0,"17":0,"18":0,"19":0,"20":0,"21":0,"22":0,"23":0,"24":0,"25":0,"26":0,"27":0,"28":0,"29":0},"f":{"0":0,"1":0,"2":0,"3":0,"4":0,"5":0,"6":0,"7":0},"b":{"0":[0],"1":[0],"2":[0],"3":[0],"4":[0],"5":[0],"6":[0,0],"7":[0,0],"8":[0,0],"9":[0,0],"10":[0],"11":[0],"12":[0],"13":[0],"14":[0],"15":[0],"16":[0],"17":[0],"18":[0,0],"19":[0,0],"20":[0,0],"21":[0,0],"22":[0,0],"23":[0,0],"24":[0,0],"25":[0],"26":[0]}}
,"/Users/kokiriho/Documents/Projects/pfwise/portfolio-manager/frontend/webapp/src/components/common/ModernForm.jsx": {"path":"/Users/kokiriho/Documents/Projects/pfwise/portfolio-manager/frontend/webapp/src/components/common/ModernForm.jsx","statementMap":{"0":{"start":{"line":6,"column":19},"end":{"line":48,"column":1}},"1":{"start":{"line":15,"column":23},"end":{"line":20,"column":3}},"2":{"start":{"line":16,"column":4},"end":{"line":16,"column":23}},"3":{"start":{"line":17,"column":4},"end":{"line":19,"column":5}},"4":{"start":{"line":18,"column":6},"end":{"line":18,"column":18}},"5":{"start":{"line":22,"column":2},"end":{"line":47,"column":4}},"6":{"start":{"line":51,"column":18},"end":{"line":77,"column":1}},"7":{"start":{"line":58,"column":2},"end":{"line":76,"column":4}},"8":{"start":{"line":80,"column":19},"end":{"line":180,"column":1}},"9":{"start":{"line":89,"column":36},"end":{"line":89,"column":57}},"10":{"start":{"line":90,"column":36},"end":{"line":90,"column":57}},"11":{"start":{"line":91,"column":19},"end":{"line":91,"column":37}},"12":{"start":{"line":93,"column":2},"end":{"line":98,"column":18}},"13":{"start":{"line":94,"column":4},"end":{"line":97,"column":5}},"14":{"start":{"line":95,"column":6},"end":{"line":95,"column":31}},"15":{"start":{"line":96,"column":6},"end":{"line":96,"column":32}},"16":{"start":{"line":100,"column":21},"end":{"line":105,"column":3}},"17":{"start":{"line":101,"column":4},"end":{"line":103,"column":5}},"18":{"start":{"line":102,"column":6},"end":{"line":102,"column":24}},"19":{"start":{"line":104,"column":4},"end":{"line":104,"column":24}},"20":{"start":{"line":107,"column":23},"end":{"line":113,"column":3}},"21":{"start":{"line":108,"column":4},"end":{"line":108,"column":24}},"22":{"start":{"line":109,"column":4},"end":{"line":109,"column":24}},"23":{"start":{"line":110,"column":4},"end":{"line":112,"column":5}},"24":{"start":{"line":111,"column":6},"end":{"line":111,"column":17}},"25":{"start":{"line":115,"column":24},"end":{"line":121,"column":3}},"26":{"start":{"line":116,"column":4},"end":{"line":120,"column":5}},"27":{"start":{"line":117,"column":6},"end":{"line":117,"column":19}},"28":{"start":{"line":118,"column":11},"end":{"line":120,"column":5}},"29":{"start":{"line":119,"column":6},"end":{"line":119,"column":21}},"30":{"start":{"line":123,"column":2},"end":{"line":129,"column":3}},"31":{"start":{"line":124,"column":4},"end":{"line":128,"column":6}},"32":{"start":{"line":131,"column":2},"end":{"line":168,"column":3}},"33":{"start":{"line":132,"column":4},"end":{"line":167,"column":6}},"34":{"start":{"line":138,"column":27},"end":{"line":138,"column":55}},"35":{"start":{"line":170,"column":2},"end":{"line":179,"column":4}},"36":{"start":{"line":173,"column":21},"end":{"line":173,"column":39}},"37":{"start":{"line":182,"column":0},"end":{"line":182,"column":29}},"38":{"start":{"line":183,"column":0},"end":{"line":183,"column":35}}},"fnMap":{"0":{"name":"(anonymous_0)","decl":{"start":{"line":6,"column":19},"end":{"line":6,"column":20}},"loc":{"start":{"line":14,"column":6},"end":{"line":48,"column":1}},"line":14},"1":{"name":"(anonymous_1)","decl":{"start":{"line":15,"column":23},"end":{"line":15,"column":24}},"loc":{"start":{"line":15,"column":30},"end":{"line":20,"column":3}},"line":15},"2":{"name":"(anonymous_2)","decl":{"start":{"line":51,"column":18},"end":{"line":51,"column":19}},"loc":{"start":{"line":57,"column":6},"end":{"line":77,"column":1}},"line":57},"3":{"name":"(anonymous_3)","decl":{"start":{"line":80,"column":19},"end":{"line":80,"column":20}},"loc":{"start":{"line":88,"column":6},"end":{"line":180,"column":1}},"line":88},"4":{"name":"(anonymous_4)","decl":{"start":{"line":93,"column":18},"end":{"line":93,"column":19}},"loc":{"start":{"line":93,"column":24},"end":{"line":98,"column":3}},"line":93},"5":{"name":"(anonymous_5)","decl":{"start":{"line":100,"column":21},"end":{"line":100,"column":22}},"loc":{"start":{"line":100,"column":27},"end":{"line":105,"column":3}},"line":100},"6":{"name":"(anonymous_6)","decl":{"start":{"line":107,"column":23},"end":{"line":107,"column":24}},"loc":{"start":{"line":107,"column":29},"end":{"line":113,"column":3}},"line":107},"7":{"name":"(anonymous_7)","decl":{"start":{"line":115,"column":24},"end":{"line":115,"column":25}},"loc":{"start":{"line":115,"column":31},"end":{"line":121,"column":3}},"line":115},"8":{"name":"(anonymous_8)","decl":{"start":{"line":138,"column":20},"end":{"line":138,"column":21}},"loc":{"start":{"line":138,"column":27},"end":{"line":138,"column":55}},"line":138},"9":{"name":"(anonymous_9)","decl":{"start":{"line":173,"column":15},"end":{"line":173,"column":16}},"loc":{"start":{"line":173,"column":21},"end":{"line":173,"column":39}},"line":173}},"branchMap":{"0":{"loc":{"start":{"line":10,"column":2},"end":{"line":10,"column":16}},"type":"default-arg","locations":[{"start":{"line":10,"column":14},"end":{"line":10,"column":16}}],"line":10},"1":{"loc":{"start":{"line":17,"column":4},"end":{"line":19,"column":5}},"type":"if","locations":[{"start":{"line":17,"column":4},"end":{"line":19,"column":5}},{"start":{},"end":{}}],"line":17},"2":{"loc":{"start":{"line":24,"column":7},"end":{"line":31,"column":7}},"type":"binary-expr","locations":[{"start":{"line":24,"column":7},"end":{"line":24,"column":12}},{"start":{"line":25,"column":8},"end":{"line":30,"column":28}}],"line":24},"3":{"loc":{"start":{"line":27,"column":11},"end":{"line":29,"column":11}},"type":"binary-expr","locations":[{"start":{"line":27,"column":11},"end":{"line":27,"column":22}},{"start":{"line":28,"column":12},"end":{"line":28,"column":76}}],"line":27},"4":{"loc":{"start":{"line":39,"column":7},"end":{"line":45,"column":7}},"type":"binary-expr","locations":[{"start":{"line":39,"column":7},"end":{"line":39,"column":14}},{"start":{"line":40,"column":8},"end":{"line":44,"column":28}}],"line":39},"5":{"loc":{"start":{"line":54,"column":2},"end":{"line":54,"column":18}},"type":"default-arg","locations":[{"start":{"line":54,"column":13},"end":{"line":54,"column":18}}],"line":54},"6":{"loc":{"start":{"line":55,"column":2},"end":{"line":55,"column":16}},"type":"default-arg","locations":[{"start":{"line":55,"column":14},"end":{"line":55,"column":16}}],"line":55},"7":{"loc":{"start":{"line":60,"column":7},"end":{"line":65,"column":7}},"type":"binary-expr","locations":[{"start":{"line":60,"column":7},"end":{"line":60,"column":12}},{"start":{"line":61,"column":8},"end":{"line":64,"column":16}}],"line":60},"8":{"loc":{"start":{"line":63,"column":11},"end":{"line":63,"column":70}},"type":"binary-expr","locations":[{"start":{"line":63,"column":11},"end":{"line":63,"column":19}},{"start":{"line":63,"column":23},"end":{"line":63,"column":70}}],"line":63},"9":{"loc":{"start":{"line":67,"column":7},"end":{"line":74,"column":7}},"type":"binary-expr","locations":[{"start":{"line":67,"column":7},"end":{"line":67,"column":12}},{"start":{"line":68,"column":8},"end":{"line":73,"column":12}}],"line":67},"10":{"loc":{"start":{"line":84,"column":2},"end":{"line":84,"column":15}},"type":"default-arg","locations":[{"start":{"line":84,"column":9},"end":{"line":84,"column":15}}],"line":84},"11":{"loc":{"start":{"line":86,"column":2},"end":{"line":86,"column":18}},"type":"default-arg","locations":[{"start":{"line":86,"column":13},"end":{"line":86,"column":18}}],"line":86},"12":{"loc":{"start":{"line":87,"column":2},"end":{"line":87,"column":16}},"type":"default-arg","locations":[{"start":{"line":87,"column":14},"end":{"line":87,"column":16}}],"line":87},"13":{"loc":{"start":{"line":94,"column":4},"end":{"line":97,"column":5}},"type":"if","locations":[{"start":{"line":94,"column":4},"end":{"line":97,"column":5}},{"start":{},"end":{}}],"line":94},"14":{"loc":{"start":{"line":94,"column":8},"end":{"line":94,"column":37}},"type":"binary-expr","locations":[{"start":{"line":94,"column":8},"end":{"line":94,"column":17}},{"start":{"line":94,"column":21},"end":{"line":94,"column":37}}],"line":94},"15":{"loc":{"start":{"line":101,"column":4},"end":{"line":103,"column":5}},"type":"if","locations":[{"start":{"line":101,"column":4},"end":{"line":103,"column":5}},{"start":{},"end":{}}],"line":101},"16":{"loc":{"start":{"line":110,"column":4},"end":{"line":112,"column":5}},"type":"if","locations":[{"start":{"line":110,"column":4},"end":{"line":112,"column":5}},{"start":{},"end":{}}],"line":110},"17":{"loc":{"start":{"line":116,"column":4},"end":{"line":120,"column":5}},"type":"if","locations":[{"start":{"line":116,"column":4},"end":{"line":120,"column":5}},{"start":{"line":118,"column":11},"end":{"line":120,"column":5}}],"line":116},"18":{"loc":{"start":{"line":118,"column":11},"end":{"line":120,"column":5}},"type":"if","locations":[{"start":{"line":118,"column":11},"end":{"line":120,"column":5}},{"start":{},"end":{}}],"line":118},"19":{"loc":{"start":{"line":123,"column":2},"end":{"line":129,"column":3}},"type":"if","locations":[{"start":{"line":123,"column":2},"end":{"line":129,"column":3}},{"start":{},"end":{}}],"line":123},"20":{"loc":{"start":{"line":131,"column":2},"end":{"line":168,"column":3}},"type":"if","locations":[{"start":{"line":131,"column":2},"end":{"line":168,"column":3}},{"start":{},"end":{}}],"line":131},"21":{"loc":{"start":{"line":177,"column":7},"end":{"line":177,"column":27}},"type":"binary-expr","locations":[{"start":{"line":177,"column":7},"end":{"line":177,"column":12}},{"start":{"line":177,"column":16},"end":{"line":177,"column":27}}],"line":177}},"s":{"0":0,"1":0,"2":0,"3":0,"4":0,"5":0,"6":0,"7":0,"8":0,"9":0,"10":0,"11":0,"12":0,"13":0,"14":0,"15":0,"16":0,"17":0,"18":0,"19":0,"20":0,"21":0,"22":0,"23":0,"24":0,"25":0,"26":0,"27":0,"28":0,"29":0,"30":0,"31":0,"32":0,"33":0,"34":0,"35":0,"36":0,"37":0,"38":0},"f":{"0":0,"1":0,"2":0,"3":0,"4":0,"5":0,"6":0,"7":0,"8":0,"9":0},"b":{"0":[0],"1":[0,0],"2":[0,0],"3":[0,0],"4":[0,0],"5":[0],"6":[0],"7":[0,0],"8":[0,0],"9":[0,0],"10":[0],"11":[0],"12":[0],"13":[0,0],"14":[0,0],"15":[0,0],"16":[0,0],"17":[0,0],"18":[0,0],"19":[0,0],"20":[0,0],"21":[0,0]}}
,"/Users/kokiriho/Documents/Projects/pfwise/portfolio-manager/frontend/webapp/src/components/common/ModernInput.jsx": {"path":"/Users/kokiriho/Documents/Projects/pfwise/portfolio-manager/frontend/webapp/src/components/common/ModernInput.jsx","statementMap":{"0":{"start":{"line":3,"column":20},"end":{"line":107,"column":2}},"1":{"start":{"line":15,"column":22},"end":{"line":20,"column":3}},"2":{"start":{"line":22,"column":19},"end":{"line":40,"column":3}},"3":{"start":{"line":42,"column":16},"end":{"line":46,"column":3}},"4":{"start":{"line":48,"column":20},"end":{"line":52,"column":3}},"5":{"start":{"line":54,"column":18},"end":{"line":62,"column":3}},"6":{"start":{"line":64,"column":2},"end":{"line":106,"column":4}},"7":{"start":{"line":109,"column":0},"end":{"line":109,"column":40}}},"fnMap":{"0":{"name":"(anonymous_0)","decl":{"start":{"line":3,"column":31},"end":{"line":3,"column":32}},"loc":{"start":{"line":14,"column":11},"end":{"line":107,"column":1}},"line":14}},"branchMap":{"0":{"loc":{"start":{"line":8,"column":2},"end":{"line":8,"column":23}},"type":"default-arg","locations":[{"start":{"line":8,"column":17},"end":{"line":8,"column":23}}],"line":8},"1":{"loc":{"start":{"line":9,"column":2},"end":{"line":9,"column":13}},"type":"default-arg","locations":[{"start":{"line":9,"column":9},"end":{"line":9,"column":13}}],"line":9},"2":{"loc":{"start":{"line":10,"column":2},"end":{"line":10,"column":21}},"type":"default-arg","locations":[{"start":{"line":10,"column":12},"end":{"line":10,"column":21}}],"line":10},"3":{"loc":{"start":{"line":11,"column":2},"end":{"line":11,"column":16}},"type":"default-arg","locations":[{"start":{"line":11,"column":14},"end":{"line":11,"column":16}}],"line":11},"4":{"loc":{"start":{"line":12,"column":2},"end":{"line":12,"column":25}},"type":"default-arg","locations":[{"start":{"line":12,"column":23},"end":{"line":12,"column":25}}],"line":12},"5":{"loc":{"start":{"line":58,"column":6},"end":{"line":58,"column":52}},"type":"cond-expr","locations":[{"start":{"line":58,"column":40},"end":{"line":58,"column":47}},{"start":{"line":58,"column":50},"end":{"line":58,"column":52}}],"line":58},"6":{"loc":{"start":{"line":58,"column":6},"end":{"line":58,"column":37}},"type":"binary-expr","locations":[{"start":{"line":58,"column":6},"end":{"line":58,"column":10}},{"start":{"line":58,"column":14},"end":{"line":58,"column":37}}],"line":58},"7":{"loc":{"start":{"line":59,"column":6},"end":{"line":59,"column":53}},"type":"cond-expr","locations":[{"start":{"line":59,"column":41},"end":{"line":59,"column":48}},{"start":{"line":59,"column":51},"end":{"line":59,"column":53}}],"line":59},"8":{"loc":{"start":{"line":59,"column":6},"end":{"line":59,"column":38}},"type":"binary-expr","locations":[{"start":{"line":59,"column":6},"end":{"line":59,"column":10}},{"start":{"line":59,"column":14},"end":{"line":59,"column":38}}],"line":59},"9":{"loc":{"start":{"line":60,"column":6},"end":{"line":60,"column":87}},"type":"cond-expr","locations":[{"start":{"line":60,"column":14},"end":{"line":60,"column":82}},{"start":{"line":60,"column":85},"end":{"line":60,"column":87}}],"line":60},"10":{"loc":{"start":{"line":66,"column":7},"end":{"line":70,"column":7}},"type":"binary-expr","locations":[{"start":{"line":66,"column":7},"end":{"line":66,"column":12}},{"start":{"line":67,"column":8},"end":{"line":69,"column":16}}],"line":66},"11":{"loc":{"start":{"line":73,"column":9},"end":{"line":82,"column":9}},"type":"binary-expr","locations":[{"start":{"line":73,"column":9},"end":{"line":73,"column":13}},{"start":{"line":74,"column":10},"end":{"line":81,"column":16}}],"line":73},"12":{"loc":{"start":{"line":75,"column":33},"end":{"line":75,"column":89}},"type":"cond-expr","locations":[{"start":{"line":75,"column":59},"end":{"line":75,"column":72}},{"start":{"line":75,"column":75},"end":{"line":75,"column":89}}],"line":75},"13":{"loc":{"start":{"line":91,"column":7},"end":{"line":98,"column":7}},"type":"binary-expr","locations":[{"start":{"line":91,"column":7},"end":{"line":91,"column":12}},{"start":{"line":92,"column":8},"end":{"line":97,"column":12}}],"line":91},"14":{"loc":{"start":{"line":100,"column":7},"end":{"line":104,"column":7}},"type":"binary-expr","locations":[{"start":{"line":100,"column":7},"end":{"line":100,"column":11}},{"start":{"line":100,"column":15},"end":{"line":100,"column":21}},{"start":{"line":101,"column":8},"end":{"line":103,"column":12}}],"line":100}},"s":{"0":0,"1":0,"2":0,"3":0,"4":0,"5":0,"6":0,"7":0},"f":{"0":0},"b":{"0":[0],"1":[0],"2":[0],"3":[0],"4":[0],"5":[0,0],"6":[0,0],"7":[0,0],"8":[0,0],"9":[0,0],"10":[0,0],"11":[0,0],"12":[0,0],"13":[0,0],"14":[0,0,0]}}
,"/Users/kokiriho/Documents/Projects/pfwise/portfolio-manager/frontend/webapp/src/components/common/ToastNotification.jsx": {"path":"/Users/kokiriho/Documents/Projects/pfwise/portfolio-manager/frontend/webapp/src/components/common/ToastNotification.jsx","statementMap":{"0":{"start":{"line":24,"column":26},"end":{"line":91,"column":1}},"1":{"start":{"line":31,"column":32},"end":{"line":31,"column":46}},"2":{"start":{"line":32,"column":19},"end":{"line":32,"column":31}},"3":{"start":{"line":35,"column":2},"end":{"line":49,"column":26}},"4":{"start":{"line":36,"column":4},"end":{"line":41,"column":5}},"5":{"start":{"line":37,"column":6},"end":{"line":40,"column":19}},"6":{"start":{"line":38,"column":8},"end":{"line":38,"column":26}},"7":{"start":{"line":39,"column":8},"end":{"line":39,"column":31}},"8":{"start":{"line":39,"column":21},"end":{"line":39,"column":31}},"9":{"start":{"line":43,"column":4},"end":{"line":48,"column":6}},"10":{"start":{"line":44,"column":6},"end":{"line":47,"column":7}},"11":{"start":{"line":45,"column":8},"end":{"line":45,"column":39}},"12":{"start":{"line":46,"column":8},"end":{"line":46,"column":32}},"13":{"start":{"line":52,"column":24},"end":{"line":54,"column":16}},"14":{"start":{"line":57,"column":21},"end":{"line":62,"column":3}},"15":{"start":{"line":64,"column":2},"end":{"line":64,"column":28}},"16":{"start":{"line":64,"column":16},"end":{"line":64,"column":28}},"17":{"start":{"line":66,"column":2},"end":{"line":90,"column":4}},"18":{"start":{"line":76,"column":16},"end":{"line":76,"column":34}},"19":{"start":{"line":77,"column":16},"end":{"line":77,"column":39}},"20":{"start":{"line":77,"column":29},"end":{"line":77,"column":39}}},"fnMap":{"0":{"name":"(anonymous_0)","decl":{"start":{"line":24,"column":26},"end":{"line":24,"column":27}},"loc":{"start":{"line":30,"column":6},"end":{"line":91,"column":1}},"line":30},"1":{"name":"(anonymous_1)","decl":{"start":{"line":35,"column":12},"end":{"line":35,"column":13}},"loc":{"start":{"line":35,"column":18},"end":{"line":49,"column":3}},"line":35},"2":{"name":"(anonymous_2)","decl":{"start":{"line":37,"column":36},"end":{"line":37,"column":37}},"loc":{"start":{"line":37,"column":42},"end":{"line":40,"column":7}},"line":37},"3":{"name":"(anonymous_3)","decl":{"start":{"line":43,"column":11},"end":{"line":43,"column":12}},"loc":{"start":{"line":43,"column":17},"end":{"line":48,"column":5}},"line":43},"4":{"name":"(anonymous_4)","decl":{"start":{"line":75,"column":23},"end":{"line":75,"column":24}},"loc":{"start":{"line":75,"column":29},"end":{"line":78,"column":15}},"line":75}},"branchMap":{"0":{"loc":{"start":{"line":26,"column":2},"end":{"line":26,"column":15}},"type":"default-arg","locations":[{"start":{"line":26,"column":9},"end":{"line":26,"column":15}}],"line":26},"1":{"loc":{"start":{"line":27,"column":2},"end":{"line":27,"column":17}},"type":"default-arg","locations":[{"start":{"line":27,"column":13},"end":{"line":27,"column":17}}],"line":27},"2":{"loc":{"start":{"line":29,"column":2},"end":{"line":29,"column":21}},"type":"default-arg","locations":[{"start":{"line":29,"column":13},"end":{"line":29,"column":21}}],"line":29},"3":{"loc":{"start":{"line":36,"column":4},"end":{"line":41,"column":5}
[...]
column":51}},"33":{"start":{"line":63,"column":10},"end":{"line":63,"column":26}},"34":{"start":{"line":65,"column":10},"end":{"line":65,"column":24}},"35":{"start":{"line":77,"column":2},"end":{"line":88,"column":4}},"36":{"start":{"line":78,"column":4},"end":{"line":85,"column":5}},"37":{"start":{"line":79,"column":6},"end":{"line":79,"column":24}},"38":{"start":{"line":80,"column":6},"end":{"line":80,"column":40}},"39":{"start":{"line":82,"column":6},"end":{"line":84,"column":16}},"40":{"start":{"line":83,"column":8},"end":{"line":83,"column":27}},"41":{"start":{"line":87,"column":4},"end":{"line":87,"column":22}},"42":{"start":{"line":95,"column":4},"end":{"line":100,"column":6}},"43":{"start":{"line":103,"column":4},"end":{"line":103,"column":37}},"44":{"start":{"line":104,"column":4},"end":{"line":104,"column":40}},"45":{"start":{"line":108,"column":18},"end":{"line":108,"column":61}},"46":{"start":{"line":109,"column":54},"end":{"line":109,"column":61}},"47":{"start":{"line":112,"column":24},"end":{"line":112,"column":52}},"48":{"start":{"line":113,"column":4},"end":{"line":115,"column":5}},"49":{"start":{"line":114,"column":6},"end":{"line":114,"column":69}},"50":{"start":{"line":114,"column":35},"end":{"line":114,"column":67}},"51":{"start":{"line":117,"column":4},"end":{"line":136,"column":5}},"52":{"start":{"line":118,"column":21},"end":{"line":118,"column":50}},"53":{"start":{"line":120,"column":6},"end":{"line":120,"column":33}},"54":{"start":{"line":121,"column":6},"end":{"line":121,"column":20}},"55":{"start":{"line":124,"column":6},"end":{"line":133,"column":7}},"56":{"start":{"line":125,"column":8},"end":{"line":125,"column":43}},"57":{"start":{"line":128,"column":27},"end":{"line":128,"column":67}},"58":{"start":{"line":129,"column":8},"end":{"line":129,"column":85}},"59":{"start":{"line":131,"column":8},"end":{"line":131,"column":70}},"60":{"start":{"line":131,"column":37},"end":{"line":131,"column":68}},"61":{"start":{"line":132,"column":8},"end":{"line":132,"column":82}},"62":{"start":{"line":135,"column":6},"end":{"line":135,"column":18}},"63":{"start":{"line":140,"column":4},"end":{"line":142,"column":63}},"64":{"start":{"line":146,"column":16},"end":{"line":146,"column":26}},"65":{"start":{"line":147,"column":19},"end":{"line":147,"column":58}},"66":{"start":{"line":148,"column":4},"end":{"line":148,"column":21}},"67":{"start":{"line":151,"column":23},"end":{"line":151,"column":36}},"68":{"start":{"line":152,"column":25},"end":{"line":152,"column":65}},"69":{"start":{"line":152,"column":47},"end":{"line":152,"column":64}},"70":{"start":{"line":153,"column":4},"end":{"line":153,"column":52}},"71":{"start":{"line":156,"column":30},"end":{"line":156,"column":71}},"72":{"start":{"line":157,"column":4},"end":{"line":157,"column":78}},"73":{"start":{"line":161,"column":4},"end":{"line":161,"column":44}},"74":{"start":{"line":165,"column":19},"end":{"line":165,"column":58}},"75":{"start":{"line":166,"column":4},"end":{"line":166,"column":38}},"76":{"start":{"line":166,"column":29},"end":{"line":166,"column":38}},"77":{"start":{"line":168,"column":22},"end":{"line":168,"column":47}},"78":{"start":{"line":169,"column":24},"end":{"line":169,"column":52}},"79":{"start":{"line":170,"column":23},"end":{"line":170,"column":64}},"80":{"start":{"line":171,"column":24},"end":{"line":171,"column":48}},"81":{"start":{"line":173,"column":31},"end":{"line":173,"column":53}},"82":{"start":{"line":174,"column":4},"end":{"line":174,"column":57}},"83":{"start":{"line":178,"column":25},"end":{"line":183,"column":5}},"84":{"start":{"line":185,"column":4},"end":{"line":185,"column":57}},"85":{"start":{"line":190,"column":23},"end":{"line":190,"column":63}},"86":{"start":{"line":191,"column":4},"end":{"line":193,"column":5}},"87":{"start":{"line":192,"column":6},"end":{"line":192,"column":41}},"88":{"start":{"line":196,"column":24},"end":{"line":196,"column":52}},"89":{"start":{"line":197,"column":23},"end":{"line":197,"column":64}},"90":{"start":{"line":198,"column":19},"end":{"line":198,"column":45}},"91":{"start":{"line":200,"column":4},"end":{"line":200,"column":57}},"92":{"start":{"line":205,"column":30},"end":{"line":205,"column":61}},"93":{"start":{"line":208,"column":42},"end":{"line":210,"column":8}},"94":{"start":{"line":209,"column":2},"end":{"line":209,"column":27}},"95":{"start":{"line":214,"column":18},"end":{"line":214,"column":20}},"96":{"start":{"line":216,"column":2},"end":{"line":226,"column":3}},"97":{"start":{"line":216,"column":15},"end":{"line":216,"column":16}},"98":{"start":{"line":217,"column":18},"end":{"line":217,"column":50}},"99":{"start":{"line":218,"column":25},"end":{"line":218,"column":74}},"100":{"start":{"line":218,"column":67},"end":{"line":218,"column":72}},"101":{"start":{"line":220,"column":4},"end":{"line":220,"column":34}},"102":{"start":{"line":223,"column":4},"end":{"line":225,"column":5}},"103":{"start":{"line":224,"column":6},"end":{"line":224,"column":63}},"104":{"start":{"line":224,"column":35},"end":{"line":224,"column":61}},"105":{"start":{"line":228,"column":2},"end":{"line":228,"column":17}},"106":{"start":{"line":234,"column":4},"end":{"line":234,"column":37}},"107":{"start":{"line":239,"column":4},"end":{"line":241,"column":5}},"108":{"start":{"line":240,"column":6},"end":{"line":240,"column":43}},"109":{"start":{"line":244,"column":20},"end":{"line":246,"column":6}},"110":{"start":{"line":245,"column":6},"end":{"line":245,"column":39}},"111":{"start":{"line":248,"column":4},"end":{"line":248,"column":43}},"112":{"start":{"line":249,"column":4},"end":{"line":249,"column":19}},"113":{"start":{"line":253,"column":35},"end":{"line":253,"column":60}}},"fnMap":{"0":{"name":"(anonymous_0)","decl":{"start":{"line":7,"column":2},"end":{"line":7,"column":3}},"loc":{"start":{"line":7,"column":49},"end":{"line":13,"column":3}},"line":7},"1":{"name":"(anonymous_1)","decl":{"start":{"line":15,"column":2},"end":{"line":15,"column":3}},"loc":{"start":{"line":15,"column":30},"end":{"line":21,"column":3}},"line":15},"2":{"name":"(anonymous_2)","decl":{"start":{"line":16,"column":23},"end":{"line":16,"column":24}},"loc":{"start":{"line":16,"column":44},"end":{"line":20,"column":5}},"line":16},"3":{"name":"(anonymous_3)","decl":{"start":{"line":18,"column":22},"end":{"line":18,"column":23}},"loc":{"start":{"line":18,"column":32},"end":{"line":18,"column":55}},"line":18},"4":{"name":"(anonymous_4)","decl":{"start":{"line":23,"column":2},"end":{"line":23,"column":3}},"loc":{"start":{"line":23,"column":23},"end":{"line":49,"column":3}},"line":23},"5":{"name":"(anonymous_5)","decl":{"start":{"line":32,"column":17},"end":{"line":32,"column":18}},"loc":{"start":{"line":32,"column":23},"end":{"line":32,"column":42}},"line":32},"6":{"name":"debounce","decl":{"start":{"line":53,"column":16},"end":{"line":53,"column":24}},"loc":{"start":{"line":53,"column":42},"end":{"line":70,"column":1}},"line":53},"7":{"name":"debounced","decl":{"start":{"line":56,"column":18},"end":{"line":56,"column":27}},"loc":{"start":{"line":56,"column":37},"end":{"line":69,"column":3}},"line":56},"8":{"name":"(anonymous_8)","decl":{"start":{"line":59,"column":23},"end":{"line":59,"column":24}},"loc":{"start":{"line":59,"column":44},"end":{"line":68,"column":5}},"line":59},"9":{"name":"(anonymous_9)","decl":{"start":{"line":60,"column":29},"end":{"line":60,"column":30}},"loc":{"start":{"line":60,"column":41},"end":{"line":67,"column":7}},"line":60},"10":{"name":"throttle","decl":{"start":{"line":73,"column":16},"end":{"line":73,"column":24}},"loc":{"start":{"line":73,"column":43},"end":{"line":89,"column":1}},"line":73},"11":{"name":"throttled","decl":{"start":{"line":77,"column":18},"end":{"line":77,"column":27}},"loc":{"start":{"line":77,"column":37},"end":{"line":88,"column":3}},"line":77},"12":{"name":"(anonymous_12)","decl":{"start":{"line":82,"column":17},"end":{"line":82,"column":18}},"loc":{"start":{"line":82,"column":23},"end":{"line":84,"column":7}},"line":82},"13":{"name":"(anonymous_13)","decl":{"start":{"line":93,"column":2},"end":{"line":93,"column":3}},"loc":{"start":{"line":93,"column":16},"end":{"line":105,"column":3}},"line":93},"14":{"name":"(anonymous_14)","decl":{"start":{"line":107,"column":2},"end":{"line":107,"column":3}},"loc":{"start":{"line":107,"column":43},"end":{"line":137,"column":3}},"line":107},"15":{"name":"(anonymous_15)","decl":{"start":{"line":114,"column":24},"end":{"line":114,"column":25}},"loc":{"start":{"line":114,"column":35},"end":{"line":114,"column":67}},"line":114},"16":{"name":"(anonymous_16)","decl":{"start":{"line":131,"column":26},"end":{"line":131,"column":27}},"loc":{"start":{"line":131,"column":37},"end":{"line":131,"column":68}},"line":131},"17":{"name":"(anonymous_17)","decl":{"start":{"line":139,"column":2},"end":{"line":139,"column":3}},"loc":{"start":{"line":139,"column":26},"end":{"line":143,"column":3}},"line":139},"18":{"name":"(anonymous_18)","decl":{"start":{"line":145,"column":2},"end":{"line":145,"column":3}},"loc":{"start":{"line":145,"column":32},"end":{"line":158,"column":3}},"line":145},"19":{"name":"(anonymous_19)","decl":{"start":{"line":152,"column":39},"end":{"line":152,"column":40}},"loc":{"start":{"line":152,"column":47},"end":{"line":152,"column":64}},"line":152},"20":{"name":"(anonymous_20)","decl":{"start":{"line":160,"column":2},"end":{"line":160,"column":3}},"loc":{"start":{"line":160,"column":24},"end":{"line":162,"column":3}},"line":160},"21":{"name":"(anonymous_21)","decl":{"start":{"line":164,"column":2},"end":{"line":164,"column":3}},"loc":{"start":{"line":164,"column":26},"end":{"line":175,"column":3}},"line":164},"22":{"name":"(anonymous_22)","decl":{"start":{"line":177,"column":2},"end":{"line":177,"column":3}},"loc":{"start":{"line":177,"column":26},"end":{"line":186,"column":3}},"line":177},"23":{"name":"(anonymous_23)","decl":{"start":{"line":188,"column":2},"end":{"line":188,"column":3}},"loc":{"start":{"line":188,"column":38},"end":{"line":201,"column":3}},"line":188},"24":{"name":"(anonymous_24)","decl":{"start":{"line":208,"column":51},"end":{"line":208,"column":52}},"loc":{"start":{"line":208,"column":72},"end":{"line":210,"column":1}},"line":208},"25":{"name":"batchRequests","decl":{"start":{"line":213,"column":22},"end":{"line":213,"column":35}},"loc":{"start":{"line":213,"column":75},"end":{"line":229,"column":1}},"line":213},"26":{"name":"(anonymous_26)","decl":{"start":{"line":218,"column":60},"end":{"line":218,"column":61}},"loc":{"start":{"line":218,"column":67},"end":{"line":218,"column":72}},"line":218},"27":{"name":"(anonymous_27)","decl":{"start":{"line":224,"column":24},"end":{"line":224,"column":25}},"loc":{"start":{"line":224,"column":35},"end":{"line":224,"column":61}},"line":224},"28":{"name":"(anonymous_28)","decl":{"start":{"line":233,"column":2},"end":{"line":233,"column":3}},"loc":{"start":{"line":233,"column":16},"end":{"line":235,"column":3}},"line":233},"29":{"name":"(anonymous_29)","decl":{"start":{"line":237,"column":2},"end":{"line":237,"column":3}},"loc":{"start":{"line":237,"column":24},"end":{"line":250,"column":3}},"line":237},"30":{"name":"(anonymous_30)","decl":{"start":{"line":244,"column":33},"end":{"line":244,"column":34}},"loc":{"start":{"line":244,"column":39},"end":{"line":246,"column":5}},"line":244}},"branchMap":{"0":{"loc":{"start":{"line":7,"column":14},"end":{"line":7,"column":31}},"type":"default-arg","locations":[{"start":{"line":7,"column":30},"end":{"line":7,"column":31}}],"line":7},"1":{"loc":{"start":{"line":7,"column":33},"end":{"line":7,"column":47}},"type":"default-arg","locations":[{"start":{"line":7,"column":44},"end":{"line":7,"column":47}}],"line":7},"2":{"loc":{"start":{"line":15,"column":16},"end":{"line":15,"column":28}},"type":"default-arg","locations":[{"start":{"line":15,"column":27},"end":{"line":15,"column":28}}],"line":15},"3":{"loc":{"start":{"line":24,"column":4},"end":{"line":26,"column":5}},"type":"if","locations":[{"start":{"line":24,"column":4},"end":{"line":26,"column":5}},{"start":{},"end":{}}],"line":24},"4":{"loc":{"start":{"line":24,"column":8},"end":{"line":24,"column":69}},"type":"binary-expr","locations":[{"start":{"line":24,"column":8},"end":{"line":24,"column":42}},{"start":{"line":24,"column":46},"end":{"line":24,"column":69}}],"line":24},"5":{"loc":{"start":{"line":31,"column":4},"end":{"line":34,"column":5}},"type":"if","locations":[{"start":{"line":31,"column":4},"end":{"line":34,"column":5}},{"start":{},"end":{}}],"line":31},"6":{"loc":{"start":{"line":53,"column":29},"end":{"line":53,"column":40}},"type":"default-arg","locations":[{"start":{"line":53,"column":37},"end":{"line":53,"column":40}}],"line":53},"7":{"loc":{"start":{"line":73,"column":29},"end":{"line":73,"column":41}},"type":"default-arg","locations":[{"start":{"line":73,"column":37},"end":{"line":73,"column":41}}],"line":73},"8":{"loc":{"start":{"line":78,"column":4},"end":{"line":85,"column":5}},"type":"if","locations":[{"start":{"line":78,"column":4},"end":{"line":85,"column":5}},{"start":{},"end":{}}],"line":78},"9":{"loc":{"start":{"line":107,"column":29},"end":{"line":107,"column":41}},"type":"default-arg","locations":[{"start":{"line":107,"column":39},"end":{"line":107,"column":41}}],"line":107},"10":{"loc":{"start":{"line":108,"column":18},"end":{"line":108,"column":61}},"type":"binary-expr","locations":[{"start":{"line":108,"column":18},"end":{"line":108,"column":38}},{"start":{"line":108,"column":42},"end":{"line":108,"column":61}}],"line":108},"11":{"loc":{"start":{"line":109,"column":12},"end":{"line":109,"column":24}},"type":"default-arg","locations":[{"start":{"line":109,"column":23},"end":{"line":109,"column":24}}],"line":109},"12":{"loc":{"start":{"line":109,"column":26},"end":{"line":109,"column":49}},"type":"default-arg","locations":[{"start":{"line":109,"column":45},"end":{"line":109,"column":49}}],"line":109},"13":{"loc":{"start":{"line":113,"column":4},"end":{"line":115,"column":5}},"type":"if","locations":[{"start":{"line":113,"column":4},"end":{"line":115,"column":5}},{"start":{},"end":{}}],"line":113},"14":{"loc":{"start":{"line":124,"column":6},"end":{"line":133,"column":7}},"type":"if","locations":[{"start":{"line":124,"column":6},"end":{"line":133,"column":7}},{"start":{},"end":{}}],"line":124},"15":{"loc":{"start":{"line":124,"column":10},"end":{"line":124,"column":58}},"type":"binary-expr","locations":[{"start":{"line":124,"column":10},"end":{"line":124,"column":38}},{"start":{"line":124,"column":42},"end":{"line":124,"column":58}}],"line":124},"16":{"loc":{"start":{"line":140,"column":11},"end":{"line":142,"column":62}},"type":"binary-expr","locations":[{"start":{"line":140,"column":11},"end":{"line":140,"column":41}},{"start":{"line":141,"column":11},"end":{"line":141,"column":43}},{"start":{"line":142,"column":11},"end":{"line":142,"column":62}}],"line":140},"17":{"loc":{"start":{"line":147,"column":19},"end":{"line":147,"column":58}},"type":"binary-expr","locations":[{"start":{"line":147,"column":19},"end":{"line":147,"column":52}},{"start":{"line":147,"column":56},"end":{"line":147,"column":58}}],"line":147},"18":{"loc":{"start":{"line":156,"column":30},"end":{"line":156,"column":71}},"type":"binary-expr","locations":[{"start":{"line":156,"column":30},"end":{"line":156,"column":66}},{"start":{"line":156,"column":70},"end":{"line":156,"column":71}}],"line":156},"19":{"loc":{"start":{"line":165,"column":19},"end":{"line":165,"column":58}},"type":"binary-expr","locations":[{"start":{"line":165,"column":19},"end":{"line":165,"column":52}},{"start":{"line":165,"column":56},"end":{"line":165,"column":58}}],"line":165},"20":{"loc":{"start":{"line":166,"column":4},"end":{"line":166,"column":38}},"type":"if","locations":[{"start":{"line":166,"column":4},"end":{"line":166,"column":38}},{"start":{},"end":{}}],"line":166},"21":{"loc":{"start":{"line":170,"column":23},"end":{"line":170,"column":64}},"type":"binary-expr","locations":[{"start":{"line":170,"column":23},"end":{"line":170,"column":59}},{"start":{"line":170,"column":63},"end":{"line":170,"column":64}}],"line":170},"22":{"loc":{"start":{"line":185,"column":11},"end":{"line":185,"column":56}},"type":"binary-expr","locations":[{"start":{"line":185,"column":11},"end":{"line":185,"column":32}},{"start":{"line":185,"column":36},"end":{"line":185,"column":56}}],"line":185},"23":{"loc":{"start":{"line":191,"column":4},"end":{"line":193,"column":5}},"type":"if","locations":[{"start":{"line":191,"column":4},"end":{"line":193,"column":5}},{"start":{},"end":{}}],"line":191},"24":{"loc":{"start":{"line":197,"column":23},"end":{"line":197,"column":64}},"type":"binary-expr","locations":[{"start":{"line":197,"column":23},"end":{"line":197,"column":59}},{"start":{"line":197,"column":63},"end":{"line":197,"column":64}}],"line":197},"25":{"loc":{"start":{"line":213,"column":46},"end":{"line":213,"column":59}},"type":"default-arg","locations":[{"start":{"line":213,"column":58},"end":{"line":213,"column":59}}],"line":213},"26":{"loc":{"start":{"line":213,"column":61},"end":{"line":213,"column":73}},"type":"default-arg","locations":[{"start":{"line":213,"column":69},"end":{"line":213,"column":73}}],"line":213},"27":{"loc":{"start":{"line":223,"column":4},"end":{"line":225,"column":5}},"type":"if","locations":[{"start":{"line":223,"column":4},"end":{"line":225,"column":5}},{"start":{},"end":{}}],"line":223},"28":{"loc":{"start":{"line":239,"column":4},"end":{"line":241,"column":5}},"type":"if","locations":[{"start":{"line":239,"column":4},"end":{"line":241,"column":5}},{"start":{},"end":{}}],"line":239}},"s":{"0":0,"1":0,"2":0,"3":0,"4":0,"5":0,"6":0,"7":0,"8":0,"9":0,"10":0,"11":0,"12":0,"13":0,"14":0,"15":0,"16":0,"17":0,"18":0,"19":0,"20":0,"21":0,"22":0,"23":0,"24":0,"25":0,"26":0,"27":0,"28":0,"29":0,"30":0,"31":0,"32":0,"33":0,"34":0,"35":0,"36":0,"37":0,"38":0,"39":0,"40":0,"41":0,"42":0,"43":0,"44":0,"45":0,"46":0,"47":0,"48":0,"49":0,"50":0,"51":0,"52":0,"53":0,"54":0,"55":0,"56":0,"57":0,"58":0,"59":0,"60":0,"61":0,"62":0,"63":0,"64":0,"65":0,"66":0,"67":0,"68":0,"69":0,"70":0,"71":0,"72":0,"73":0,"74":0,"75":0,"76":0,"77":0,"78":0,"79":0,"80":0,"81":0,"82":0,"83":0,"84":0,"85":0,"86":0,"87":0,"88":0,"89":0,"90":0,"91":0,"92":0,"93":0,"94":0,"95":0,"96":0,"97":0,"98":0,"99":0,"100":0,"101":0,"102":0,"103":0,"104":0,"105":0,"106":0,"107":0,"108":0,"109":0,"110":0,"111":0,"112":0,"113":0},"f":{"0":0,"1":0,"2":0,"3":0,"4":0,"5":0,"6":0,"7":0,"8":0,"9":0,"10":0,"11":0,"12":0,"13":0,"14":0,"15":0,"16":0,"17":0,"18":0,"19":0,"20":0,"21":0,"22":0,"23":0,"24":0,"25":0,"26":0,"27":0,"28":0,"29":0,"30":0},"b":{"0":[0],"1":[0],"2":[0],"3":[0,0],"4":[0,0],"5":[0,0],"6":[0],"7":[0],"8":[0,0],"9":[0],"10":[0,0],"11":[0],"12":[0],"13":[0,0],"14":[0,0],"15":[0,0],"16":[0,0,0],"17":[0,0],"18":[0,0],"19":[0,0],"20":[0,0],"21":[0,0],"22":[0,0],"23":[0,0],"24":[0,0],"25":[0],"26":[0],"27":[0,0],"28":[0,0]}}
,"/Users/kokiriho/Documents/Projects/pfwise/portfolio-manager/frontend/webapp/src/utils/resetCircuitBreaker.js": {"path":"/Users/kokiriho/Documents/Projects/pfwise/portfolio-manager/frontend/webapp/src/utils/resetCircuitBreaker.js","statementMap":{"0":{"start":{"line":9,"column":0},"end":{"line":16,"column":1}},"1":{"start":{"line":10,"column":2},"end":{"line":13,"column":4}},"2":{"start":{"line":11,"column":4},"end":{"line":11,"column":30}},"3":{"start":{"line":12,"column":4},"end":{"line":12,"column":56}},"4":{"start":{"line":15,"column":2},"end":{"line":15,"column":89}}},"fnMap":{"0":{"name":"(anonymous_0)","decl":{"start":{"line":10,"column":32},"end":{"line":10,"column":33}},"loc":{"start":{"line":10,"column":38},"end":{"line":13,"column":3}},"line":10}},"branchMap":{"0":{"loc":{"start":{"line":9,"column":0},"end":{"line":16,"column":1}},"type":"if","locations":[{"start":{"line":9,"column":0},"end":{"line":16,"column":1}},{"start":{},"end":{}}],"line":9}},"s":{"0":0,"1":0,"2":0,"3":0,"4":0},"f":{"0":0},"b":{"0":[0,0]}}
}
