{"total": {"lines":{"total":3868,"covered":203,"skipped":0,"pct":5.24},"statements":{"total":4018,"covered":222,"skipped":0,"pct":5.52},"functions":{"total":718,"covered":63,"skipped":0,"pct":8.77},"branches":{"total":3082,"covered":105,"skipped":0,"pct":3.4},"branchesTrue":{"total":0,"covered":0,"skipped":0,"pct":100}}
,"/Users/kokiriho/Documents/Projects/pfwise/portfolio-manager/frontend/webapp/src/App.jsx": {"lines":{"total":35,"covered":0,"skipped":0,"pct":0},"functions":{"total":12,"covered":0,"skipped":0,"pct":0},"statements":{"total":35,"covered":0,"skipped":0,"pct":0},"branches":{"total":13,"covered":0,"skipped":0,"pct":0}}
,"/Users/kokiriho/Documents/Projects/pfwise/portfolio-manager/frontend/webapp/src/craco.config.js": {"lines":{"total":1,"covered":0,"skipped":0,"pct":0},"functions":{"total":0,"covered":0,"skipped":0,"pct":100},"statements":{"total":1,"covered":0,"skipped":0,"pct":0},"branches":{"total":0,"covered":0,"skipped":0,"pct":100}}
,"/Users/kokiriho/Documents/Projects/pfwise/portfolio-manager/frontend/webapp/src/setupProxy.disabled.js": {"lines":{"total":0,"covered":0,"skipped":0,"pct":100},"functions":{"total":0,"covered":0,"skipped":0,"pct":100},"statements":{"total":0,"covered":0,"skipped":0,"pct":100},"branches":{"total":0,"covered":0,"skipped":0,"pct":100}}
,"/Users/kokiriho/Documents/Projects/pfwise/portfolio-manager/frontend/webapp/src/setupProxy.js": {"lines":{"total":6,"covered":0,"skipped":0,"pct":0},"functions":{"total":3,"covered":0,"skipped":0,"pct":0},"statements":{"total":6,"covered":0,"skipped":0,"pct":0},"branches":{"total":2,"covered":0,"skipped":0,"pct":0}}
,"/Users/kokiriho/Documents/Projects/pfwise/portfolio-manager/frontend/webapp/src/components/auth/LoginButton.client.jsx": {"lines":{"total":20,"covered":0,"skipped":0,"pct":0},"functions":{"total":3,"covered":0,"skipped":0,"pct":0},"statements":{"total":20,"covered":0,"skipped":0,"pct":0},"branches":{"total":15,"covered":0,"skipped":0,"pct":0}}
,"/Users/kokiriho/Documents/Projects/pfwise/portfolio-manager/frontend/webapp/src/components/auth/LoginButton.jsx": {"lines":{"total":51,"covered":0,"skipped":0,"pct":0},"functions":{"total":5,"covered":0,"skipped":0,"pct":0},"statements":{"total":51,"covered":0,"skipped":0,"pct":0},"branches":{"total":38,"covered":0,"skipped":0,"pct":0}}
,"/Users/kokiriho/Documents/Projects/pfwise/portfolio-manager/frontend/webapp/src/components/auth/OAuthLoginButton.jsx": {"lines":{"total":76,"covered":0,"skipped":0,"pct":0},"functions":{"total":8,"covered":0,"skipped":0,"pct":0},"statements":{"total":76,"covered":0,"skipped":0,"pct":0},"branches":{"total":40,"covered":0,"skipped":0,"pct":0}}
,"/Users/kokiriho/Documents/Projects/pfwise/portfolio-manager/frontend/webapp/src/components/auth/UserProfile.jsx": {"lines":{"total":11,"covered":0,"skipped":0,"pct":0},"functions":{"total":2,"covered":0,"skipped":0,"pct":0},"statements":{"total":12,"covered":0,"skipped":0,"pct":0},"branches":{"total":6,"covered":0,"skipped":0,"pct":0}}
,"/Users/kokiriho/Documents/Projects/pfwise/portfolio-manager/frontend/webapp/src/components/common/ContextConnector.js": {"lines":{"total":7,"covered":0,"skipped":0,"pct":0},"functions":{"total":2,"covered":0,"skipped":0,"pct":0},"statements":{"total":7,"covered":0,"skipped":0,"pct":0},"branches":{"total":4,"covered":0,"skipped":0,"pct":0}}
,"/Users/kokiriho/Documents/Projects/pfwise/portfolio-manager/frontend/webapp/src/components/common/DataSourceBadge.jsx": {"lines":{"total":9,"covered":0,"skipped":0,"pct":0},"functions":{"total":1,"covered":0,"skipped":0,"pct":0},"statements":{"total":9,"covered":0,"skipped":0,"pct":0},"branches":{"total":9,"covered":0,"skipped":0,"pct":0}}
,"/Users/kokiriho/Documents/Projects/pfwise/portfolio-manager/frontend/webapp/src/components/common/ErrorBoundary.jsx": {"lines":{"total":16,"covered":0,"skipped":0,"pct":0},"functions":{"total":5,"covered":0,"skipped":0,"pct":0},"statements":{"total":16,"covered":0,"skipped":0,"pct":0},"branches":{"total":12,"covered":0,"skipped":0,"pct":0}}
,"/Users/kokiriho/Documents/Projects/pfwise/portfolio-manager/frontend/webapp/src/components/common/LanguageSwitcher.jsx": {"lines":{"total":9,"covered":0,"skipped":0,"pct":0},"functions":{"total":5,"covered":0,"skipped":0,"pct":0},"statements":{"total":10,"covered":0,"skipped":0,"pct":0},"branches":{"total":6,"covered":0,"skipped":0,"pct":0}}
,"/Users/kokiriho/Documents/Projects/pfwise/portfolio-manager/frontend/webapp/src/components/common/ModernButton.jsx": {"lines":{"total":10,"covered":0,"skipped":0,"pct":0},"functions":{"total":2,"covered":0,"skipped":0,"pct":0},"statements":{"total":10,"covered":0,"skipped":0,"pct":0},"branches":{"total":23,"covered":0,"skipped":0,"pct":0}}
,"/Users/kokiriho/Documents/Projects/pfwise/portfolio-manager/frontend/webapp/src/components/common/ModernCard.jsx": {"lines":{"total":30,"covered":0,"skipped":0,"pct":0},"functions":{"total":8,"covered":0,"skipped":0,"pct":0},"statements":{"total":30,"covered":0,"skipped":0,"pct":0},"branches":{"total":38,"covered":0,"skipped":0,"pct":0}}
,"/Users/kokiriho/Documents/Projects/pfwise/portfolio-manager/frontend/webapp/src/components/common/ModernForm.jsx": {"lines":{"total":39,"covered":0,"skipped":0,"pct":0},"functions":{"total":10,"covered":0,"skipped":0,"pct":0},"statements":{"total":39,"covered":0,"skipped":0,"pct":0},"branches":{"total":38,"covered":0,"skipped":0,"pct":0}}
,"/Users/kokiriho/Documents/Projects/pfwise/portfolio-manager/frontend/webapp/src/components/common/ModernInput.jsx": {"lines":{"total":8,"covered":0,"skipped":0,"pct":0},"functions":{"total":1,"covered":0,"skipped":0,"pct":0},"statements":{"total":8,"covered":0,"skipped":0,"pct":0},"branches":{"total":26,"covered":0,"skipped":0,"pct":0}}
,"/Users/kokiriho/Documents/Projects/pfwise/portfolio-manager/frontend/webapp/src/components/common/ToastNotification.jsx": {"lines":{"total":18,"covered":0,"skipped":0,"pct":0},"functions":{"total":5,"covered":0,"skipped":0,"pct":0},"statements":{"total":21,"covered":0,"skipped":0,"pct":0},"branches":{"total":15,"covered":0,"skipped":0,"pct":0}}
,"/Users/kokiriho/Documents/Projects/pfwise/portfolio-manager/frontend/webapp/src/components/dashboard/AssetsTable.jsx": {"lines":{"total":31,"covered":0,"skipped":0,"pct":0},"functions":{"total":7,"covered":0,"skipped":0,"pct":0},"statements":{"total":33,"covered":0,"skipped":0,"pct":0},"branches":{"total":59,"covered":0,"skipped":0,"pct":0}}
,"/Users/kokiriho/Documents/Projects/pfwise/portfolio-manager/frontend/webapp/src/components/dashboard/DifferenceChart.jsx": {"lines":{"total":31,"covered":0,"skipped":0,"pct":0},"functions":{"total":8,"covered":0,"skipped":0,"pct":0},"statements":{"total":32,"covered":0,"skipped":0,"pct":0},"branches":{"total":27,"covered":0,"skipped":0,"pct":0}}
,"/Users/kokiriho/Documents/Projects/pfwise/portfolio-manager/frontend/webapp/src/components/dashboard/PortfolioCharts.jsx": {"lines":{"total":27,"covered":0,"skipped":0,"pct":0},"functions":{"total":9,"covered":0,"skipped":0,"pct":0},"statements":{"total":27,"covered":0,"skipped":0,"pct":0},"branches":{"total":19,"covered":0,"skipped":0,"pct":0}}
,"/Users/kokiriho/Documents/Projects/pfwise/portfolio-manager/frontend/webapp/src/components/dashboard/PortfolioSummary.jsx": {"lines":{"total":49,"covered":0,"skipped":0,"pct":0},"functions":{"total":15,"covered":0,"skipped":0,"pct":0},"statements":{"total":50,"covered":0,"skipped":0,"pct":0},"branches":{"total":99,"covered":0,"skipped":0,"pct":0}}
,"/Users/kokiriho/Documents/Projects/pfwise/portfolio-manager/frontend/webapp/src/components/data/ExportOptions.jsx": {"lines":{"total":46,"covered":0,"skipped":0,"pct":0},"functions":{"total":13,"covered":0,"skipped":0,"pct":0},"statements":{"total":48,"covered":0,"skipped":0,"pct":0},"branches":{"total":28,"covered":0,"skipped":0,"pct":0}}
,"/Users/kokiriho/Documents/Projects/pfwise/portfolio-manager/frontend/webapp/src/components/data/GoogleDriveIntegration.jsx": {"lines":{"total":52,"covered":0,"skipped":0,"pct":0},"functions":{"total":10,"covered":0,"skipped":0,"pct":0},"statements":{"total":53,"covered":0,"skipped":0,"pct":0},"branches":{"total":50,"covered":0,"skipped":0,"pct":0}}
,"/Users/kokiriho/Documents/Projects/pfwise/portfolio-manager/frontend/webapp/src/components/data/ImportOptions.jsx": {"lines":{"total":108,"covered":0,"skipped":0,"pct":0},"functions":{"total":22,"covered":0,"skipped":0,"pct":0},"statements":{"total":112,"covered":0,"skipped":0,"pct":0},"branches":{"total":138,"covered":0,"skipped":0,"pct":0}}
,"/Users/kokiriho/Documents/Projects/pfwise/portfolio-manager/frontend/webapp/src/components/layout/DataStatusBar.jsx": {"lines":{"total":4,"covered":0,"skipped":0,"pct":0},"functions":{"total":1,"covered":0,"skipped":0,"pct":0},"statements":{"total":4,"covered":0,"skipped":0,"pct":0},"branches":{"total":26,"covered":0,"skipped":0,"pct":0}}
,"/Users/kokiriho/Documents/Projects/pfwise/portfolio-manager/frontend/webapp/src/components/layout/Header.jsx": {"lines":{"total":5,"covered":0,"skipped":0,"pct":0},"functions":{"total":1,"covered":0,"skipped":0,"pct":0},"statements":{"total":5,"covered":0,"skipped":0,"pct":0},"branches":{"total":12,"covered":0,"skipped":0,"pct":0}}
,"/Users/kokiriho/Documents/Projects/pfwise/portfolio-manager/frontend/webapp/src/components/layout/TabNavigation.jsx": {"lines":{"total":7,"covered":0,"skipped":0,"pct":0},"functions":{"total":4,"covered":0,"skipped":0,"pct":0},"statements":{"total":7,"covered":0,"skipped":0,"pct":0},"branches":{"total":8,"covered":0,"skipped":0,"pct":0}}
,"/Users/kokiriho/Documents/Projects/pfwise/portfolio-manager/frontend/webapp/src/components/settings/AiPromptSettings.jsx": {"lines":{"total":17,"covered":0,"skipped":0,"pct":0},"functions":{"total":6,"covered":0,"skipped":0,"pct":0},"statements":{"total":18,"covered":0,"skipped":0,"pct":0},"branches":{"total":8,"covered":0,"skipped":0,"pct":0}}
,"/Users/kokiriho/Documents/Projects/pfwise/portfolio-manager/frontend/webapp/src/components/settings/AllocationEditor.jsx": {"lines":{"total":63,"covered":0,"skipped":0,"pct":0},"functions":{"total":15,"covered":0,"skipped":0,"pct":0},"statements":{"total":67,"covered":0,"skipped":0,"pct":0},"branches":{"total":22,"covered":0,"skipped":0,"pct":0}}
,"/Users/kokiriho/Documents/Projects/pfwise/portfolio-manager/frontend/webapp/src/components/settings/HoldingsEditor.jsx": {"lines":{"total":21,"covered":0,"skipped":0,"pct":0},"functions":{"total":6,"covered":0,"skipped":0,"pct":0},"statements":{"total":21,"covered":0,"skipped":0,"pct":0},"branches":{"total":22,"covered":0,"skipped":0,"pct":0}}
,"/Users/kokiriho/Documents/Projects/pfwise/portfolio-manager/frontend/webapp/src/components/settings/ModernHoldingCard.jsx": {"lines":{"total":53,"covered":0,"skipped":0,"pct":0},"functions":{"total":14,"covered":0,"skipped":0,"pct":0},"statements":{"total":53,"covered":0,"skipped":0,"pct":0},"branches":{"total":59,"covered":0,"skipped":0,"pct":0}}
,"/Users/kokiriho/Documents/Projects/pfwise/portfolio-manager/frontend/webapp/src/components/settings/PopularTickers.jsx": {"lines":{"total":48,"covered":0,"skipped":0,"pct":0},"functions":{"total":11,"covered":0,"skipped":0,"pct":0},"statements":{"total":49,"covered":0,"skipped":0,"pct":0},"branches":{"total":33,"covered":0,"skipped":0,"pct":0}}
,"/Users/kokiriho/Documents/Projects/pfwise/portfolio-manager/frontend/webapp/src/components/settings/TickerSearch.jsx": {"lines":{"total":34,"covered":0,"skipped":0,"pct":0},"functions":{"total":5,"covered":0,"skipped":0,"pct":0},"statements":{"total":34,"covered":0,"skipped":0,"pct":0},"branches":{"total":18,"covered":0,"skipped":0,"pct":0}}
,"/Users/kokiriho/Documents/Projects/pfwise/portfolio-manager/frontend/webapp/src/components/simulation/AiAnalysisPrompt.jsx": {"lines":{"total":63,"covered":0,"skipped":0,"pct":0},"functions":{"total":20,"covered":0,"skipped":0,"pct":0},"statements":{"total":69,"covered":0,"skipped":0,"pct":0},"branches":{"total":85,"covered":0,"skipped":0,"pct":0}}
,"/Users/kokiriho/Documents/Projects/pfwise/portfolio-manager/frontend/webapp/src/components/simulation/BudgetInput.jsx": {"lines":{"total":42,"covered":0,"skipped":0,"pct":0},"functions":{"total":17,"covered":0,"skipped":0,"pct":0},"statements":{"total":44,"covered":0,"skipped":0,"pct":0},"branches":{"total":30,"covered":0,"skipped":0,"pct":0}}
,"/Users/kokiriho/Documents/Projects/pfwise/portfolio-manager/frontend/webapp/src/components/simulation/SimulationResult.jsx": {"lines":{"total":55,"covered":0,"skipped":0,"pct":0},"functions":{"total":15,"covered":0,"skipped":0,"pct":0},"statements":{"total":55,"covered":0,"skipped":0,"pct":0},"branches":{"total":81,"covered":0,"skipped":0,"pct":0}}
,"/Users/kokiriho/Documents/Projects/pfwise/portfolio-manager/frontend/webapp/src/context/AuthContext.client.js": {"lines":{"total":66,"covered":0,"skipped":0,"pct":0},"functions":{"total":6,"covered":0,"skipped":0,"pct":0},"statements":{"total":66,"covered":0,"skipped":0,"pct":0},"branches":{"total":10,"covered":0,"skipped":0,"pct":0}}
,"/Users/kokiriho/Documents/Projects/pfwise/portfolio-manager/frontend/webapp/src/context/AuthContext.js": {"lines":{"total":249,"covered":0,"skipped":0,"pct":0},"functions":{"total":22,"covered":0,"skipped":0,"pct":0},"statements":{"total":253,"covered":0,"skipped":0,"pct":0},"branches":{"total":134,"covered":0,"skipped":0,"pct":0}}
,"/Users/kokiriho/Documents/Projects/pfwise/portfolio-manager/frontend/webapp/src/context/PortfolioContext.js": {"lines":{"total":721,"covered":0,"skipped":0,"pct":0},"functions":{"total":106,"covered":0,"skipped":0,"pct":0},"statements":{"total":757,"covered":0,"skipped":0,"pct":0},"branches":{"total":526,"covered":0,"skipped":0,"pct":0}}
,"/Users/kokiriho/Documents/Projects/pfwise/portfolio-manager/frontend/webapp/src/context/portfolio/PortfolioActionsContext.js": {"lines":{"total":68,"covered":0,"skipped":0,"pct":0},"functions":{"total":21,"covered":0,"skipped":0,"pct":0},"statements":{"total":80,"covered":0,"skipped":0,"pct":0},"branches":{"total":62,"covered":0,"skipped":0,"pct":0}}
,"/Users/kokiriho/Documents/Projects/pfwise/portfolio-manager/frontend/webapp/src/context/portfolio/PortfolioCompatibilityContext.js": {"lines":{"total":88,"covered":0,"skipped":0,"pct":0},"functions":{"total":14,"covered":0,"skipped":0,"pct":0},"statements":{"total":91,"covered":0,"skipped":0,"pct":0},"branches":{"total":43,"covered":0,"skipped":0,"pct":0}}
,"/Users/kokiriho/Documents/Projects/pfwise/portfolio-manager/frontend/webapp/src/context/portfolio/PortfolioDataContext.js": {"lines":{"total":44,"covered":0,"skipped":0,"pct":0},"functions":{"total":8,"covered":0,"skipped":0,"pct":0},"statements":{"total":52,"covered":0,"skipped":0,"pct":0},"branches":{"total":21,"covered":0,"skipped":0,"pct":0}}
,"/Users/kokiriho/Documents/Projects/pfwise/portfolio-manager/frontend/webapp/src/context/portfolio/PortfolioProvider.js": {"lines":{"total":2,"covered":0,"skipped":0,"pct":0},"functions":{"total":1,"covered":0,"skipped":0,"pct":0},"statements":{"total":2,"covered":0,"skipped":0,"pct":0},"branches":{"total":2,"covered":0,"skipped":0,"pct":0}}
,"/Users/kokiriho/Documents/Projects/pfwise/portfolio-manager/frontend/webapp/src/hooks/useAuth.js": {"lines":{"total":5,"covered":0,"skipped":0,"pct":0},"functions":{"total":1,"covered":0,"skipped":0,"pct":0},"statements":{"total":5,"covered":0,"skipped":0,"pct":0},"branches":{"total":2,"covered":0,"skipped":0,"pct":0}}
,"/Users/kokiriho/Documents/Projects/pfwise/portfolio-manager/frontend/webapp/src/hooks/useGoogleDrive.js": {"lines":{"total":73,"covered":0,"skipped":0,"pct":0},"functions":{"total":4,"covered":0,"skipped":0,"pct":0},"statements":{"total":73,"covered":0,"skipped":0,"pct":0},"branches":{"total":46,"covered":0,"skipped":0,"pct":0}}
,"/Users/kokiriho/Documents/Projects/pfwise/portfolio-manager/frontend/webapp/src/hooks/usePortfolioContext.js": {"lines":{"total":5,"covered":0,"skipped":0,"pct":0},"functions":{"total":1,"covered":0,"skipped":0,"pct":0},"statements":{"total":5,"covered":0,"skipped":0,"pct":0},"branches":{"total":2,"covered":0,"skipped":0,"pct":0}}
,"/Users/kokiriho/Documents/Projects/pfwise/portfolio-manager/frontend/webapp/src/hooks/portfolio/useCloudSync.js": {"lines":{"total":5,"covered":0,"skipped":0,"pct":0},"functions":{"total":1,"covered":0,"skipped":0,"pct":0},"statements":{"total":5,"covered":0,"skipped":0,"pct":0},"branches":{"total":2,"covered":0,"skipped":0,"pct":0}}
,"/Users/kokiriho/Documents/Projects/pfwise/portfolio-manager/frontend/webapp/src/hooks/portfolio/useNotifications.js": {"lines":{"total":11,"covered":0,"skipped":0,"pct":0},"functions":{"total":5,"covered":0,"skipped":0,"pct":0},"statements":{"total":11,"covered":0,"skipped":0,"pct":0},"branches":{"total":1,"covered":0,"skipped":0,"pct":0}}
,"/Users/kokiriho/Documents/Projects/pfwise/portfolio-manager/frontend/webapp/src/hooks/portfolio/usePortfolioActions.js": {"lines":{"total":5,"covered":0,"skipped":0,"pct":0},"functions":{"total":1,"covered":0,"skipped":0,"pct":0},"statements":{"total":5,"covered":0,"skipped":0,"pct":0},"branches":{"total":2,"covered":0,"skipped":0,"pct":0}}
,"/Users/kokiriho/Documents/Projects/pfwise/portfolio-manager/frontend/webapp/src/hooks/portfolio/usePortfolioData.js": {"lines":{"total":5,"covered":0,"skipped":0,"pct":0},"functions":{"total":1,"covered":0,"skipped":0,"pct":0},"statements":{"total":5,"covered":0,"skipped":0,"pct":0},"branches":{"total":2,"covered":0,"skipped":0,"pct":0}}
,"/Users/kokiriho/Documents/Projects/pfwise/portfolio-manager/frontend/webapp/src/hooks/portfolio/useSimulation.js": {"lines":{"total":5,"covered":0,"skipped":0,"pct":0},"functions":{"total":1,"covered":0,"skipped":0,"pct":0},"statements":{"total":5,"covered":0,"skipped":0,"pct":0},"branches":{"total":2,"covered":0,"skipped":0,"pct":0}}
,"/Users/kokiriho/Documents/Projects/pfwise/portfolio-manager/frontend/webapp/src/i18n/index.js": {"lines":{"total":2,"covered":0,"skipped":0,"pct":0},"functions":{"total":0,"covered":0,"skipped":0,"pct":100},"statements":{"total":2,"covered":0,"skipped":0,"pct":0},"branches":{"total":0,"covered":0,"skipped":0,"pct":100}}
,"/Users/kokiriho/Documents/Projects/pfwise/portfolio-manager/frontend/webapp/src/pages/Dashboard.jsx": {"lines":{"total":7,"covered":0,"skipped":0,"pct":0},"functions":{"total":2,"covered":0,"skipped":0,"pct":0},"statements":{"total":7,"covered":0,"skipped":0,"pct":0},"branches":{"total":2,"covered":0,"skipped":0,"pct":0}}
,"/Users/kokiriho/Documents/Projects/pfwise/portfolio-manager/frontend/webapp/src/pages/DataIntegration.jsx": {"lines":{"total":3,"covered":0,"skipped":0,"pct":0},"functions":{"total":1,"covered":0,"skipped":0,"pct":0},"statements":{"total":3,"covered":0,"skipped":0,"pct":0},"branches":{"total":4,"covered":0,"skipped":0,"pct":0}}
,"/Users/kokiriho/Documents/Projects/pfwise/portfolio-manager/frontend/webapp/src/pages/Settings.jsx": {"lines":{"total":2,"covered":0,"skipped":0,"pct":0},"functions":{"total":1,"covered":0,"skipped":0,"pct":0},"statements":{"total":2,"covered":0,"skipped":0,"pct":0},"branches":{"total":0,"covered":0,"skipped":0,"pct":100}}
,"/Users/kokiriho/Documents/Projects/pfwise/portfolio-manager/frontend/webapp/src/pages/Simulation.jsx": {"lines":{"total":12,"covered":0,"skipped":0,"pct":0},"functions":{"total":3,"covered":0,"skipped":0,"pct":0},"statements":{"total":12,"covered":0,"skipped":0,"pct":0},"branches":{"total":4,"covered":0,"skipped":0,"pct":0}}
,"/Users/kokiriho/Documents/Projects/pfwise/portfolio-manager/frontend/webapp/src/services/adminService.js": {"lines":{"total":20,"covered":0,"skipped":0,"pct":0},"functions":{"total":4,"covered":0,"skipped":0,"pct":0},"statements":{"total":21,"covered":0,"skipped":0,"pct":0},"branches":{"total":2,"covered":0,"skipped":0,"pct":0}}
,"/Users/kokiriho/Documents/Projects/pfwise/portfolio-manager/frontend/webapp/src/services/api.js": {"lines":{"total":39,"covered":0,"skipped":0,"pct":0},"functions":{"total":12,"covered":0,"skipped":0,"pct":0},"statements":{"total":39,"covered":0,"skipped":0,"pct":0},"branches":{"total":12,"covered":0,"skipped":0,"pct":0}}
,"/Users/kokiriho/Documents/Projects/pfwise/portfolio-manager/frontend/webapp/src/services/configService.js": {"lines":{"total":48,"covered":0,"skipped":0,"pct":0},"functions":{"total":10,"covered":0,"skipped":0,"pct":0},"statements":{"total":48,"covered":0,"skipped":0,"pct":0},"branches":{"total":34,"covered":0,"skipped":0,"pct":0}}
,"/Users/kokiriho/Documents/Projects/pfwise/portfolio-manager/frontend/webapp/src/services/googleDriveService.js": {"lines":{"total":41,"covered":0,"skipped":0,"pct":0},"functions":{"total":3,"covered":0,"skipped":0,"pct":0},"statements":{"total":41,"covered":0,"skipped":0,"pct":0},"branches":{"total":62,"covered":0,"skipped":0,"pct":0}}
,"/Users/kokiriho/Documents/Projects/pfwise/portfolio-manager/frontend/webapp/src/services/marketDataService.js": {"lines":{"total":86,"covered":0,"skipped":0,"pct":0},"functions":{"total":18,"covered":0,"skipped":0,"pct":0},"statements":{"total":91,"covered":0,"skipped":0,"pct":0},"branches":{"total":86,"covered":0,"skipped":0,"pct":0}}
,"/Users/kokiriho/Documents/Projects/pfwise/portfolio-manager/frontend/webapp/src/services/marketDataService.local.js": {"lines":{"total":43,"covered":0,"skipped":0,"pct":0},"functions":{"total":3,"covered":0,"skipped":0,"pct":0},"statements":{"total":43,"covered":0,"skipped":0,"pct":0},"branches":{"total":33,"covered":0,"skipped":0,"pct":0}}
,"/Users/kokiriho/Documents/Projects/pfwise/portfolio-manager/frontend/webapp/src/services/testJapaneseTickers.js": {"lines":{"total":49,"covered":0,"skipped":0,"pct":0},"functions":{"total":2,"covered":0,"skipped":0,"pct":0},"statements":{"total":49,"covered":0,"skipped":0,"pct":0},"branches":{"total":24,"covered":0,"skipped":0,"pct":0}}
,"/Users/kokiriho/Documents/Projects/pfwise/portfolio-manager/frontend/webapp/src/services/portfolio/CalculationService.js": {"lines":{"total":39,"covered":39,"skipped":0,"pct":100},"functions":{"total":12,"covered":12,"skipped":0,"pct":100},"statements":{"total":46,"covered":44,"skipped":0,"pct":95.65},"branches":{"total":43,"covered":41,"skipped":0,"pct":95.34}}
,"/Users/kokiriho/Documents/Projects/pfwise/portfolio-manager/frontend/webapp/src/services/portfolio/EncryptionService.js": {"lines":{"total":29,"covered":27,"skipped":0,"pct":93.1},"functions":{"total":7,"covered":7,"skipped":0,"pct":100},"statements":{"total":35,"covered":33,"skipped":0,"pct":94.28},"branches":{"total":6,"covered":6,"skipped":0,"pct":100}}
,"/Users/kokiriho/Documents/Projects/pfwise/portfolio-manager/frontend/webapp/src/services/portfolio/NotificationService.js": {"lines":{"total":18,"covered":18,"skipped":0,"pct":100},"functions":{"total":10,"covered":10,"skipped":0,"pct":100},"statements":{"total":20,"covered":20,"skipped":0,"pct":100},"branches":{"total":3,"covered":3,"skipped":0,"pct":100}}
,"/Users/kokiriho/Documents/Projects/pfwise/portfolio-manager/frontend/webapp/src/services/portfolio/SimulationService.js": {"lines":{"total":52,"covered":52,"skipped":0,"pct":100},"functions":{"total":17,"covered":17,"skipped":0,"pct":100},"statements":{"total":59,"covered":58,"skipped":0,"pct":98.3},"branches":{"total":25,"covered":23,"skipped":0,"pct":92}}
,"/Users/kokiriho/Documents/Projects/pfwise/portfolio-manager/frontend/webapp/src/services/portfolio/storage/GoogleDriveProvider.js": {"lines":{"total":34,"covered":32,"skipped":0,"pct":94.11},"functions":{"total":5,"covered":5,"skipped":0,"pct":100},"statements":{"total":34,"covered":32,"skipped":0,"pct":94.11},"branches":{"total":22,"covered":20,"skipped":0,"pct":90.9}}
,"/Users/kokiriho/Documents/Projects/pfwise/portfolio-manager/frontend/webapp/src/services/portfolio/storage/LocalStorageProvider.js": {"lines":{"total":29,"covered":29,"skipped":0,"pct":100},"functions":{"total":6,"covered":6,"skipped":0,"pct":100},"statements":{"total":29,"covered":29,"skipped":0,"pct":100},"branches":{"total":13,"covered":12,"skipped":0,"pct":92.3}}
,"/Users/kokiriho/Documents/Projects/pfwise/portfolio-manager/frontend/webapp/src/services/portfolio/storage/StorageInterface.js": {"lines":{"total":6,"covered":6,"skipped":0,"pct":100},"functions":{"total":6,"covered":6,"skipped":0,"pct":100},"statements":{"total":6,"covered":6,"skipped":0,"pct":100},"branches":{"total":0,"covered":0,"skipped":0,"pct":100}}
,"/Users/kokiriho/Documents/Projects/pfwise/portfolio-manager/frontend/webapp/src/types/portfolio.types.js": {"lines":{"total":0,"covered":0,"skipped":0,"pct":100},"functions":{"total":0,"covered":0,"skipped":0,"pct":100},"statements":{"total":0,"covered":0,"skipped":0,"pct":100},"branches":{"total":0,"covered":0,"skipped":0,"pct":100}}
,"/Users/kokiriho/Documents/Projects/pfwise/portfolio-manager/frontend/webapp/src/utils/apiUtils.js": {"lines":{"total":177,"covered":0,"skipped":0,"pct":0},"functions":{"total":24,"covered":0,"skipped":0,"pct":0},"statements":{"total":180,"covered":0,"skipped":0,"pct":0},"branches":{"total":131,"covered":0,"skipped":0,"pct":0}}
,"/Users/kokiriho/Documents/Projects/pfwise/portfolio-manager/frontend/webapp/src/utils/assetValidation.js": {"lines":{"total":45,"covered":0,"skipped":0,"pct":0},"functions":{"total":2,"covered":0,"skipped":0,"pct":0},"statements":{"total":45,"covered":0,"skipped":0,"pct":0},"branches":{"total":33,"covered":0,"skipped":0,"pct":0}}
,"/Users/kokiriho/Documents/Projects/pfwise/portfolio-manager/frontend/webapp/src/utils/cookieDebugUtils.js": {"lines":{"total":59,"covered":0,"skipped":0,"pct":0},"functions":{"total":9,"covered":0,"skipped":0,"pct":0},"statements":{"total":61,"covered":0,"skipped":0,"pct":0},"branches":{"total":14,"covered":0,"skipped":0,"pct":0}}
,"/Users/kokiriho/Documents/Projects/pfwise/portfolio-manager/frontend/webapp/src/utils/csrfManager.js": {"lines":{"total":38,"covered":0,"skipped":0,"pct":0},"functions":{"total":5,"covered":0,"skipped":0,"pct":0},"statements":{"total":38,"covered":0,"skipped":0,"pct":0},"branches":{"total":17,"covered":0,"skipped":0,"pct":0}}
,"/Users/kokiriho/Documents/Projects/pfwise/portfolio-manager/frontend/webapp/src/utils/envUtils.js": {"lines":{"total":49,"covered":0,"skipped":0,"pct":0},"functions":{"total":11,"covered":0,"skipped":0,"pct":0},"statements":{"total":50,"covered":0,"skipped":0,"pct":0},"branches":{"total":35,"covered":0,"skipped":0,"pct":0}}
,"/Users/kokiriho/Documents/Projects/pfwise/portfolio-manager/frontend/webapp/src/utils/errorHandler.js": {"lines":{"total":40,"covered":0,"skipped":0,"pct":0},"functions":{"total":6,"covered":0,"skipped":0,"pct":0},"statements":{"total":40,"covered":0,"skipped":0,"pct":0},"branches":{"total":38,"covered":0,"skipped":0,"pct":0}}
,"/Users/kokiriho/Documents/Projects/pfwise/portfolio-manager/frontend/webapp/src/utils/exchangeRateDebounce.js": {"lines":{"total":21,"covered":0,"skipped":0,"pct":0},"functions":{"total":4,"covered":0,"skipped":0,"pct":0},"statements":{"total":21,"covered":0,"skipped":0,"pct":0},"branches":{"total":5,"covered":0,"skipped":0,"pct":0}}
,"/Users/kokiriho/Documents/Projects/pfwise/portfolio-manager/frontend/webapp/src/utils/fixExchangeRate.js": {"lines":{"total":32,"covered":0,"skipped":0,"pct":0},"functions":{"total":1,"covered":0,"skipped":0,"pct":0},"statements":{"total":32,"covered":0,"skipped":0,"pct":0},"branches":{"total":8,"covered":0,"skipped":0,"pct":0}}
,"/Users/kokiriho/Documents/Projects/pfwise/portfolio-manager/frontend/webapp/src/utils/formatters.js": {"lines":{"total":21,"covered":0,"skipped":0,"pct":0},"functions":{"total":3,"covered":0,"skipped":0,"pct":0},"statements":{"total":25,"covered":0,"skipped":0,"pct":0},"branches":{"total":28,"covered":0,"skipped":0,"pct":0}}
,"/Users/kokiriho/Documents/Projects/pfwise/portfolio-manager/frontend/webapp/src/utils/fundUtils.js": {"lines":{"total":201,"covered":0,"skipped":0,"pct":0},"functions":{"total":16,"covered":0,"skipped":0,"pct":0},"statements":{"total":204,"covered":0,"skipped":0,"pct":0},"branches":{"total":331,"covered":0,"skipped":0,"pct":0}}
,"/Users/kokiriho/Documents/Projects/pfwise/portfolio-manager/frontend/webapp/src/utils/japaneseStockNames.js": {"lines":{"total":14,"covered":0,"skipped":0,"pct":0},"functions":{"total":2,"covered":0,"skipped":0,"pct":0},"statements":{"total":14,"covered":0,"skipped":0,"pct":0},"branches":{"total":10,"covered":0,"skipped":0,"pct":0}}
,"/Users/kokiriho/Documents/Projects/pfwise/portfolio-manager/frontend/webapp/src/utils/logger.js": {"lines":{"total":48,"covered":0,"skipped":0,"pct":0},"functions":{"total":17,"covered":0,"skipped":0,"pct":0},"statements":{"total":55,"covered":0,"skipped":0,"pct":0},"branches":{"total":40,"covered":0,"skipped":0,"pct":0}}
,"/Users/kokiriho/Documents/Projects/pfwise/portfolio-manager/frontend/webapp/src/utils/requestThrottle.js": {"lines":{"total":105,"covered":0,"skipped":0,"pct":0},"functions":{"total":31,"covered":0,"skipped":0,"pct":0},"statements":{"total":114,"covered":0,"skipped":0,"pct":0},"branches":{"total":49,"covered":0,"skipped":0,"pct":0}}
,"/Users/kokiriho/Documents/Projects/pfwise/portfolio-manager/frontend/webapp/src/utils/resetCircuitBreaker.js": {"lines":{"total":5,"covered":0,"skipped":0,"pct":0},"functions":{"total":1,"covered":0,"skipped":0,"pct":0},"statements":{"total":5,"covered":0,"skipped":0,"pct":0},"branches":{"total":2,"covered":0,"skipped":0,"pct":0}}
}
