TN:
SF:src/App.jsx
FN:40,(anonymous_0)
FN:44,(anonymous_1)
FN:45,(anonymous_2)
FN:67,(anonymous_3)
FN:75,(anonymous_4)
FN:80,(anonymous_5)
FN:95,(anonymous_6)
FN:100,(anonymous_7)
FN:104,(anonymous_8)
FN:108,(anonymous_9)
FN:118,(anonymous_10)
FN:131,App
FNF:12
FNH:0
FNDA:0,(anonymous_0)
FNDA:0,(anonymous_1)
FNDA:0,(anonymous_2)
FNDA:0,(anonymous_3)
FNDA:0,(anonymous_4)
FNDA:0,(anonymous_5)
FNDA:0,(anonymous_6)
FNDA:0,(anonymous_7)
FNDA:0,(anonymous_8)
FNDA:0,(anonymous_9)
FNDA:0,(anonymous_10)
FNDA:0,App
DA:40,0
DA:41,0
DA:42,0
DA:44,0
DA:45,0
DA:46,0
DA:48,0
DA:49,0
DA:50,0
DA:51,0
DA:53,0
DA:54,0
DA:57,0
DA:60,0
DA:61,0
DA:64,0
DA:67,0
DA:75,0
DA:76,0
DA:77,0
DA:80,0
DA:81,0
DA:82,0
DA:83,0
DA:86,0
DA:90,0
DA:96,0
DA:97,0
DA:101,0
DA:105,0
DA:109,0
DA:110,0
DA:118,0
DA:127,0
DA:132,0
LF:35
LH:0
BRDA:60,0,0,0
BRDA:60,0,1,0
BRDA:66,1,0,0
BRDA:66,1,1,0
BRDA:82,2,0,0
BRDA:82,2,1,0
BRDA:82,3,0,0
BRDA:82,3,1,0
BRDA:82,3,2,0
BRDA:109,4,0,0
BRDA:109,4,1,0
BRDA:115,5,0,0
BRDA:115,5,1,0
BRF:13
BRH:0
end_of_record
TN:
SF:src/craco.config.js
FNF:0
FNH:0
DA:17,0
LF:1
LH:0
BRF:0
BRH:0
end_of_record
TN:
SF:src/setupProxy.disabled.js
FNF:0
FNH:0
LF:0
LH:0
BRF:0
BRH:0
end_of_record
TN:
SF:src/setupProxy.js
FN:3,(anonymous_0)
FN:15,(anonymous_1)
FN:19,(anonymous_2)
FNF:3
FNH:0
FNDA:0,(anonymous_0)
FNDA:0,(anonymous_1)
FNDA:0,(anonymous_2)
DA:1,0
DA:3,0
DA:5,0
DA:17,0
DA:20,0
DA:21,0
LF:6
LH:0
BRDA:8,0,0,0
BRDA:8,0,1,0
BRF:2
BRH:0
end_of_record
TN:
SF:src/components/auth/LoginButton.client.jsx
FN:10,(anonymous_0)
FN:14,(anonymous_1)
FN:32,(anonymous_2)
FNF:3
FNH:0
FNDA:0,(anonymous_0)
FNDA:0,(anonymous_1)
FNDA:0,(anonymous_2)
DA:10,0
DA:11,0
DA:12,0
DA:14,0
DA:15,0
DA:17,0
DA:18,0
DA:19,0
DA:20,0
DA:22,0
DA:23,0
DA:26,0
DA:27,0
DA:28,0
DA:32,0
DA:33,0
DA:34,0
DA:38,0
DA:39,0
DA:50,0
LF:20
LH:0
BRDA:19,0,0,0
BRDA:19,0,1,0
BRDA:27,1,0,0
BRDA:27,1,1,0
BRDA:38,2,0,0
BRDA:38,2,1,0
BRDA:38,3,0,0
BRDA:38,3,1,0
BRDA:76,4,0,0
BRDA:76,4,1,0
BRDA:76,4,2,0
BRDA:79,5,0,0
BRDA:79,5,1,0
BRDA:83,6,0,0
BRDA:83,6,1,0
BRF:15
BRH:0
end_of_record
TN:
SF:src/components/auth/LoginButton.jsx
FN:27,(anonymous_0)
FN:32,(anonymous_1)
FN:71,(anonymous_2)
FN:117,(anonymous_3)
FN:151,(anonymous_4)
FNF:5
FNH:0
FNDA:0,(anonymous_0)
FNDA:0,(anonymous_1)
FNDA:0,(anonymous_2)
FNDA:0,(anonymous_3)
FNDA:0,(anonymous_4)
DA:27,0
DA:28,0
DA:29,0
DA:30,0
DA:32,0
DA:33,0
DA:34,0
DA:38,0
DA:39,0
DA:40,0
DA:41,0
DA:44,0
DA:45,0
DA:47,0
DA:48,0
DA:49,0
DA:51,0
DA:52,0
DA:55,0
DA:56,0
DA:57,0
DA:58,0
DA:61,0
DA:64,0
DA:67,0
DA:68,0
DA:71,0
DA:72,0
DA:73,0
DA:74,0
DA:75,0
DA:76,0
DA:77,0
DA:80,0
DA:81,0
DA:82,0
DA:86,0
DA:89,0
DA:91,0
DA:92,0
DA:99,0
DA:100,0
DA:101,0
DA:105,0
DA:118,0
DA:119,0
DA:151,0
DA:152,0
DA:155,0
DA:156,0
DA:165,0
LF:51
LH:0
BRDA:33,0,0,0
BRDA:33,0,1,0
BRDA:38,1,0,0
BRDA:38,1,1,0
BRDA:38,2,0,0
BRDA:38,2,1,0
BRDA:47,3,0,0
BRDA:47,3,1,0
BRDA:47,4,0,0
BRDA:47,4,1,0
BRDA:55,5,0,0
BRDA:55,5,1,0
BRDA:57,6,0,0
BRDA:57,6,1,0
BRDA:67,7,0,0
BRDA:67,7,1,0
BRDA:73,8,0,0
BRDA:73,8,1,0
BRDA:76,9,0,0
BRDA:76,9,1,0
BRDA:81,10,0,0
BRDA:81,10,1,0
BRDA:91,11,0,0
BRDA:91,11,1,0
BRDA:100,12,0,0
BRDA:100,12,1,0
BRDA:129,13,0,0
BRDA:129,13,1,0
BRDA:129,13,2,0
BRDA:132,14,0,0
BRDA:132,14,1,0
BRDA:136,15,0,0
BRDA:136,15,1,0
BRDA:155,16,0,0
BRDA:155,16,1,0
BRDA:155,17,0,0
BRDA:155,17,1,0
BRDA:155,17,2,0
BRF:38
BRH:0
end_of_record
TN:
SF:src/components/auth/OAuthLoginButton.jsx
FN:34,(anonymous_0)
FN:42,(anonymous_1)
FN:48,(anonymous_2)
FN:64,(anonymous_3)
FN:65,(anonymous_4)
FN:119,(anonymous_5)
FN:123,(anonymous_6)
FN:134,(anonymous_7)
FNF:8
FNH:0
FNDA:0,(anonymous_0)
FNDA:0,(anonymous_1)
FNDA:0,(anonymous_2)
FNDA:0,(anonymous_3)
FNDA:0,(anonymous_4)
FNDA:0,(anonymous_5)
FNDA:0,(anonymous_6)
FNDA:0,(anonymous_7)
DA:18,0
DA:27,0
DA:34,0
DA:35,0
DA:36,0
DA:37,0
DA:38,0
DA:39,0
DA:42,0
DA:43,0
DA:44,0
DA:48,0
DA:49,0
DA:50,0
DA:59,0
DA:60,0
DA:64,0
DA:65,0
DA:66,0
DA:67,0
DA:68,0
DA:70,0
DA:71,0
DA:72,0
DA:74,0
DA:75,0
DA:78,0
DA:80,0
DA:83,0
DA:84,0
DA:85,0
DA:86,0
DA:88,0
DA:90,0
DA:91,0
DA:92,0
DA:94,0
DA:95,0
DA:96,0
DA:97,0
DA:100,0
DA:102,0
DA:105,0
DA:106,0
DA:108,0
DA:110,0
DA:111,0
DA:115,0
DA:119,0
DA:120,0
DA:121,0
DA:123,0
DA:124,0
DA:126,0
DA:127,0
DA:129,0
DA:134,0
DA:135,0
DA:136,0
DA:144,0
DA:145,0
DA:146,0
DA:148,0
DA:149,0
DA:152,0
DA:153,0
DA:154,0
DA:155,0
DA:162,0
DA:165,0
DA:166,0
DA:170,0
DA:171,0
DA:179,0
DA:180,0
DA:189,0
LF:76
LH:0
BRDA:70,0,0,0
BRDA:70,0,1,0
BRDA:78,1,0,0
BRDA:78,1,1,0
BRDA:78,2,0,0
BRDA:78,2,1,0
BRDA:94,3,0,0
BRDA:94,3,1,0
BRDA:94,4,0,0
BRDA:94,4,1,0
BRDA:96,5,0,0
BRDA:96,5,1,0
BRDA:110,6,0,0
BRDA:110,6,1,0
BRDA:110,7,0,0
BRDA:110,7,1,0
BRDA:120,8,0,0
BRDA:120,8,1,0
BRDA:126,9,0,0
BRDA:126,9,1,0
BRDA:129,10,0,0
BRDA:129,10,1,0
BRDA:170,11,0,0
BRDA:170,11,1,0
BRDA:179,12,0,0
BRDA:179,12,1,0
BRDA:179,13,0,0
BRDA:179,13,1,0
BRDA:179,13,2,0
BRDA:202,14,0,0
BRDA:202,14,1,0
BRDA:211,15,0,0
BRDA:211,15,1,0
BRDA:211,16,0,0
BRDA:211,16,1,0
BRDA:215,17,0,0
BRDA:215,17,1,0
BRDA:215,17,2,0
BRDA:218,18,0,0
BRDA:218,18,1,0
BRF:40
BRH:0
end_of_record
TN:
SF:src/components/auth/UserProfile.jsx
FN:20,(anonymous_0)
FN:26,(anonymous_1)
FNF:2
FNH:0
FNDA:0,(anonymous_0)
FNDA:0,(anonymous_1)
DA:20,0
DA:21,0
DA:22,0
DA:24,0
DA:26,0
DA:27,0
DA:28,0
DA:29,0
DA:31,0
DA:33,0
DA:37,0
LF:11
LH:0
BRDA:24,0,0,0
BRDA:24,0,1,0
BRDA:39,1,0,0
BRDA:39,1,1,0
BRDA:53,2,0,0
BRDA:53,2,1,0
BRF:6
BRH:0
end_of_record
TN:
SF:src/components/common/ContextConnector.js
FN:21,(anonymous_0)
FN:25,(anonymous_1)
FNF:2
FNH:0
FNDA:0,(anonymous_0)
FNDA:0,(anonymous_1)
DA:21,0
DA:22,0
DA:23,0
DA:25,0
DA:26,0
DA:27,0
DA:31,0
LF:7
LH:0
BRDA:26,0,0,0
BRDA:26,0,1,0
BRDA:26,1,0,0
BRDA:26,1,1,0
BRF:4
BRH:0
end_of_record
TN:
SF:src/components/common/DataSourceBadge.jsx
FN:24,(anonymous_0)
FNF:1
FNH:0
FNDA:0,(anonymous_0)
DA:24,0
DA:26,0
DA:78,0
DA:86,0
DA:87,0
DA:88,0
DA:89,0
DA:90,0
DA:93,0
LF:9
LH:0
BRDA:24,0,0,0
BRDA:78,1,0,0
BRDA:78,1,1,0
BRDA:87,2,0,0
BRDA:87,2,1,0
BRDA:89,3,0,0
BRDA:89,3,1,0
BRDA:98,4,0,0
BRDA:98,4,1,0
BRF:9
BRH:0
end_of_record
TN:
SF:src/components/common/ErrorBoundary.jsx
FN:26,(anonymous_0)
FN:31,(anonymous_1)
FN:36,(anonymous_2)
FN:42,(anonymous_3)
FN:88,(anonymous_4)
FNF:5
FNH:0
FNDA:0,(anonymous_0)
FNDA:0,(anonymous_1)
FNDA:0,(anonymous_2)
FNDA:0,(anonymous_3)
FNDA:0,(anonymous_4)
DA:27,0
DA:28,0
DA:33,0
DA:38,0
DA:39,0
DA:43,0
DA:44,0
DA:46,0
DA:48,0
DA:49,0
DA:55,0
DA:56,0
DA:58,0
DA:85,0
DA:88,0
DA:89,0
LF:16
LH:0
BRDA:46,0,0,0
BRDA:46,0,1,0
BRDA:48,1,0,0
BRDA:48,1,1,0
BRDA:49,2,0,0
BRDA:49,2,1,0
BRDA:66,3,0,0
BRDA:66,3,1,0
BRDA:70,4,0,0
BRDA:70,4,1,0
BRDA:71,5,0,0
BRDA:71,5,1,0
BRF:12
BRH:0
end_of_record
TN:
SF:src/components/common/LanguageSwitcher.jsx
FN:4,(anonymous_0)
FN:12,(anonymous_1)
FN:14,(anonymous_2)
FN:29,(anonymous_3)
FN:32,(anonymous_4)
FNF:5
FNH:0
FNDA:0,(anonymous_0)
FNDA:0,(anonymous_1)
FNDA:0,(anonymous_2)
FNDA:0,(anonymous_3)
FNDA:0,(anonymous_4)
DA:4,0
DA:5,0
DA:7,0
DA:12,0
DA:14,0
DA:15,0
DA:18,0
DA:30,0
DA:32,0
LF:9
LH:0
BRDA:12,0,0,0
BRDA:12,0,1,0
BRDA:34,1,0,0
BRDA:34,1,1,0
BRDA:39,2,0,0
BRDA:39,2,1,0
BRF:6
BRH:0
end_of_record
TN:
SF:src/components/common/ModernButton.jsx
FN:3,(anonymous_0)
FN:75,(anonymous_1)
FNF:2
FNH:0
FNDA:0,(anonymous_0)
FNDA:0,(anonymous_1)
DA:3,0
DA:15,0
DA:17,0
DA:57,0
DA:65,0
DA:75,0
DA:76,0
DA:99,0
DA:111,0
DA:120,0
LF:10
LH:0
BRDA:5,0,0,0
BRDA:6,1,0,0
BRDA:7,2,0,0
BRDA:8,3,0,0
BRDA:9,4,0,0
BRDA:11,5,0,0
BRDA:12,6,0,0
BRDA:100,7,0,0
BRDA:100,7,1,0
BRDA:101,8,0,0
BRDA:101,8,1,0
BRDA:101,8,2,0
BRDA:101,8,3,0
BRDA:104,9,0,0
BRDA:104,9,1,0
BRDA:105,10,0,0
BRDA:105,10,1,0
BRDA:105,10,2,0
BRDA:105,10,3,0
BRDA:116,11,0,0
BRDA:116,11,1,0
BRDA:123,12,0,0
BRDA:123,12,1,0
BRF:23
BRH:0
end_of_record
TN:
SF:src/components/common/ModernCard.jsx
FN:3,(anonymous_0)
FN:33,(anonymous_1)
FN:39,(anonymous_2)
FN:54,(anonymous_3)
FN:60,(anonymous_4)
FN:67,(anonymous_5)
FN:81,(anonymous_6)
FN:116,(anonymous_7)
FNF:8
FNH:0
FNDA:0,(anonymous_0)
FNDA:0,(anonymous_1)
FNDA:0,(anonymous_2)
FNDA:0,(anonymous_3)
FNDA:0,(anonymous_4)
FNDA:0,(anonymous_5)
FNDA:0,(anonymous_6)
FNDA:0,(anonymous_7)
DA:3,0
DA:14,0
DA:26,0
DA:33,0
DA:34,0
DA:39,0
DA:40,0
DA:47,0
DA:54,0
DA:55,0
DA:60,0
DA:61,0
DA:67,0
DA:75,0
DA:81,0
DA:82,0
DA:83,0
DA:89,0
DA:90,0
DA:92,0
DA:95,0
DA:116,0
DA:117,0
DA:125,0
DA:132,0
DA:133,0
DA:134,0
DA:135,0
DA:136,0
DA:137,0
LF:30
LH:0
BRDA:5,0,0,0
BRDA:6,1,0,0
BRDA:7,2,0,0
BRDA:8,3,0,0
BRDA:9,4,0,0
BRDA:10,5,0,0
BRDA:18,6,0,0
BRDA:18,6,1,0
BRDA:19,7,0,0
BRDA:19,7,1,0
BRDA:20,8,0,0
BRDA:20,8,1,0
BRDA:21,9,0,0
BRDA:21,9,1,0
BRDA:33,10,0,0
BRDA:39,11,0,0
BRDA:39,12,0,0
BRDA:54,13,0,0
BRDA:60,14,0,0
BRDA:71,15,0,0
BRDA:72,16,0,0
BRDA:73,17,0,0
BRDA:82,18,0,0
BRDA:82,18,1,0
BRDA:89,19,0,0
BRDA:89,19,1,0
BRDA:100,20,0,0
BRDA:100,20,1,0
BRDA:105,21,0,0
BRDA:105,21,1,0
BRDA:107,22,0,0
BRDA:107,22,1,0
BRDA:108,23,0,0
BRDA:108,23,1,0
BRDA:108,24,0,0
BRDA:108,24,1,0
BRDA:116,25,0,0
BRDA:116,26,0,0
BRF:38
BRH:0
end_of_record
TN:
SF:src/components/common/ModernForm.jsx
FN:6,(anonymous_0)
FN:15,(anonymous_1)
FN:51,(anonymous_2)
FN:80,(anonymous_3)
FN:93,(anonymous_4)
FN:100,(anonymous_5)
FN:107,(anonymous_6)
FN:115,(anonymous_7)
FN:138,(anonymous_8)
FN:173,(anonymous_9)
FNF:10
FNH:0
FNDA:0,(anonymous_0)
FNDA:0,(anonymous_1)
FNDA:0,(anonymous_2)
FNDA:0,(anonymous_3)
FNDA:0,(anonymous_4)
FNDA:0,(anonymous_5)
FNDA:0,(anonymous_6)
FNDA:0,(anonymous_7)
FNDA:0,(anonymous_8)
FNDA:0,(anonymous_9)
DA:6,0
DA:15,0
DA:16,0
DA:17,0
DA:18,0
DA:22,0
DA:51,0
DA:58,0
DA:80,0
DA:89,0
DA:90,0
DA:91,0
DA:93,0
DA:94,0
DA:95,0
DA:96,0
DA:100,0
DA:101,0
DA:102,0
DA:104,0
DA:107,0
DA:108,0
DA:109,0
DA:110,0
DA:111,0
DA:115,0
DA:116,0
DA:117,0
DA:118,0
DA:119,0
DA:123,0
DA:124,0
DA:131,0
DA:132,0
DA:138,0
DA:170,0
DA:173,0
DA:182,0
DA:183,0
LF:39
LH:0
BRDA:10,0,0,0
BRDA:17,1,0,0
BRDA:17,1,1,0
BRDA:24,2,0,0
BRDA:24,2,1,0
BRDA:27,3,0,0
BRDA:27,3,1,0
BRDA:39,4,0,0
BRDA:39,4,1,0
BRDA:54,5,0,0
BRDA:55,6,0,0
BRDA:60,7,0,0
BRDA:60,7,1,0
BRDA:63,8,0,0
BRDA:63,8,1,0
BRDA:67,9,0,0
BRDA:67,9,1,0
BRDA:84,10,0,0
BRDA:86,11,0,0
BRDA:87,12,0,0
BRDA:94,13,0,0
BRDA:94,13,1,0
BRDA:94,14,0,0
BRDA:94,14,1,0
BRDA:101,15,0,0
BRDA:101,15,1,0
BRDA:110,16,0,0
BRDA:110,16,1,0
BRDA:116,17,0,0
BRDA:116,17,1,0
BRDA:118,18,0,0
BRDA:118,18,1,0
BRDA:123,19,0,0
BRDA:123,19,1,0
BRDA:131,20,0,0
BRDA:131,20,1,0
BRDA:177,21,0,0
BRDA:177,21,1,0
BRF:38
BRH:0
end_of_record
TN:
SF:src/components/common/ModernInput.jsx
FN:3,(anonymous_0)
FNF:1
FNH:0
FNDA:0,(anonymous_0)
DA:3,0
DA:15,0
DA:22,0
DA:42,0
DA:48,0
DA:54,0
DA:64,0
DA:109,0
LF:8
LH:0
BRDA:8,0,0,0
BRDA:9,1,0,0
BRDA:10,2,0,0
BRDA:11,3,0,0
BRDA:12,4,0,0
BRDA:58,5,0,0
BRDA:58,5,1,0
BRDA:58,6,0,0
BRDA:58,6,1,0
BRDA:59,7,0,0
BRDA:59,7,1,0
BRDA:59,8,0,0
BRDA:59,8,1,0
BRDA:60,9,0,0
BRDA:60,9,1,0
BRDA:66,10,0,0
BRDA:66,10,1,0
BRDA:73,11,0,0
BRDA:73,11,1,0
BRDA:75,12,0,0
BRDA:75,12,1,0
BRDA:91,13,0,0
BRDA:91,13,1,0
BRDA:100,14,0,0
BRDA:100,14,1,0
BRDA:100,14,2,0
BRF:26
BRH:0
end_of_record
TN:
SF:src/components/common/ToastNotification.jsx
FN:24,(anonymous_0)
FN:35,(anonymous_1)
FN:37,(anonymous_2)
FN:43,(anonymous_3)
FN:75,(anonymous_4)
FNF:5
FNH:0
FNDA:0,(anonymous_0)
FNDA:0,(anonymous_1)
FNDA:0,(anonymous_2)
FNDA:0,(anonymous_3)
FNDA:0,(anonymous_4)
DA:24,0
DA:31,0
DA:32,0
DA:35,0
DA:36,0
DA:37,0
DA:38,0
DA:39,0
DA:43,0
DA:44,0
DA:45,0
DA:46,0
DA:52,0
DA:57,0
DA:64,0
DA:66,0
DA:76,0
DA:77,0
LF:18
LH:0
BRDA:26,0,0,0
BRDA:27,1,0,0
BRDA:29,2,0,0
BRDA:36,3,0,0
BRDA:36,3,1,0
BRDA:39,4,0,0
BRDA:39,4,1,0
BRDA:44,5,0,0
BRDA:44,5,1,0
BRDA:52,6,0,0
BRDA:52,6,1,0
BRDA:64,7,0,0
BRDA:64,7,1,0
BRDA:77,8,0,0
BRDA:77,8,1,0
BRF:15
BRH:0
end_of_record
TN:
SF:src/components/dashboard/AssetsTable.jsx
FN:23,(anonymous_0)
FN:33,(anonymous_1)
FN:34,(anonymous_2)
FN:67,(anonymous_3)
FN:79,(anonymous_4)
FN:127,(anonymous_5)
FN:133,(anonymous_6)
FNF:7
FNH:0
FNDA:0,(anonymous_0)
FNDA:0,(anonymous_1)
FNDA:0,(anonymous_2)
FNDA:0,(anonymous_3)
FNDA:0,(anonymous_4)
FNDA:0,(anonymous_5)
FNDA:0,(anonymous_6)
DA:23,0
DA:30,0
DA:33,0
DA:34,0
DA:37,0
DA:39,0
DA:41,0
DA:42,0
DA:43,0
DA:44,0
DA:49,0
DA:50,0
DA:51,0
DA:54,0
DA:56,0
DA:67,0
DA:69,0
DA:70,0
DA:79,0
DA:80,0
DA:81,0
DA:82,0
DA:83,0
DA:84,0
DA:85,0
DA:89,0
DA:128,0
DA:135,0
DA:136,0
DA:137,0
DA:139,0
LF:31
LH:0
BRDA:39,0,0,0
BRDA:39,0,1,0
BRDA:41,1,0,0
BRDA:41,1,1,0
BRDA:41,2,0,0
BRDA:41,2,1,0
BRDA:43,3,0,0
BRDA:43,3,1,0
BRDA:43,4,0,0
BRDA:43,4,1,0
BRDA:49,5,0,0
BRDA:49,5,1,0
BRDA:50,6,0,0
BRDA:50,6,1,0
BRDA:54,7,0,0
BRDA:54,7,1,0
BRDA:54,8,0,0
BRDA:54,8,1,0
BRDA:69,9,0,0
BRDA:69,9,1,0
BRDA:80,10,0,0
BRDA:80,10,1,0
BRDA:80,10,2,0
BRDA:80,10,3,0
BRDA:80,10,4,0
BRDA:135,11,0,0
BRDA:135,11,1,0
BRDA:135,12,0,0
BRDA:135,12,1,0
BRDA:137,13,0,0
BRDA:137,13,1,0
BRDA:148,14,0,0
BRDA:148,14,1,0
BRDA:150,15,0,0
BRDA:150,15,1,0
BRDA:158,16,0,0
BRDA:158,16,1,0
BRDA:168,17,0,0
BRDA:168,17,1,0
BRDA:196,18,0,0
BRDA:196,18,1,0
BRDA:197,19,0,0
BRDA:197,19,1,0
BRDA:199,20,0,0
BRDA:199,20,1,0
BRDA:211,21,0,0
BRDA:211,21,1,0
BRDA:213,22,0,0
BRDA:213,22,1,0
BRDA:215,23,0,0
BRDA:215,23,1,0
BRDA:217,24,0,0
BRDA:217,24,1,0
BRDA:226,25,0,0
BRDA:226,25,1,0
BRDA:236,26,0,0
BRDA:236,26,1,0
BRDA:241,27,0,0
BRDA:241,27,1,0
BRF:59
BRH:0
end_of_record
TN:
SF:src/components/dashboard/DifferenceChart.jsx
FN:21,(anonymous_0)
FN:25,(anonymous_1)
FN:29,(anonymous_2)
FN:48,(anonymous_3)
FN:53,(anonymous_4)
FN:66,(anonymous_5)
FN:72,(anonymous_6)
FN:124,(anonymous_7)
FNF:8
FNH:0
FNDA:0,(anonymous_0)
FNDA:0,(anonymous_1)
FNDA:0,(anonymous_2)
FNDA:0,(anonymous_3)
FNDA:0,(anonymous_4)
FNDA:0,(anonymous_5)
FNDA:0,(anonymous_6)
FNDA:0,(anonymous_7)
DA:21,0
DA:22,0
DA:25,0
DA:27,0
DA:29,0
DA:31,0
DA:33,0
DA:35,0
DA:36,0
DA:37,0
DA:38,0
DA:42,0
DA:43,0
DA:47,0
DA:48,0
DA:49,0
DA:53,0
DA:54,0
DA:55,0
DA:56,0
DA:58,0
DA:66,0
DA:69,0
DA:72,0
DA:73,0
DA:74,0
DA:83,0
DA:87,0
DA:88,0
DA:96,0
DA:124,0
LF:31
LH:0
BRDA:33,0,0,0
BRDA:33,0,1,0
BRDA:35,1,0,0
BRDA:35,1,1,0
BRDA:35,2,0,0
BRDA:35,2,1,0
BRDA:37,3,0,0
BRDA:37,3,1,0
BRDA:37,4,0,0
BRDA:37,4,1,0
BRDA:42,5,0,0
BRDA:42,5,1,0
BRDA:54,6,0,0
BRDA:54,6,1,0
BRDA:55,7,0,0
BRDA:55,7,1,0
BRDA:73,8,0,0
BRDA:73,8,1,0
BRDA:73,9,0,0
BRDA:73,9,1,0
BRDA:73,9,2,0
BRDA:78,10,0,0
BRDA:78,10,1,0
BRDA:87,11,0,0
BRDA:87,11,1,0
BRDA:124,12,0,0
BRDA:124,12,1,0
BRF:27
BRH:0
end_of_record
TN:
SF:src/components/dashboard/PortfolioCharts.jsx
FN:21,(anonymous_0)
FN:26,(anonymous_1)
FN:27,(anonymous_2)
FN:37,(anonymous_3)
FN:70,(anonymous_4)
FN:101,(anonymous_5)
FN:104,(anonymous_6)
FN:128,(anonymous_7)
FN:131,(anonymous_8)
FNF:9
FNH:0
FNDA:0,(anonymous_0)
FNDA:0,(anonymous_1)
FNDA:0,(anonymous_2)
FNDA:0,(anonymous_3)
FNDA:0,(anonymous_4)
FNDA:0,(anonymous_5)
FNDA:0,(anonymous_6)
FNDA:0,(anonymous_7)
FNDA:0,(anonymous_8)
DA:21,0
DA:22,0
DA:25,0
DA:26,0
DA:27,0
DA:34,0
DA:36,0
DA:37,0
DA:39,0
DA:41,0
DA:43,0
DA:44,0
DA:45,0
DA:46,0
DA:51,0
DA:52,0
DA:53,0
DA:63,0
DA:70,0
DA:71,0
DA:72,0
DA:81,0
DA:84,0
DA:101,0
DA:105,0
DA:128,0
DA:132,0
LF:27
LH:0
BRDA:36,0,0,0
BRDA:36,0,1,0
BRDA:41,1,0,0
BRDA:41,1,1,0
BRDA:43,2,0,0
BRDA:43,2,1,0
BRDA:43,3,0,0
BRDA:43,3,1,0
BRDA:45,4,0,0
BRDA:45,4,1,0
BRDA:45,5,0,0
BRDA:45,5,1,0
BRDA:51,6,0,0
BRDA:51,6,1,0
BRDA:71,7,0,0
BRDA:71,7,1,0
BRDA:71,8,0,0
BRDA:71,8,1,0
BRDA:71,8,2,0
BRF:19
BRH:0
end_of_record
TN:
SF:src/components/dashboard/PortfolioSummary.jsx
FN:23,(anonymous_0)
FN:45,(anonymous_1)
FN:51,(anonymous_2)
FN:54,(anonymous_3)
FN:63,(anonymous_4)
FN:67,(anonymous_5)
FN:74,(anonymous_6)
FN:109,(anonymous_7)
FN:116,(anonymous_8)
FN:121,(anonymous_9)
FN:122,(anonymous_10)
FN:129,(anonymous_11)
FN:192,(anonymous_12)
FN:352,(anonymous_13)
FN:381,(anonymous_14)
FNF:15
FNH:0
FNDA:0,(anonymous_0)
FNDA:0,(anonymous_1)
FNDA:0,(anonymous_2)
FNDA:0,(anonymous_3)
FNDA:0,(anonymous_4)
FNDA:0,(anonymous_5)
FNDA:0,(anonymous_6)
FNDA:0,(anonymous_7)
FNDA:0,(anonymous_8)
FNDA:0,(anonymous_9)
FNDA:0,(anonymous_10)
FNDA:0,(anonymous_11)
FNDA:0,(anonymous_12)
FNDA:0,(anonymous_13)
FNDA:0,(anonymous_14)
DA:23,0
DA:24,0
DA:33,0
DA:36,0
DA:39,0
DA:42,0
DA:45,0
DA:47,0
DA:48,0
DA:50,0
DA:51,0
DA:52,0
DA:54,0
DA:55,0
DA:59,0
DA:61,0
DA:63,0
DA:64,0
DA:66,0
DA:67,0
DA:68,0
DA:74,0
DA:75,0
DA:76,0
DA:77,0
DA:85,0
DA:86,0
DA:87,0
DA:88,0
DA:89,0
DA:90,0
DA:94,0
DA:95,0
DA:98,0
DA:99,0
DA:102,0
DA:104,0
DA:108,0
DA:109,0
DA:116,0
DA:120,0
DA:121,0
DA:122,0
DA:129,0
DA:132,0
DA:181,0
DA:193,0
DA:353,0
DA:382,0
LF:49
LH:0
BRDA:39,0,0,0
BRDA:39,0,1,0
BRDA:42,1,0,0
BRDA:42,1,1,0
BRDA:50,2,0,0
BRDA:50,2,1,0
BRDA:52,3,0,0
BRDA:52,3,1,0
BRDA:52,4,0,0
BRDA:52,4,1,0
BRDA:52,5,0,0
BRDA:52,5,1,0
BRDA:55,6,0,0
BRDA:55,6,1,0
BRDA:55,7,0,0
BRDA:55,7,1,0
BRDA:55,8,0,0
BRDA:55,8,1,0
BRDA:61,9,0,0
BRDA:61,9,1,0
BRDA:64,10,0,0
BRDA:64,10,1,0
BRDA:66,11,0,0
BRDA:66,11,1,0
BRDA:68,12,0,0
BRDA:68,12,1,0
BRDA:68,13,0,0
BRDA:68,13,1,0
BRDA:68,14,0,0
BRDA:68,14,1,0
BRDA:75,15,0,0
BRDA:75,15,1,0
BRDA:76,16,0,0
BRDA:76,16,1,0
BRDA:86,17,0,0
BRDA:86,17,1,0
BRDA:87,18,0,0
BRDA:87,18,1,0
BRDA:87,19,0,0
BRDA:87,19,1,0
BRDA:89,20,0,0
BRDA:89,20,1,0
BRDA:89,21,0,0
BRDA:89,21,1,0
BRDA:95,22,0,0
BRDA:95,22,1,0
BRDA:98,23,0,0
BRDA:98,23,1,0
BRDA:99,24,0,0
BRDA:99,24,1,0
BRDA:111,25,0,0
BRDA:111,25,1,0
BRDA:124,26,0,0
BRDA:124,26,1,0
BRDA:208,27,0,0
BRDA:208,27,1,0
BRDA:213,28,0,0
BRDA:213,28,1,0
BRDA:226,29,0,0
BRDA:226,29,1,0
BRDA:235,30,0,0
BRDA:235,30,1,0
BRDA:255,31,0,0
BRDA:255,31,1,0
BRDA:258,32,0,0
BRDA:258,32,1,0
BRDA:260,33,0,0
BRDA:260,33,1,0
BRDA:268,34,0,0
BRDA:268,34,1,0
BRDA:268,34,2,0
BRDA:288,35,0,0
BRDA:288,35,1,0
BRDA:291,36,0,0
BRDA:291,36,1,0
BRDA:293,37,0,0
BRDA:293,37,1,0
BRDA:301,38,0,0
BRDA:301,38,1,0
BRDA:321,39,0,0
BRDA:321,39,1,0
BRDA:324,40,0,0
BRDA:324,40,1,0
BRDA:326,41,0,0
BRDA:326,41,1,0
BRDA:329,42,0,0
BRDA:329,42,1,0
BRDA:330,43,0,0
BRDA:330,43,1,0
BRDA:331,44,0,0
BRDA:331,44,1,0
BRDA:332,45,0,0
BRDA:332,45,1,0
BRDA:334,46,0,0
BRDA:334,46,1,0
BRDA:346,47,0,0
BRDA:346,47,1,0
BRDA:375,48,0,0
BRDA:375,48,1,0
BRF:99
BRH:0
end_of_record
TN:
SF:src/components/data/ExportOptions.jsx
FN:20,(anonymous_0)
FN:26,(anonymous_1)
FN:39,(anonymous_2)
FN:42,(anonymous_3)
FN:48,(anonymous_4)
FN:65,(anonymous_5)
FN:81,(anonymous_6)
FN:89,(anonymous_7)
FN:93,(anonymous_8)
FN:96,(anonymous_9)
FN:98,(anonymous_10)
FN:123,(anonymous_11)
FN:134,(anonymous_12)
FNF:13
FNH:0
FNDA:0,(anonymous_0)
FNDA:0,(anonymous_1)
FNDA:0,(anonymous_2)
FNDA:0,(anonymous_3)
FNDA:0,(anonymous_4)
FNDA:0,(anonymous_5)
FNDA:0,(anonymous_6)
FNDA:0,(anonymous_7)
FNDA:0,(anonymous_8)
FNDA:0,(anonymous_9)
FNDA:0,(anonymous_10)
FNDA:0,(anonymous_11)
FNDA:0,(anonymous_12)
DA:20,0
DA:21,0
DA:22,0
DA:23,0
DA:26,0
DA:27,0
DA:35,0
DA:39,0
DA:41,0
DA:42,0
DA:43,0
DA:47,0
DA:48,0
DA:49,0
DA:53,0
DA:54,0
DA:61,0
DA:65,0
DA:66,0
DA:67,0
DA:68,0
DA:69,0
DA:70,0
DA:71,0
DA:72,0
DA:73,0
DA:74,0
DA:75,0
DA:76,0
DA:78,0
DA:81,0
DA:83,0
DA:84,0
DA:89,0
DA:90,0
DA:91,0
DA:92,0
DA:94,0
DA:96,0
DA:99,0
DA:100,0
DA:104,0
DA:105,0
DA:109,0
DA:123,0
DA:134,0
LF:46
LH:0
BRDA:43,0,0,0
BRDA:43,0,1,0
BRDA:43,1,0,0
BRDA:43,1,1,0
BRDA:43,2,0,0
BRDA:43,2,1,0
BRDA:56,3,0,0
BRDA:56,3,1,0
BRDA:57,4,0,0
BRDA:57,4,1,0
BRDA:58,5,0,0
BRDA:58,5,1,0
BRDA:67,6,0,0
BRDA:67,6,1,0
BRDA:68,7,0,0
BRDA:68,7,1,0
BRDA:72,8,0,0
BRDA:72,8,1,0
BRDA:91,9,0,0
BRDA:91,9,1,0
BRDA:121,10,0,0
BRDA:121,10,1,0
BRDA:132,11,0,0
BRDA:132,11,1,0
BRDA:160,12,0,0
BRDA:160,12,1,0
BRDA:163,13,0,0
BRDA:163,13,1,0
BRF:28
BRH:0
end_of_record
TN:
SF:src/components/data/GoogleDriveIntegration.jsx
FN:25,(anonymous_0)
FN:50,(anonymous_1)
FN:60,(anonymous_2)
FN:67,(anonymous_3)
FN:102,(anonymous_4)
FN:117,(anonymous_5)
FN:160,(anonymous_6)
FN:162,(anonymous_7)
FN:243,(anonymous_8)
FN:251,(anonymous_9)
FNF:10
FNH:0
FNDA:0,(anonymous_0)
FNDA:0,(anonymous_1)
FNDA:0,(anonymous_2)
FNDA:0,(anonymous_3)
FNDA:0,(anonymous_4)
FNDA:0,(anonymous_5)
FNDA:0,(anonymous_6)
FNDA:0,(anonymous_7)
FNDA:0,(anonymous_8)
FNDA:0,(anonymous_9)
DA:25,0
DA:26,0
DA:33,0
DA:42,0
DA:44,0
DA:45,0
DA:46,0
DA:47,0
DA:50,0
DA:51,0
DA:53,0
DA:54,0
DA:55,0
DA:60,0
DA:61,0
DA:62,0
DA:67,0
DA:68,0
DA:69,0
DA:72,0
DA:82,0
DA:83,0
DA:84,0
DA:85,0
DA:86,0
DA:92,0
DA:93,0
DA:102,0
DA:103,0
DA:104,0
DA:106,0
DA:107,0
DA:111,0
DA:112,0
DA:113,0
DA:117,0
DA:123,0
DA:125,0
DA:126,0
DA:135,0
DA:136,0
DA:144,0
DA:162,0
DA:163,0
DA:164,0
DA:167,0
DA:168,0
DA:176,0
DA:185,0
DA:186,0
DA:244,0
DA:251,0
LF:52
LH:0
BRDA:51,0,0,0
BRDA:51,0,1,0
BRDA:54,1,0,0
BRDA:54,1,1,0
BRDA:61,2,0,0
BRDA:61,2,1,0
BRDA:61,3,0,0
BRDA:61,3,1,0
BRDA:83,4,0,0
BRDA:83,4,1,0
BRDA:107,5,0,0
BRDA:107,5,1,0
BRDA:117,6,0,0
BRDA:117,6,1,0
BRDA:135,7,0,0
BRDA:135,7,1,0
BRDA:150,8,0,0
BRDA:150,8,1,0
BRDA:151,9,0,0
BRDA:151,9,1,0
BRDA:155,10,0,0
BRDA:155,10,1,0
BRDA:196,11,0,0
BRDA:196,11,1,0
BRDA:200,12,0,0
BRDA:200,12,1,0
BRDA:203,13,0,0
BRDA:203,13,1,0
BRDA:203,14,0,0
BRDA:203,14,1,0
BRDA:217,15,0,0
BRDA:217,15,1,0
BRDA:224,16,0,0
BRDA:224,16,1,0
BRDA:225,17,0,0
BRDA:225,17,1,0
BRDA:227,18,0,0
BRDA:227,18,1,0
BRDA:234,19,0,0
BRDA:234,19,1,0
BRDA:237,20,0,0
BRDA:237,20,1,0
BRDA:237,21,0,0
BRDA:237,21,1,0
BRDA:239,22,0,0
BRDA:239,22,1,0
BRDA:257,23,0,0
BRDA:257,23,1,0
BRDA:276,24,0,0
BRDA:276,24,1,0
BRF:50
BRH:0
end_of_record
TN:
SF:src/components/data/ImportOptions.jsx
FN:20,(anonymous_0)
FN:30,(anonymous_1)
FN:45,(anonymous_2)
FN:52,(anonymous_3)
FN:58,(anonymous_4)
FN:80,(anonymous_5)
FN:89,(anonymous_6)
FN:106,(anonymous_7)
FN:112,(anonymous_8)
FN:136,(anonymous_9)
FN:149,(anonymous_10)
FN:175,(anonymous_11)
FN:180,(anonymous_12)
FN:202,(anonymous_13)
FN:227,(anonymous_14)
FN:232,(anonymous_15)
FN:268,(anonymous_16)
FN:279,(anonymous_17)
FN:298,(anonymous_18)
FN:309,(anonymous_19)
FN:320,(anonymous_20)
FN:374,(anonymous_21)
FNF:22
FNH:0
FNDA:0,(anonymous_0)
FNDA:0,(anonymous_1)
FNDA:0,(anonymous_2)
FNDA:0,(anonymous_3)
FNDA:0,(anonymous_4)
FNDA:0,(anonymous_5)
FNDA:0,(anonymous_6)
FNDA:0,(anonymous_7)
FNDA:0,(anonymous_8)
FNDA:0,(anonymous_9)
FNDA:0,(anonymous_10)
FNDA:0,(anonymous_11)
FNDA:0,(anonymous_12)
FNDA:0,(anonymous_13)
FNDA:0,(anonymous_14)
FNDA:0,(anonymous_15)
FNDA:0,(anonymous_16)
FNDA:0,(anonymous_17)
FNDA:0,(anonymous_18)
FNDA:0,(anonymous_19)
FNDA:0,(anonymous_20)
FNDA:0,(anonymous_21)
DA:20,0
DA:21,0
DA:23,0
DA:24,0
DA:25,0
DA:26,0
DA:27,0
DA:30,0
DA:32,0
DA:33,0
DA:34,0
DA:35,0
DA:37,0
DA:38,0
DA:39,0
DA:41,0
DA:42,0
DA:44,0
DA:45,0
DA:51,0
DA:52,0
DA:56,0
DA:58,0
DA:59,0
DA:60,0
DA:67,0
DA:80,0
DA:81,0
DA:82,0
DA:84,0
DA:85,0
DA:87,0
DA:89,0
DA:90,0
DA:91,0
DA:94,0
DA:95,0
DA:97,0
DA:101,0
DA:106,0
DA:112,0
DA:119,0
DA:120,0
DA:121,0
DA:123,0
DA:124,0
DA:126,0
DA:129,0
DA:130,0
DA:132,0
DA:136,0
DA:137,0
DA:138,0
DA:141,0
DA:142,0
DA:144,0
DA:149,0
DA:150,0
DA:151,0
DA:152,0
DA:154,0
DA:156,0
DA:157,0
DA:161,0
DA:162,0
DA:164,0
DA:167,0
DA:168,0
DA:172,0
DA:175,0
DA:180,0
DA:187,0
DA:188,0
DA:189,0
DA:191,0
DA:194,0
DA:195,0
DA:197,0
DA:202,0
DA:203,0
DA:204,0
DA:205,0
DA:208,0
DA:209,0
DA:210,0
DA:213,0
DA:214,0
DA:216,0
DA:219,0
DA:220,0
DA:224,0
DA:227,0
DA:232,0
DA:239,0
DA:240,0
DA:241,0
DA:243,0
DA:245,0
DA:247,0
DA:248,0
DA:250,0
DA:254,0
DA:268,0
DA:279,0
DA:298,0
DA:309,0
DA:320,0
DA:374,0
LF:108
LH:0
BRDA:39,0,0,0
BRDA:39,0,1,0
BRDA:41,1,0,0
BRDA:41,1,1,0
BRDA:44,2,0,0
BRDA:44,2,1,0
BRDA:49,3,0,0
BRDA:49,3,1,0
BRDA:51,4,0,0
BRDA:51,4,1,0
BRDA:56,5,0,0
BRDA:56,5,1,0
BRDA:59,6,0,0
BRDA:59,6,1,0
BRDA:59,7,0,0
BRDA:59,7,1,0
BRDA:68,8,0,0
BRDA:68,8,1,0
BRDA:70,9,0,0
BRDA:70,9,1,0
BRDA:71,10,0,0
BRDA:71,10,1,0
BRDA:72,11,0,0
BRDA:72,11,1,0
BRDA:82,12,0,0
BRDA:82,12,1,0
BRDA:94,13,0,0
BRDA:94,13,1,0
BRDA:104,14,0,0
BRDA:104,14,1,0
BRDA:106,15,0,0
BRDA:106,15,1,0
BRDA:108,16,0,0
BRDA:108,16,1,0
BRDA:109,17,0,0
BRDA:109,17,1,0
BRDA:112,18,0,0
BRDA:112,18,1,0
BRDA:114,19,0,0
BRDA:114,19,1,0
BRDA:115,20,0,0
BRDA:115,20,1,0
BRDA:123,21,0,0
BRDA:123,21,1,0
BRDA:123,22,0,0
BRDA:123,22,1,0
BRDA:124,23,0,0
BRDA:124,23,1,0
BRDA:126,24,0,0
BRDA:126,24,1,0
BRDA:141,25,0,0
BRDA:141,25,1,0
BRDA:156,26,0,0
BRDA:156,26,1,0
BRDA:161,27,0,0
BRDA:161,27,1,0
BRDA:167,28,0,0
BRDA:167,28,1,0
BRDA:174,29,0,0
BRDA:174,29,1,0
BRDA:175,30,0,0
BRDA:175,30,1,0
BRDA:177,31,0,0
BRDA:177,31,1,0
BRDA:178,32,0,0
BRDA:178,32,1,0
BRDA:180,33,0,0
BRDA:180,33,1,0
BRDA:182,34,0,0
BRDA:182,34,1,0
BRDA:183,35,0,0
BRDA:183,35,1,0
BRDA:188,36,0,0
BRDA:188,36,1,0
BRDA:188,37,0,0
BRDA:188,37,1,0
BRDA:189,38,0,0
BRDA:189,38,1,0
BRDA:191,39,0,0
BRDA:191,39,1,0
BRDA:203,40,0,0
BRDA:203,40,1,0
BRDA:213,41,0,0
BRDA:213,41,1,0
BRDA:219,42,0,0
BRDA:219,42,1,0
BRDA:226,43,0,0
BRDA:226,43,1,0
BRDA:227,44,0,0
BRDA:227,44,1,0
BRDA:229,45,0,0
BRDA:229,45,1,0
BRDA:230,46,0,0
BRDA:230,46,1,0
BRDA:232,47,0,0
BRDA:232,47,1,0
BRDA:234,48,0,0
BRDA:234,48,1,0
BRDA:235,49,0,0
BRDA:235,49,1,0
BRDA:240,50,0,0
BRDA:240,50,1,0
BRDA:240,51,0,0
BRDA:240,51,1,0
BRDA:241,52,0,0
BRDA:241,52,1,0
BRDA:243,53,0,0
BRDA:243,53,1,0
BRDA:266,54,0,0
BRDA:266,54,1,0
BRDA:277,55,0,0
BRDA:277,55,1,0
BRDA:296,56,0,0
BRDA:296,56,1,0
BRDA:307,57,0,0
BRDA:307,57,1,0
BRDA:318,58,0,0
BRDA:318,58,1,0
BRDA:329,59,0,0
BRDA:329,59,1,0
BRDA:337,60,0,0
BRDA:337,60,1,0
BRDA:349,61,0,0
BRDA:349,61,1,0
BRDA:357,62,0,0
BRDA:357,62,1,0
BRDA:365,63,0,0
BRDA:365,63,1,0
BRDA:375,64,0,0
BRDA:375,64,1,0
BRDA:382,65,0,0
BRDA:382,65,1,0
BRDA:384,66,0,0
BRDA:384,66,1,0
BRDA:389,67,0,0
BRDA:389,67,1,0
BRDA:392,68,0,0
BRDA:392,68,1,0
BRF:138
BRH:0
end_of_record
TN:
SF:src/components/layout/DataStatusBar.jsx
FN:20,(anonymous_0)
FNF:1
FNH:0
FNDA:0,(anonymous_0)
DA:20,0
DA:27,0
DA:31,0
DA:34,0
LF:4
LH:0
BRDA:31,0,0,0
BRDA:31,0,1,0
BRDA:35,1,0,0
BRDA:35,1,1,0
BRDA:39,2,0,0
BRDA:39,2,1,0
BRDA:41,3,0,0
BRDA:41,3,1,0
BRDA:45,4,0,0
BRDA:45,4,1,0
BRDA:46,5,0,0
BRDA:46,5,1,0
BRDA:49,6,0,0
BRDA:49,6,1,0
BRDA:51,7,0,0
BRDA:51,7,1,0
BRDA:53,8,0,0
BRDA:53,8,1,0
BRDA:54,9,0,0
BRDA:54,9,1,0
BRDA:65,10,0,0
BRDA:65,10,1,0
BRDA:78,11,0,0
BRDA:78,11,1,0
BRDA:81,12,0,0
BRDA:81,12,1,0
BRF:26
BRH:0
end_of_record
TN:
SF:src/components/layout/Header.jsx
FN:25,(anonymous_0)
FNF:1
FNH:0
FNDA:0,(anonymous_0)
DA:25,0
DA:26,0
DA:27,0
DA:34,0
DA:36,0
LF:5
LH:0
BRDA:57,0,0,0
BRDA:57,0,1,0
BRDA:66,1,0,0
BRDA:66,1,1,0
BRDA:71,2,0,0
BRDA:71,2,1,0
BRDA:94,3,0,0
BRDA:94,3,1,0
BRDA:95,4,0,0
BRDA:95,4,1,0
BRDA:102,5,0,0
BRDA:102,5,1,0
BRF:12
BRH:0
end_of_record
TN:
SF:src/components/layout/TabNavigation.jsx
FN:20,(anonymous_0)
FN:66,(anonymous_1)
FN:70,(anonymous_2)
FN:78,(anonymous_3)
FNF:4
FNH:0
FNDA:0,(anonymous_0)
FNDA:0,(anonymous_1)
FNDA:0,(anonymous_2)
FNDA:0,(anonymous_3)
DA:20,0
DA:21,0
DA:23,0
DA:63,0
DA:67,0
DA:70,0
DA:79,0
LF:7
LH:0
BRDA:72,0,0,0
BRDA:72,0,1,0
BRDA:81,1,0,0
BRDA:81,1,1,0
BRDA:86,2,0,0
BRDA:86,2,1,0
BRDA:92,3,0,0
BRDA:92,3,1,0
BRF:8
BRH:0
end_of_record
TN:
SF:src/components/settings/AiPromptSettings.jsx
FN:19,(anonymous_0)
FN:102,(anonymous_1)
FN:108,(anonymous_2)
FN:112,(anonymous_3)
FN:116,(anonymous_4)
FN:140,(anonymous_5)
FNF:6
FNH:0
FNDA:0,(anonymous_0)
FNDA:0,(anonymous_1)
FNDA:0,(anonymous_2)
FNDA:0,(anonymous_3)
FNDA:0,(anonymous_4)
FNDA:0,(anonymous_5)
DA:19,0
DA:20,0
DA:23,0
DA:98,0
DA:99,0
DA:102,0
DA:103,0
DA:104,0
DA:108,0
DA:109,0
DA:110,0
DA:111,0
DA:112,0
DA:116,0
DA:117,0
DA:120,0
DA:140,0
LF:17
LH:0
BRDA:98,0,0,0
BRDA:98,0,1,0
BRDA:103,1,0,0
BRDA:103,1,1,0
BRDA:109,2,0,0
BRDA:109,2,1,0
BRDA:160,3,0,0
BRDA:160,3,1,0
BRF:8
BRH:0
end_of_record
TN:
SF:src/components/settings/AllocationEditor.jsx
FN:19,(anonymous_0)
FN:27,(anonymous_1)
FN:29,(anonymous_2)
FN:35,(anonymous_3)
FN:40,(anonymous_4)
FN:50,(anonymous_5)
FN:58,(anonymous_6)
FN:70,(anonymous_7)
FN:76,(anonymous_8)
FN:90,(anonymous_9)
FN:98,(anonymous_10)
FN:111,(anonymous_11)
FN:114,(anonymous_12)
FN:149,(anonymous_13)
FN:162,(anonymous_14)
FNF:15
FNH:0
FNDA:0,(anonymous_0)
FNDA:0,(anonymous_1)
FNDA:0,(anonymous_2)
FNDA:0,(anonymous_3)
FNDA:0,(anonymous_4)
FNDA:0,(anonymous_5)
FNDA:0,(anonymous_6)
FNDA:0,(anonymous_7)
FNDA:0,(anonymous_8)
FNDA:0,(anonymous_9)
FNDA:0,(anonymous_10)
FNDA:0,(anonymous_11)
FNDA:0,(anonymous_12)
FNDA:0,(anonymous_13)
FNDA:0,(anonymous_14)
DA:19,0
DA:20,0
DA:21,0
DA:22,0
DA:23,0
DA:24,0
DA:27,0
DA:28,0
DA:29,0
DA:30,0
DA:32,0
DA:35,0
DA:36,0
DA:40,0
DA:42,0
DA:43,0
DA:46,0
DA:47,0
DA:50,0
DA:51,0
DA:54,0
DA:58,0
DA:59,0
DA:60,0
DA:61,0
DA:64,0
DA:65,0
DA:66,0
DA:70,0
DA:71,0
DA:73,0
DA:74,0
DA:76,0
DA:77,0
DA:78,0
DA:81,0
DA:82,0
DA:83,0
DA:87,0
DA:88,0
DA:90,0
DA:91,0
DA:92,0
DA:93,0
DA:97,0
DA:98,0
DA:99,0
DA:100,0
DA:101,0
DA:104,0
DA:105,0
DA:106,0
DA:111,0
DA:112,0
DA:113,0
DA:114,0
DA:115,0
DA:116,0
DA:121,0
DA:122,0
DA:131,0
DA:150,0
DA:162,0
LF:63
LH:0
BRDA:42,0,0,0
BRDA:42,0,1,0
BRDA:59,1,0,0
BRDA:59,1,1,0
BRDA:64,2,0,0
BRDA:64,2,1,0
BRDA:71,3,0,0
BRDA:71,3,1,0
BRDA:97,4,0,0
BRDA:97,4,1,0
BRDA:121,5,0,0
BRDA:121,5,1,0
BRDA:136,6,0,0
BRDA:136,6,1,0
BRDA:161,7,0,0
BRDA:161,7,1,0
BRDA:174,8,0,0
BRDA:174,8,1,0
BRDA:176,9,0,0
BRDA:176,9,1,0
BRDA:178,10,0,0
BRDA:178,10,1,0
BRF:22
BRH:0
end_of_record
TN:
SF:src/components/settings/HoldingsEditor.jsx
FN:27,(anonymous_0)
FN:41,(anonymous_1)
FN:49,(anonymous_2)
FN:52,(anonymous_3)
FN:80,(anonymous_4)
FN:86,(anonymous_5)
FNF:6
FNH:0
FNDA:0,(anonymous_0)
FNDA:0,(anonymous_1)
FNDA:0,(anonymous_2)
FNDA:0,(anonymous_3)
FNDA:0,(anonymous_4)
FNDA:0,(anonymous_5)
DA:27,0
DA:28,0
DA:35,0
DA:37,0
DA:38,0
DA:41,0
DA:42,0
DA:43,0
DA:44,0
DA:49,0
DA:50,0
DA:51,0
DA:52,0
DA:53,0
DA:54,0
DA:59,0
DA:60,0
DA:76,0
DA:81,0
DA:87,0
DA:88,0
LF:21
LH:0
BRDA:42,0,0,0
BRDA:42,0,1,0
BRDA:59,1,0,0
BRDA:59,1,1,0
BRDA:127,2,0,0
BRDA:127,2,1,0
BRDA:129,3,0,0
BRDA:129,3,1,0
BRDA:131,4,0,0
BRDA:131,4,1,0
BRDA:137,5,0,0
BRDA:137,5,1,0
BRDA:139,6,0,0
BRDA:139,6,1,0
BRDA:143,7,0,0
BRDA:143,7,1,0
BRDA:147,8,0,0
BRDA:147,8,1,0
BRDA:158,9,0,0
BRDA:158,9,1,0
BRDA:160,10,0,0
BRDA:160,10,1,0
BRF:22
BRH:0
end_of_record
TN:
SF:src/components/settings/ModernHoldingCard.jsx
FN:10,(anonymous_0)
FN:22,(anonymous_1)
FN:38,(anonymous_2)
FN:48,(anonymous_3)
FN:57,(anonymous_4)
FN:68,(anonymous_5)
FN:73,(anonymous_6)
FN:83,(anonymous_7)
FN:127,(anonymous_8)
FN:148,(anonymous_9)
FN:170,(anonymous_10)
FN:183,(anonymous_11)
FN:191,(anonymous_12)
FN:198,(anonymous_13)
FNF:14
FNH:0
FNDA:0,(anonymous_0)
FNDA:0,(anonymous_1)
FNDA:0,(anonymous_2)
FNDA:0,(anonymous_3)
FNDA:0,(anonymous_4)
FNDA:0,(anonymous_5)
FNDA:0,(anonymous_6)
FNDA:0,(anonymous_7)
FNDA:0,(anonymous_8)
FNDA:0,(anonymous_9)
FNDA:0,(anonymous_10)
FNDA:0,(anonymous_11)
FNDA:0,(anonymous_12)
FNDA:0,(anonymous_13)
DA:10,0
DA:17,0
DA:18,0
DA:19,0
DA:22,0
DA:23,0
DA:26,0
DA:27,0
DA:28,0
DA:29,0
DA:30,0
DA:34,0
DA:38,0
DA:39,0
DA:40,0
DA:43,0
DA:44,0
DA:48,0
DA:49,0
DA:50,0
DA:53,0
DA:54,0
DA:57,0
DA:58,0
DA:59,0
DA:60,0
DA:61,0
DA:64,0
DA:65,0
DA:68,0
DA:69,0
DA:70,0
DA:73,0
DA:74,0
DA:75,0
DA:78,0
DA:79,0
DA:80,0
DA:83,0
DA:85,0
DA:86,0
DA:87,0
DA:90,0
DA:91,0
DA:92,0
DA:94,0
DA:97,0
DA:127,0
DA:148,0
DA:170,0
DA:183,0
DA:191,0
DA:198,0
LF:53
LH:0
BRDA:26,0,0,0
BRDA:26,0,1,0
BRDA:27,1,0,0
BRDA:27,1,1,0
BRDA:27,2,0,0
BRDA:27,2,1,0
BRDA:28,3,0,0
BRDA:28,3,1,0
BRDA:29,4,0,0
BRDA:29,4,1,0
BRDA:29,5,0,0
BRDA:29,5,1,0
BRDA:30,6,0,0
BRDA:30,6,1,0
BRDA:39,7,0,0
BRDA:39,7,1,0
BRDA:39,8,0,0
BRDA:39,8,1,0
BRDA:44,9,0,0
BRDA:44,9,1,0
BRDA:49,10,0,0
BRDA:49,10,1,0
BRDA:54,11,0,0
BRDA:54,11,1,0
BRDA:59,12,0,0
BRDA:59,12,1,0
BRDA:59,13,0,0
BRDA:59,13,1,0
BRDA:85,14,0,0
BRDA:85,14,1,0
BRDA:87,15,0,0
BRDA:87,15,1,0
BRDA:90,16,0,0
BRDA:90,16,1,0
BRDA:92,17,0,0
BRDA:92,17,1,0
BRDA:108,18,0,0
BRDA:108,18,1,0
BRDA:143,19,0,0
BRDA:143,19,1,0
BRDA:216,20,0,0
BRDA:216,20,1,0
BRDA:223,21,0,0
BRDA:223,21,1,0
BRDA:228,22,0,0
BRDA:228,22,1,0
BRDA:235,23,0,0
BRDA:235,23,1,0
BRDA:240,24,0,0
BRDA:240,24,1,0
BRDA:240,24,2,0
BRDA:244,25,0,0
BRDA:244,25,1,0
BRDA:245,26,0,0
BRDA:245,26,1,0
BRDA:246,27,0,0
BRDA:246,27,1,0
BRDA:247,28,0,0
BRDA:247,28,1,0
BRF:59
BRH:0
end_of_record
TN:
SF:src/components/settings/PopularTickers.jsx
FN:65,(anonymous_0)
FN:74,(anonymous_1)
FN:88,(anonymous_2)
FN:102,(anonymous_3)
FN:105,(anonymous_4)
FN:134,(anonymous_5)
FN:144,(anonymous_6)
FN:154,(anonymous_7)
FN:164,(anonymous_8)
FN:176,(anonymous_9)
FN:179,(anonymous_10)
FNF:11
FNH:0
FNDA:0,(anonymous_0)
FNDA:0,(anonymous_1)
FNDA:0,(anonymous_2)
FNDA:0,(anonymous_3)
FNDA:0,(anonymous_4)
FNDA:0,(anonymous_5)
FNDA:0,(anonymous_6)
FNDA:0,(anonymous_7)
FNDA:0,(anonymous_8)
FNDA:0,(anonymous_9)
FNDA:0,(anonymous_10)
DA:22,0
DA:32,0
DA:42,0
DA:52,0
DA:65,0
DA:66,0
DA:67,0
DA:68,0
DA:69,0
DA:70,0
DA:71,0
DA:74,0
DA:75,0
DA:76,0
DA:77,0
DA:80,0
DA:81,0
DA:84,0
DA:86,0
DA:88,0
DA:89,0
DA:91,0
DA:94,0
DA:95,0
DA:97,0
DA:102,0
DA:103,0
DA:104,0
DA:105,0
DA:106,0
DA:107,0
DA:113,0
DA:115,0
DA:116,0
DA:118,0
DA:119,0
DA:121,0
DA:122,0
DA:124,0
DA:125,0
DA:127,0
DA:130,0
DA:134,0
DA:144,0
DA:154,0
DA:164,0
DA:177,0
DA:179,0
LF:48
LH:0
BRDA:75,0,0,0
BRDA:75,0,1,0
BRDA:86,1,0,0
BRDA:86,1,1,0
BRDA:89,2,0,0
BRDA:89,2,1,0
BRDA:91,3,0,0
BRDA:91,3,1,0
BRDA:113,4,0,0
BRDA:113,4,1,0
BRDA:113,4,2,0
BRDA:113,4,3,0
BRDA:113,4,4,0
BRDA:136,5,0,0
BRDA:136,5,1,0
BRDA:146,6,0,0
BRDA:146,6,1,0
BRDA:156,7,0,0
BRDA:156,7,1,0
BRDA:166,8,0,0
BRDA:166,8,1,0
BRDA:180,9,0,0
BRDA:180,9,1,0
BRDA:182,10,0,0
BRDA:182,10,1,0
BRDA:189,11,0,0
BRDA:189,11,1,0
BRDA:196,12,0,0
BRDA:196,12,1,0
BRDA:198,13,0,0
BRDA:198,13,1,0
BRDA:200,14,0,0
BRDA:200,14,1,0
BRF:33
BRH:0
end_of_record
TN:
SF:src/components/settings/TickerSearch.jsx
FN:20,(anonymous_0)
FN:28,(anonymous_1)
FN:68,(anonymous_2)
FN:71,(anonymous_3)
FN:84,(anonymous_4)
FNF:5
FNH:0
FNDA:0,(anonymous_0)
FNDA:0,(anonymous_1)
FNDA:0,(anonymous_2)
FNDA:0,(anonymous_3)
FNDA:0,(anonymous_4)
DA:20,0
DA:21,0
DA:22,0
DA:23,0
DA:24,0
DA:25,0
DA:28,0
DA:29,0
DA:32,0
DA:33,0
DA:34,0
DA:38,0
DA:39,0
DA:40,0
DA:41,0
DA:44,0
DA:45,0
DA:48,0
DA:51,0
DA:53,0
DA:54,0
DA:55,0
DA:57,0
DA:60,0
DA:61,0
DA:63,0
DA:68,0
DA:69,0
DA:70,0
DA:71,0
DA:72,0
DA:73,0
DA:77,0
DA:84,0
LF:34
LH:0
BRDA:32,0,0,0
BRDA:32,0,1,0
BRDA:39,1,0,0
BRDA:39,1,1,0
BRDA:53,2,0,0
BRDA:53,2,1,0
BRDA:54,3,0,0
BRDA:54,3,1,0
BRDA:57,4,0,0
BRDA:57,4,1,0
BRDA:92,5,0,0
BRDA:92,5,1,0
BRDA:98,6,0,0
BRDA:98,6,1,0
BRDA:115,7,0,0
BRDA:115,7,1,0
BRDA:117,8,0,0
BRDA:117,8,1,0
BRF:18
BRH:0
end_of_record
TN:
SF:src/components/simulation/AiAnalysisPrompt.jsx
FN:20,(anonymous_0)
FN:34,(anonymous_1)
FN:40,(anonymous_2)
FN:60,(anonymous_3)
FN:87,(anonymous_4)
FN:91,(anonymous_5)
FN:98,(anonymous_6)
FN:99,(anonymous_7)
FN:106,(anonymous_8)
FN:107,(anonymous_9)
FN:111,(anonymous_10)
FN:122,(anonymous_11)
FN:139,(anonymous_12)
FN:144,(anonymous_13)
FN:215,(anonymous_14)
FN:217,(anonymous_15)
FN:219,(anonymous_16)
FN:221,(anonymous_17)
FN:228,(anonymous_18)
FN:268,(anonymous_19)
FNF:20
FNH:0
FNDA:0,(anonymous_0)
FNDA:0,(anonymous_1)
FNDA:0,(anonymous_2)
FNDA:0,(anonymous_3)
FNDA:0,(anonymous_4)
FNDA:0,(anonymous_5)
FNDA:0,(anonymous_6)
FNDA:0,(anonymous_7)
FNDA:0,(anonymous_8)
FNDA:0,(anonymous_9)
FNDA:0,(anonymous_10)
FNDA:0,(anonymous_11)
FNDA:0,(anonymous_12)
FNDA:0,(anonymous_13)
FNDA:0,(anonymous_14)
FNDA:0,(anonymous_15)
FNDA:0,(anonymous_16)
FNDA:0,(anonymous_17)
FNDA:0,(anonymous_18)
FNDA:0,(anonymous_19)
DA:20,0
DA:28,0
DA:30,0
DA:31,0
DA:34,0
DA:36,0
DA:37,0
DA:40,0
DA:41,0
DA:43,0
DA:46,0
DA:47,0
DA:48,0
DA:49,0
DA:50,0
DA:54,0
DA:58,0
DA:60,0
DA:61,0
DA:62,0
DA:69,0
DA:72,0
DA:73,0
DA:74,0
DA:75,0
DA:76,0
DA:80,0
DA:82,0
DA:87,0
DA:91,0
DA:93,0
DA:94,0
DA:97,0
DA:99,0
DA:100,0
DA:106,0
DA:107,0
DA:111,0
DA:112,0
DA:114,0
DA:115,0
DA:117,0
DA:122,0
DA:123,0
DA:124,0
DA:127,0
DA:128,0
DA:130,0
DA:139,0
DA:144,0
DA:209,0
DA:212,0
DA:215,0
DA:216,0
DA:218,0
DA:219,0
DA:222,0
DA:228,0
DA:229,0
DA:230,0
DA:231,0
DA:234,0
DA:268,0
LF:63
LH:0
BRDA:36,0,0,0
BRDA:36,0,1,0
BRDA:36,1,0,0
BRDA:36,1,1,0
BRDA:41,2,0,0
BRDA:41,2,1,0
BRDA:41,3,0,0
BRDA:41,3,1,0
BRDA:46,4,0,0
BRDA:46,4,1,0
BRDA:47,5,0,0
BRDA:47,5,1,0
BRDA:47,6,0,0
BRDA:47,6,1,0
BRDA:47,6,2,0
BRDA:49,7,0,0
BRDA:49,7,1,0
BRDA:49,8,0,0
BRDA:49,8,1,0
BRDA:49,8,2,0
BRDA:58,9,0,0
BRDA:58,9,1,0
BRDA:61,10,0,0
BRDA:61,10,1,0
BRDA:61,11,0,0
BRDA:61,11,1,0
BRDA:64,12,0,0
BRDA:64,12,1,0
BRDA:72,13,0,0
BRDA:72,13,1,0
BRDA:73,14,0,0
BRDA:73,14,1,0
BRDA:73,15,0,0
BRDA:73,15,1,0
BRDA:73,15,2,0
BRDA:75,16,0,0
BRDA:75,16,1,0
BRDA:75,17,0,0
BRDA:75,17,1,0
BRDA:75,17,2,0
BRDA:84,18,0,0
BRDA:84,18,1,0
BRDA:93,19,0,0
BRDA:93,19,1,0
BRDA:93,20,0,0
BRDA:93,20,1,0
BRDA:102,21,0,0
BRDA:102,21,1,0
BRDA:102,22,0,0
BRDA:102,22,1,0
BRDA:103,23,0,0
BRDA:103,23,1,0
BRDA:112,24,0,0
BRDA:112,24,1,0
BRDA:112,25,0,0
BRDA:112,25,1,0
BRDA:114,26,0,0
BRDA:114,26,1,0
BRDA:127,27,0,0
BRDA:127,27,1,0
BRDA:128,28,0,0
BRDA:128,28,1,0
BRDA:128,28,2,0
BRDA:134,29,0,0
BRDA:134,29,1,0
BRDA:134,30,0,0
BRDA:134,30,1,0
BRDA:134,31,0,0
BRDA:134,31,1,0
BRDA:138,32,0,0
BRDA:138,32,1,0
BRDA:143,33,0,0
BRDA:143,33,1,0
BRDA:187,34,0,0
BRDA:187,34,1,0
BRDA:187,35,0,0
BRDA:187,35,1,0
BRDA:229,36,0,0
BRDA:229,36,1,0
BRDA:243,37,0,0
BRDA:243,37,1,0
BRDA:251,38,0,0
BRDA:251,38,1,0
BRDA:271,39,0,0
BRDA:271,39,1,0
BRF:85
BRH:0
end_of_record
TN:
SF:src/components/simulation/BudgetInput.jsx
FN:20,(anonymous_0)
FN:28,(anonymous_1)
FN:34,(anonymous_2)
FN:39,(anonymous_3)
FN:45,(anonymous_4)
FN:57,(anonymous_5)
FN:59,(anonymous_6)
FN:63,(anonymous_7)
FN:65,(anonymous_8)
FN:69,(anonymous_9)
FN:74,(anonymous_10)
FN:79,(anonymous_11)
FN:86,(anonymous_12)
FN:117,(anonymous_13)
FN:128,(anonymous_14)
FN:186,(anonymous_15)
FN:191,(anonymous_16)
FNF:17
FNH:0
FNDA:0,(anonymous_0)
FNDA:0,(anonymous_1)
FNDA:0,(anonymous_2)
FNDA:0,(anonymous_3)
FNDA:0,(anonymous_4)
FNDA:0,(anonymous_5)
FNDA:0,(anonymous_6)
FNDA:0,(anonymous_7)
FNDA:0,(anonymous_8)
FNDA:0,(anonymous_9)
FNDA:0,(anonymous_10)
FNDA:0,(anonymous_11)
FNDA:0,(anonymous_12)
FNDA:0,(anonymous_13)
FNDA:0,(anonymous_14)
FNDA:0,(anonymous_15)
FNDA:0,(anonymous_16)
DA:20,0
DA:21,0
DA:24,0
DA:25,0
DA:28,0
DA:29,0
DA:30,0
DA:34,0
DA:35,0
DA:39,0
DA:40,0
DA:41,0
DA:45,0
DA:46,0
DA:49,0
DA:50,0
DA:51,0
DA:52,0
DA:57,0
DA:58,0
DA:59,0
DA:63,0
DA:64,0
DA:65,0
DA:69,0
DA:70,0
DA:74,0
DA:75,0
DA:79,0
DA:80,0
DA:86,0
DA:87,0
DA:89,0
DA:90,0
DA:93,0
DA:98,0
DA:99,0
DA:101,0
DA:117,0
DA:128,0
DA:187,0
DA:191,0
LF:42
LH:0
BRDA:24,0,0,0
BRDA:24,0,1,0
BRDA:25,1,0,0
BRDA:25,1,1,0
BRDA:25,1,2,0
BRDA:29,2,0,0
BRDA:29,2,1,0
BRDA:30,3,0,0
BRDA:30,3,1,0
BRDA:30,3,2,0
BRDA:35,4,0,0
BRDA:35,4,1,0
BRDA:41,5,0,0
BRDA:41,5,1,0
BRDA:49,6,0,0
BRDA:49,6,1,0
BRDA:49,7,0,0
BRDA:49,7,1,0
BRDA:51,8,0,0
BRDA:51,8,1,0
BRDA:51,9,0,0
BRDA:51,9,1,0
BRDA:80,10,0,0
BRDA:80,10,1,0
BRDA:87,11,0,0
BRDA:87,11,1,0
BRDA:93,12,0,0
BRDA:93,12,1,0
BRDA:98,13,0,0
BRDA:98,13,1,0
BRF:30
BRH:0
end_of_record
TN:
SF:src/components/simulation/SimulationResult.jsx
FN:22,(anonymous_0)
FN:39,(anonymous_1)
FN:71,(anonymous_2)
FN:77,(anonymous_3)
FN:82,(anonymous_4)
FN:88,(anonymous_5)
FN:96,(anonymous_6)
FN:110,(anonymous_7)
FN:113,(anonymous_8)
FN:178,(anonymous_9)
FN:235,(anonymous_10)
FN:273,(anonymous_11)
FN:279,(anonymous_12)
FN:288,(anonymous_13)
FN:294,(anonymous_14)
FNF:15
FNH:0
FNDA:0,(anonymous_0)
FNDA:0,(anonymous_1)
FNDA:0,(anonymous_2)
FNDA:0,(anonymous_3)
FNDA:0,(anonymous_4)
FNDA:0,(anonymous_5)
FNDA:0,(anonymous_6)
FNDA:0,(anonymous_7)
FNDA:0,(anonymous_8)
FNDA:0,(anonymous_9)
FNDA:0,(anonymous_10)
FNDA:0,(anonymous_11)
FNDA:0,(anonymous_12)
FNDA:0,(anonymous_13)
FNDA:0,(anonymous_14)
DA:22,0
DA:28,0
DA:30,0
DA:31,0
DA:32,0
DA:33,0
DA:36,0
DA:39,0
DA:40,0
DA:42,0
DA:44,0
DA:45,0
DA:47,0
DA:48,0
DA:54,0
DA:55,0
DA:57,0
DA:58,0
DA:60,0
DA:63,0
DA:71,0
DA:72,0
DA:73,0
DA:77,0
DA:78,0
DA:82,0
DA:83,0
DA:84,0
DA:88,0
DA:89,0
DA:90,0
DA:91,0
DA:96,0
DA:97,0
DA:98,0
DA:99,0
DA:102,0
DA:103,0
DA:104,0
DA:105,0
DA:110,0
DA:111,0
DA:112,0
DA:113,0
DA:114,0
DA:115,0
DA:120,0
DA:121,0
DA:130,0
DA:179,0
DA:235,0
DA:273,0
DA:279,0
DA:288,0
DA:294,0
LF:55
LH:0
BRDA:42,0,0,0
BRDA:42,0,1,0
BRDA:42,0,2,0
BRDA:42,0,3,0
BRDA:42,0,4,0
BRDA:42,0,5,0
BRDA:42,0,6,0
BRDA:42,0,7,0
BRDA:42,0,8,0
BRDA:73,1,0,0
BRDA:73,1,1,0
BRDA:83,2,0,0
BRDA:83,2,1,0
BRDA:89,3,0,0
BRDA:89,3,1,0
BRDA:89,4,0,0
BRDA:89,4,1,0
BRDA:89,5,0,0
BRDA:89,5,1,0
BRDA:91,6,0,0
BRDA:91,6,1,0
BRDA:91,7,0,0
BRDA:91,7,1,0
BRDA:97,8,0,0
BRDA:97,8,1,0
BRDA:102,9,0,0
BRDA:102,9,1,0
BRDA:102,10,0,0
BRDA:102,10,1,0
BRDA:102,11,0,0
BRDA:102,11,1,0
BRDA:105,12,0,0
BRDA:105,12,1,0
BRDA:105,13,0,0
BRDA:105,13,1,0
BRDA:120,14,0,0
BRDA:120,14,1,0
BRDA:120,15,0,0
BRDA:120,15,1,0
BRDA:133,16,0,0
BRDA:133,16,1,0
BRDA:137,17,0,0
BRDA:137,17,1,0
BRDA:179,18,0,0
BRDA:179,18,1,0
BRDA:179,19,0,0
BRDA:179,19,1,0
BRDA:188,20,0,0
BRDA:188,20,1,0
BRDA:213,21,0,0
BRDA:213,21,1,0
BRDA:221,22,0,0
BRDA:221,22,1,0
BRDA:230,23,0,0
BRDA:230,23,1,0
BRDA:238,24,0,0
BRDA:238,24,1,0
BRDA:241,25,0,0
BRDA:241,25,1,0
BRDA:246,26,0,0
BRDA:246,26,1,0
BRDA:247,27,0,0
BRDA:247,27,1,0
BRDA:247,28,0,0
BRDA:247,28,1,0
BRDA:250,29,0,0
BRDA:250,29,1,0
BRDA:250,30,0,0
BRDA:250,30,1,0
BRDA:256,31,0,0
BRDA:256,31,1,0
BRDA:262,32,0,0
BRDA:262,32,1,0
BRDA:268,33,0,0
BRDA:268,33,1,0
BRDA:270,34,0,0
BRDA:270,34,1,0
BRDA:310,35,0,0
BRDA:310,35,1,0
BRDA:312,36,0,0
BRDA:312,36,1,0
BRF:81
BRH:0
end_of_record
TN:
SF:src/context/AuthContext.client.js
FN:11,(anonymous_0)
FN:19,(anonymous_1)
FN:34,(anonymous_2)
FN:39,(anonymous_3)
FN:84,(anonymous_4)
FN:112,(anonymous_5)
FNF:6
FNH:0
FNDA:0,(anonymous_0)
FNDA:0,(anonymous_1)
FNDA:0,(anonymous_2)
FNDA:0,(anonymous_3)
FNDA:0,(anonymous_4)
FNDA:0,(anonymous_5)
DA:9,0
DA:11,0
DA:12,0
DA:13,0
DA:14,0
DA:15,0
DA:16,0
DA:19,0
DA:20,0
DA:21,0
DA:22,0
DA:23,0
DA:24,0
DA:25,0
DA:27,0
DA:30,0
DA:34,0
DA:35,0
DA:39,0
DA:40,0
DA:41,0
DA:42,0
DA:44,0
DA:47,0
DA:48,0
DA:49,0
DA:51,0
DA:60,0
DA:61,0
DA:62,0
DA:65,0
DA:66,0
DA:69,0
DA:71,0
DA:72,0
DA:75,0
DA:76,0
DA:77,0
DA:79,0
DA:84,0
DA:85,0
DA:86,0
DA:89,0
DA:92,0
DA:93,0
DA:94,0
DA:97,0
DA:98,0
DA:101,0
DA:103,0
DA:104,0
DA:105,0
DA:107,0
DA:112,0
DA:114,0
DA:115,0
DA:116,0
DA:117,0
DA:118,0
DA:119,0
DA:121,0
DA:124,0
DA:128,0
DA:130,0
DA:143,0
DA:147,0
LF:66
LH:0
BRDA:21,0,0,0
BRDA:21,0,1,0
BRDA:47,1,0,0
BRDA:47,1,1,0
BRDA:65,2,0,0
BRDA:65,2,1,0
BRDA:97,3,0,0
BRDA:97,3,1,0
BRDA:115,4,0,0
BRDA:115,4,1,0
BRF:10
BRH:0
end_of_record
TN:
SF:src/context/AuthContext.js
FN:30,(anonymous_0)
FN:44,(anonymous_1)
FN:45,(anonymous_2)
FN:49,(anonymous_3)
FN:145,(anonymous_4)
FN:150,(anonymous_5)
FN:227,(anonymous_6)
FN:227,(anonymous_7)
FN:281,(anonymous_8)
FN:322,(anonymous_9)
FN:367,(anonymous_10)
FN:373,(anonymous_11)
FN:384,(anonymous_12)
FN:389,(anonymous_13)
FN:399,(anonymous_14)
FN:404,(anonymous_15)
FN:418,(anonymous_16)
FN:431,(anonymous_17)
FN:440,(anonymous_18)
FN:453,(anonymous_19)
FN:453,(anonymous_20)
FN:455,(anonymous_21)
FNF:22
FNH:0
FNDA:0,(anonymous_0)
FNDA:0,(anonymous_1)
FNDA:0,(anonymous_2)
FNDA:0,(anonymous_3)
FNDA:0,(anonymous_4)
FNDA:0,(anonymous_5)
FNDA:0,(anonymous_6)
FNDA:0,(anonymous_7)
FNDA:0,(anonymous_8)
FNDA:0,(anonymous_9)
FNDA:0,(anonymous_10)
FNDA:0,(anonymous_11)
FNDA:0,(anonymous_12)
FNDA:0,(anonymous_13)
FNDA:0,(anonymous_14)
FNDA:0,(anonymous_15)
FNDA:0,(anonymous_16)
FNDA:0,(anonymous_17)
FNDA:0,(anonymous_18)
FNDA:0,(anonymous_19)
FNDA:0,(anonymous_20)
FNDA:0,(anonymous_21)
DA:28,0
DA:30,0
DA:32,0
DA:33,0
DA:34,0
DA:35,0
DA:36,0
DA:37,0
DA:38,0
DA:39,0
DA:40,0
DA:41,0
DA:44,0
DA:45,0
DA:49,0
DA:50,0
DA:51,0
DA:52,0
DA:55,0
DA:56,0
DA:57,0
DA:58,0
DA:59,0
DA:60,0
DA:61,0
DA:65,0
DA:66,0
DA:68,0
DA:69,0
DA:71,0
DA:72,0
DA:73,0
DA:74,0
DA:75,0
DA:78,0
DA:79,0
DA:83,0
DA:84,0
DA:88,0
DA:89,0
DA:93,0
DA:95,0
DA:96,0
DA:97,0
DA:98,0
DA:99,0
DA:102,0
DA:103,0
DA:107,0
DA:110,0
DA:111,0
DA:114,0
DA:115,0
DA:116,0
DA:117,0
DA:118,0
DA:122,0
DA:123,0
DA:124,0
DA:125,0
DA:128,0
DA:130,0
DA:131,0
DA:132,0
DA:133,0
DA:135,0
DA:138,0
DA:140,0
DA:145,0
DA:146,0
DA:150,0
DA:151,0
DA:152,0
DA:153,0
DA:155,0
DA:158,0
DA:159,0
DA:162,0
DA:163,0
DA:166,0
DA:169,0
DA:170,0
DA:173,0
DA:174,0
DA:175,0
DA:177,0
DA:178,0
DA:179,0
DA:182,0
DA:183,0
DA:184,0
DA:185,0
DA:187,0
DA:188,0
DA:189,0
DA:193,0
DA:194,0
DA:195,0
DA:196,0
DA:199,0
DA:201,0
DA:204,0
DA:205,0
DA:206,0
DA:207,0
DA:210,0
DA:211,0
DA:212,0
DA:213,0
DA:216,0
DA:217,0
DA:218,0
DA:221,0
DA:222,0
DA:223,0
DA:227,0
DA:235,0
DA:236,0
DA:240,0
DA:255,0
DA:256,0
DA:257,0
DA:258,0
DA:261,0
DA:262,0
DA:263,0
DA:266,0
DA:267,0
DA:268,0
DA:271,0
DA:272,0
DA:276,0
DA:279,0
DA:280,0
DA:281,0
DA:282,0
DA:286,0
DA:288,0
DA:289,0
DA:290,0
DA:291,0
DA:294,0
DA:295,0
DA:303,0
DA:305,0
DA:306,0
DA:307,0
DA:308,0
DA:309,0
DA:310,0
DA:311,0
DA:314,0
DA:315,0
DA:317,0
DA:322,0
DA:323,0
DA:324,0
DA:325,0
DA:328,0
DA:330,0
DA:333,0
DA:336,0
DA:337,0
DA:338,0
DA:341,0
DA:342,0
DA:345,0
DA:346,0
DA:348,0
DA:351,0
DA:353,0
DA:354,0
DA:355,0
DA:356,0
DA:359,0
DA:360,0
DA:362,0
DA:367,0
DA:368,0
DA:369,0
DA:373,0
DA:375,0
DA:376,0
DA:377,0
DA:380,0
DA:382,0
DA:384,0
DA:385,0
DA:386,0
DA:389,0
DA:390,0
DA:391,0
DA:392,0
DA:399,0
DA:400,0
DA:401,0
DA:402,0
DA:404,0
DA:405,0
DA:407,0
DA:409,0
DA:411,0
DA:413,0
DA:414,0
DA:418,0
DA:419,0
DA:420,0
DA:421,0
DA:424,0
DA:430,0
DA:431,0
DA:432,0
DA:433,0
DA:434,0
DA:440,0
DA:441,0
DA:442,0
DA:443,0
DA:444,0
DA:453,0
DA:454,0
DA:455,0
DA:456,0
DA:457,0
DA:460,0
DA:461,0
DA:464,0
DA:467,0
DA:474,0
DA:476,0
DA:477,0
DA:479,0
DA:480,0
DA:483,0
DA:484,0
DA:485,0
DA:488,0
DA:490,0
DA:491,0
DA:492,0
DA:493,0
DA:494,0
DA:497,0
DA:498,0
DA:502,0
DA:504,0
DA:509,0
DA:524,0
DA:528,0
LF:249
LH:0
BRDA:56,0,0,0
BRDA:56,0,1,0
BRDA:71,1,0,0
BRDA:71,1,1,0
BRDA:71,2,0,0
BRDA:71,2,1,0
BRDA:71,2,2,0
BRDA:78,3,0,0
BRDA:78,3,1,0
BRDA:83,4,0,0
BRDA:83,4,1,0
BRDA:88,5,0,0
BRDA:88,5,1,0
BRDA:102,6,0,0
BRDA:102,6,1,0
BRDA:102,7,0,0
BRDA:102,7,1,0
BRDA:114,8,0,0
BRDA:114,8,1,0
BRDA:116,9,0,0
BRDA:116,9,1,0
BRDA:130,10,0,0
BRDA:130,10,1,0
BRDA:130,11,0,0
BRDA:130,11,1,0
BRDA:131,12,0,0
BRDA:131,12,1,0
BRDA:132,13,0,0
BRDA:132,13,1,0
BRDA:169,14,0,0
BRDA:169,14,1,0
BRDA:173,15,0,0
BRDA:173,15,1,0
BRDA:183,16,0,0
BRDA:183,16,1,0
BRDA:187,17,0,0
BRDA:187,17,1,0
BRDA:193,18,0,0
BRDA:193,18,1,0
BRDA:204,19,0,0
BRDA:204,19,1,0
BRDA:210,20,0,0
BRDA:210,20,1,0
BRDA:212,21,0,0
BRDA:212,21,1,0
BRDA:216,22,0,0
BRDA:216,22,1,0
BRDA:216,23,0,0
BRDA:216,23,1,0
BRDA:235,24,0,0
BRDA:235,24,1,0
BRDA:240,25,0,0
BRDA:240,25,1,0
BRDA:240,25,2,0
BRDA:240,25,3,0
BRDA:240,25,4,0
BRDA:240,25,5,0
BRDA:240,25,6,0
BRDA:240,25,7,0
BRDA:240,25,8,0
BRDA:240,25,9,0
BRDA:240,25,10,0
BRDA:240,25,11,0
BRDA:240,25,12,0
BRDA:240,25,13,0
BRDA:255,26,0,0
BRDA:255,26,1,0
BRDA:257,27,0,0
BRDA:257,27,1,0
BRDA:261,28,0,0
BRDA:261,28,1,0
BRDA:266,29,0,0
BRDA:266,29,1,0
BRDA:266,29,2,0
BRDA:271,30,0,0
BRDA:271,30,1,0
BRDA:272,31,0,0
BRDA:272,31,1,0
BRDA:279,32,0,0
BRDA:279,32,1,0
BRDA:279,33,0,0
BRDA:279,33,1,0
BRDA:289,34,0,0
BRDA:289,34,1,0
BRDA:289,34,2,0
BRDA:305,35,0,0
BRDA:305,35,1,0
BRDA:305,36,0,0
BRDA:305,36,1,0
BRDA:309,37,0,0
BRDA:309,37,1,0
BRDA:309,37,2,0
BRDA:310,38,0,0
BRDA:310,38,1,0
BRDA:341,39,0,0
BRDA:341,39,1,0
BRDA:353,40,0,0
BRDA:353,40,1,0
BRDA:353,41,0,0
BRDA:353,41,1,0
BRDA:354,42,0,0
BRDA:354,42,1,0
BRDA:355,43,0,0
BRDA:355,43,1,0
BRDA:375,44,0,0
BRDA:375,44,1,0
BRDA:380,45,0,0
BRDA:380,45,1,0
BRDA:390,46,0,0
BRDA:390,46,1,0
BRDA:405,47,0,0
BRDA:405,47,1,0
BRDA:405,48,0,0
BRDA:405,48,1,0
BRDA:407,49,0,0
BRDA:407,49,1,0
BRDA:411,50,0,0
BRDA:411,50,1,0
BRDA:413,51,0,0
BRDA:413,51,1,0
BRDA:433,52,0,0
BRDA:433,52,1,0
BRDA:457,53,0,0
BRDA:457,53,1,0
BRDA:460,54,0,0
BRDA:460,54,1,0
BRDA:474,55,0,0
BRDA:474,55,1,0
BRDA:474,56,0,0
BRDA:474,56,1,0
BRDA:484,57,0,0
BRDA:484,57,1,0
BRDA:488,58,0,0
BRDA:488,58,1,0
BRF:134
BRH:0
end_of_record
TN:
SF:src/context/PortfolioContext.js
FN:42,(anonymous_0)
FN:54,(anonymous_1)
FN:83,(anonymous_2)
FN:113,(anonymous_3)
FN:116,(anonymous_4)
FN:120,(anonymous_5)
FN:129,(anonymous_6)
FN:130,(anonymous_7)
FN:130,(anonymous_8)
FN:134,(anonymous_9)
FN:138,(anonymous_10)
FN:142,(anonymous_11)
FN:181,(anonymous_12)
FN:201,(anonymous_13)
FN:243,(anonymous_14)
FN:255,(anonymous_15)
FN:256,(anonymous_16)
FN:260,(anonymous_17)
FN:266,(anonymous_18)
FN:279,(anonymous_19)
FN:399,(anonymous_20)
FN:423,(anonymous_21)
FN:431,(anonymous_22)
FN:579,(anonymous_23)
FN:612,(anonymous_24)
FN:628,(anonymous_25)
FN:644,(anonymous_26)
FN:658,(anonymous_27)
FN:687,(anonymous_28)
FN:692,(anonymous_29)
FN:696,(anonymous_30)
FN:709,(anonymous_31)
FN:744,(anonymous_32)
FN:751,(anonymous_33)
FN:791,(anonymous_34)
FN:802,(anonymous_35)
FN:838,(anonymous_36)
FN:851,(anonymous_37)
FN:852,(anonymous_38)
FN:853,(anonymous_39)
FN:857,(anonymous_40)
FN:863,(anonymous_41)
FN:864,(anonymous_42)
FN:865,(anonymous_43)
FN:869,(anonymous_44)
FN:875,(anonymous_45)
FN:876,(anonymous_46)
FN:877,(anonymous_47)
FN:901,(anonymous_48)
FN:907,(anonymous_49)
FN:908,(anonymous_50)
FN:909,(anonymous_51)
FN:923,(anonymous_52)
FN:929,(anonymous_53)
FN:930,(anonymous_54)
FN:930,(anonymous_55)
FN:931,(anonymous_56)
FN:932,(anonymous_57)
FN:934,(anonymous_58)
FN:940,(anonymous_59)
FN:959,(anonymous_60)
FN:967,(anonymous_61)
FN:969,(anonymous_62)
FN:997,(anonymous_63)
FN:999,(anonymous_64)
FN:1055,(anonymous_65)
FN:1070,(anonymous_66)
FN:1071,(anonymous_67)
FN:1072,(anonymous_68)
FN:1078,(anonymous_69)
FN:1084,(anonymous_70)
FN:1085,(anonymous_71)
FN:1095,(anonymous_72)
FN:1138,(anonymous_73)
FN:1205,(anonymous_74)
FN:1210,(anonymous_75)
FN:1211,(anonymous_76)
FN:1215,(anonymous_77)
FN:1230,(anonymous_78)
FN:1243,(anonymous_79)
FN:1281,(anonymous_80)
FN:1314,(anonymous_81)
FN:1322,(anonymous_82)
FN:1354,(anonymous_83)
FN:1373,(anonymous_84)
FN:1377,(anonymous_85)
FN:1392,(anonymous_86)
FN:1397,(anonymous_87)
FN:1401,(anonymous_88)
FN:1415,(anonymous_89)
FN:1464,(anonymous_90)
FN:1487,(anonymous_91)
FN:1544,(anonymous_92)
FN:1565,(anonymous_93)
FN:1637,(anonymous_94)
FN:1655,(anonymous_95)
FN:1676,(anonymous_96)
FN:1687,(anonymous_97)
FN:1692,(anonymous_98)
FN:1699,(anonymous_99)
FN:1730,(anonymous_100)
FN:1751,(anonymous_101)
FN:1772,(anonymous_102)
FN:1779,(anonymous_103)
FN:1835,(anonymous_104)
FN:1848,(anonymous_105)
FNF:106
FNH:0
FNDA:0,(anonymous_0)
FNDA:0,(anonymous_1)
FNDA:0,(anonymous_2)
FNDA:0,(anonymous_3)
FNDA:0,(anonymous_4)
FNDA:0,(anonymous_5)
FNDA:0,(anonymous_6)
FNDA:0,(anonymous_7)
FNDA:0,(anonymous_8)
FNDA:0,(anonymous_9)
FNDA:0,(anonymous_10)
FNDA:0,(anonymous_11)
FNDA:0,(anonymous_12)
FNDA:0,(anonymous_13)
FNDA:0,(anonymous_14)
FNDA:0,(anonymous_15)
FNDA:0,(anonymous_16)
FNDA:0,(anonymous_17)
FNDA:0,(anonymous_18)
FNDA:0,(anonymous_19)
FNDA:0,(anonymous_20)
FNDA:0,(anonymous_21)
FNDA:0,(anonymous_22)
FNDA:0,(anonymous_23)
FNDA:0,(anonymous_24)
FNDA:0,(anonymous_25)
FNDA:0,(anonymous_26)
FNDA:0,(anonymous_27)
FNDA:0,(anonymous_28)
FNDA:0,(anonymous_29)
FNDA:0,(anonymous_30)
FNDA:0,(anonymous_31)
FNDA:0,(anonymous_32)
FNDA:0,(anonymous_33)
FNDA:0,(anonymous_34)
FNDA:0,(anonymous_35)
FNDA:0,(anonymous_36)
FNDA:0,(anonymous_37)
FNDA:0,(anonymous_38)
FNDA:0,(anonymous_39)
FNDA:0,(anonymous_40)
FNDA:0,(anonymous_41)
FNDA:0,(anonymous_42)
FNDA:0,(anonymous_43)
FNDA:0,(anonymous_44)
FNDA:0,(anonymous_45)
FNDA:0,(anonymous_46)
FNDA:0,(anonymous_47)
FNDA:0,(anonymous_48)
FNDA:0,(anonymous_49)
FNDA:0,(anonymous_50)
FNDA:0,(anonymous_51)
FNDA:0,(anonymous_52)
FNDA:0,(anonymous_53)
FNDA:0,(anonymous_54)
FNDA:0,(anonymous_55)
FNDA:0,(anonymous_56)
FNDA:0,(anonymous_57)
FNDA:0,(anonymous_58)
FNDA:0,(anonymous_59)
FNDA:0,(anonymous_60)
FNDA:0,(anonymous_61)
FNDA:0,(anonymous_62)
FNDA:0,(anonymous_63)
FNDA:0,(anonymous_64)
FNDA:0,(anonymous_65)
FNDA:0,(anonymous_66)
FNDA:0,(anonymous_67)
FNDA:0,(anonymous_68)
FNDA:0,(anonymous_69)
FNDA:0,(anonymous_70)
FNDA:0,(anonymous_71)
FNDA:0,(anonymous_72)
FNDA:0,(anonymous_73)
FNDA:0,(anonymous_74)
FNDA:0,(anonymous_75)
FNDA:0,(anonymous_76)
FNDA:0,(anonymous_77)
FNDA:0,(anonymous_78)
FNDA:0,(anonymous_79)
FNDA:0,(anonymous_80)
FNDA:0,(anonymous_81)
FNDA:0,(anonymous_82)
FNDA:0,(anonymous_83)
FNDA:0,(anonymous_84)
FNDA:0,(anonymous_85)
FNDA:0,(anonymous_86)
FNDA:0,(anonymous_87)
FNDA:0,(anonymous_88)
FNDA:0,(anonymous_89)
FNDA:0,(anonymous_90)
FNDA:0,(anonymous_91)
FNDA:0,(anonymous_92)
FNDA:0,(anonymous_93)
FNDA:0,(anonymous_94)
FNDA:0,(anonymous_95)
FNDA:0,(anonymous_96)
FNDA:0,(anonymous_97)
FNDA:0,(anonymous_98)
FNDA:0,(anonymous_99)
FNDA:0,(anonymous_100)
FNDA:0,(anonymous_101)
FNDA:0,(anonymous_102)
FNDA:0,(anonymous_103)
FNDA:0,(anonymous_104)
FNDA:0,(anonymous_105)
DA:42,0
DA:43,0
DA:44,0
DA:46,0
DA:48,0
DA:49,0
DA:54,0
DA:55,0
DA:57,0
DA:58,0
DA:61,0
DA:62,0
DA:65,0
DA:67,0
DA:69,0
DA:70,0
DA:71,0
DA:73,0
DA:74,0
DA:80,0
DA:83,0
DA:85,0
DA:88,0
DA:89,0
DA:94,0
DA:95,0
DA:96,0
DA:97,0
DA:99,0
DA:101,0
DA:105,0
DA:108,0
DA:109,0
DA:110,0
DA:113,0
DA:115,0
DA:116,0
DA:119,0
DA:120,0
DA:121,0
DA:125,0
DA:129,0
DA:130,0
DA:134,0
DA:135,0
DA:138,0
DA:142,0
DA:143,0
DA:145,0
DA:146,0
DA:159,0
DA:160,0
DA:161,0
DA:165,0
DA:166,0
DA:172,0
DA:174,0
DA:175,0
DA:176,0
DA:181,0
DA:182,0
DA:183,0
DA:184,0
DA:186,0
DA:187,0
DA:188,0
DA:191,0
DA:192,0
DA:194,0
DA:195,0
DA:196,0
DA:200,0
DA:201,0
DA:203,0
DA:204,0
DA:205,0
DA:209,0
DA:210,0
DA:211,0
DA:212,0
DA:218,0
DA:219,0
DA:220,0
DA:221,0
DA:222,0
DA:225,0
DA:226,0
DA:234,0
DA:235,0
DA:237,0
DA:238,0
DA:243,0
DA:244,0
DA:245,0
DA:246,0
DA:247,0
DA:249,0
DA:250,0
DA:255,0
DA:256,0
DA:257,0
DA:258,0
DA:260,0
DA:261,0
DA:266,0
DA:267,0
DA:268,0
DA:271,0
DA:272,0
DA:273,0
DA:274,0
DA:275,0
DA:276,0
DA:279,0
DA:280,0
DA:282,0
DA:283,0
DA:286,0
DA:289,0
DA:290,0
DA:293,0
DA:300,0
DA:302,0
DA:303,0
DA:304,0
DA:305,0
DA:307,0
DA:308,0
DA:309,0
DA:312,0
DA:313,0
DA:314,0
DA:315,0
DA:320,0
DA:325,0
DA:326,0
DA:327,0
DA:328,0
DA:329,0
DA:333,0
DA:339,0
DA:340,0
DA:341,0
DA:347,0
DA:350,0
DA:351,0
DA:352,0
DA:358,0
DA:361,0
DA:362,0
DA:363,0
DA:367,0
DA:368,0
DA:383,0
DA:387,0
DA:395,0
DA:399,0
DA:400,0
DA:401,0
DA:402,0
DA:404,0
DA:405,0
DA:406,0
DA:407,0
DA:408,0
DA:411,0
DA:412,0
DA:413,0
DA:414,0
DA:415,0
DA:418,0
DA:419,0
DA:420,0
DA:423,0
DA:424,0
DA:427,0
DA:428,0
DA:430,0
DA:432,0
DA:434,0
DA:436,0
DA:437,0
DA:438,0
DA:439,0
DA:445,0
DA:449,0
DA:454,0
DA:457,0
DA:458,0
DA:459,0
DA:464,0
DA:465,0
DA:466,0
DA:474,0
DA:475,0
DA:478,0
DA:479,0
DA:480,0
DA:489,0
DA:492,0
DA:493,0
DA:496,0
DA:497,0
DA:498,0
DA:507,0
DA:518,0
DA:521,0
DA:522,0
DA:526,0
DA:546,0
DA:547,0
DA:548,0
DA:554,0
DA:560,0
DA:563,0
DA:564,0
DA:565,0
DA:568,0
DA:569,0
DA:571,0
DA:572,0
DA:575,0
DA:576,0
DA:579,0
DA:580,0
DA:581,0
DA:585,0
DA:586,0
DA:587,0
DA:589,0
DA:590,0
DA:592,0
DA:593,0
DA:595,0
DA:598,0
DA:599,0
DA:600,0
DA:604,0
DA:605,0
DA:609,0
DA:612,0
DA:613,0
DA:621,0
DA:622,0
DA:628,0
DA:629,0
DA:636,0
DA:639,0
DA:640,0
DA:641,0
DA:644,0
DA:645,0
DA:653,0
DA:654,0
DA:655,0
DA:658,0
DA:659,0
DA:660,0
DA:661,0
DA:669,0
DA:670,0
DA:674,0
DA:676,0
DA:678,0
DA:679,0
DA:680,0
DA:682,0
DA:687,0
DA:688,0
DA:692,0
DA:693,0
DA:695,0
DA:696,0
DA:699,0
DA:700,0
DA:701,0
DA:704,0
DA:707,0
DA:709,0
DA:712,0
DA:715,0
DA:717,0
DA:718,0
DA:720,0
DA:724,0
DA:725,0
DA:726,0
DA:730,0
DA:734,0
DA:735,0
DA:739,0
DA:742,0
DA:744,0
DA:746,0
DA:749,0
DA:751,0
DA:753,0
DA:758,0
DA:760,0
DA:762,0
DA:765,0
DA:766,0
DA:768,0
DA:772,0
DA:775,0
DA:776,0
DA:778,0
DA:779,0
DA:781,0
DA:785,0
DA:786,0
DA:791,0
DA:792,0
DA:798,0
DA:802,0
DA:803,0
DA:821,0
DA:825,0
DA:826,0
DA:830,0
DA:831,0
DA:835,0
DA:838,0
DA:840,0
DA:842,0
DA:843,0
DA:844,0
DA:846,0
DA:851,0
DA:852,0
DA:853,0
DA:854,0
DA:857,0
DA:858,0
DA:863,0
DA:864,0
DA:865,0
DA:866,0
DA:869,0
DA:870,0
DA:875,0
DA:876,0
DA:877,0
DA:878,0
DA:880,0
DA:881,0
DA:889,0
DA:897,0
DA:901,0
DA:902,0
DA:907,0
DA:908,0
DA:909,0
DA:910,0
DA:911,0
DA:919,0
DA:923,0
DA:924,0
DA:929,0
DA:930,0
DA:931,0
DA:932,0
DA:934,0
DA:935,0
DA:940,0
DA:941,0
DA:942,0
DA:946,0
DA:947,0
DA:951,0
DA:952,0
DA:955,0
DA:959,0
DA:960,0
DA:961,0
DA:963,0
DA:967,0
DA:969,0
DA:970,0
DA:973,0
DA:974,0
DA:975,0
DA:976,0
DA:977,0
DA:981,0
DA:985,0
DA:986,0
DA:989,0
DA:990,0
DA:991,0
DA:994,0
DA:997,0
DA:999,0
DA:1000,0
DA:1003,0
DA:1006,0
DA:1007,0
DA:1011,0
DA:1012,0
DA:1013,0
DA:1016,0
DA:1018,0
DA:1021,0
DA:1022,0
DA:1023,0
DA:1027,0
DA:1028,0
DA:1029,0
DA:1033,0
DA:1035,0
DA:1051,0
DA:1055,0
DA:1057,0
DA:1061,0
DA:1065,0
DA:1070,0
DA:1071,0
DA:1072,0
DA:1073,0
DA:1078,0
DA:1079,0
DA:1084,0
DA:1085,0
DA:1086,0
DA:1087,0
DA:1091,0
DA:1095,0
DA:1096,0
DA:1098,0
DA:1099,0
DA:1100,0
DA:1101,0
DA:1104,0
DA:1105,0
DA:1106,0
DA:1107,0
DA:1109,0
DA:1110,0
DA:1115,0
DA:1118,0
DA:1119,0
DA:1120,0
DA:1131,0
DA:1132,0
DA:1133,0
DA:1137,0
DA:1138,0
DA:1140,0
DA:1152,0
DA:1153,0
DA:1157,0
DA:1160,0
DA:1161,0
DA:1164,0
DA:1166,0
DA:1169,0
DA:1172,0
DA:1173,0
DA:1175,0
DA:1176,0
DA:1178,0
DA:1179,0
DA:1183,0
DA:1186,0
DA:1188,0
DA:1189,0
DA:1193,0
DA:1195,0
DA:1200,0
DA:1201,0
DA:1205,0
DA:1208,0
DA:1210,0
DA:1211,0
DA:1212,0
DA:1213,0
DA:1216,0
DA:1221,0
DA:1223,0
DA:1224,0
DA:1225,0
DA:1230,0
DA:1231,0
DA:1243,0
DA:1245,0
DA:1246,0
DA:1249,0
DA:1251,0
DA:1254,0
DA:1255,0
DA:1256,0
DA:1257,0
DA:1258,0
DA:1259,0
DA:1262,0
DA:1263,0
DA:1264,0
DA:1265,0
DA:1266,0
DA:1269,0
DA:1270,0
DA:1273,0
DA:1274,0
DA:1278,0
DA:1279,0
DA:1281,0
DA:1283,0
DA:1284,0
DA:1289,0
DA:1292,0
DA:1293,0
DA:1296,0
DA:1300,0
DA:1304,0
DA:1305,0
DA:1307,0
DA:1308,0
DA:1314,0
DA:1315,0
DA:1320,0
DA:1322,0
DA:1324,0
DA:1325,0
DA:1330,0
DA:1333,0
DA:1334,0
DA:1337,0
DA:1341,0
DA:1345,0
DA:1347,0
DA:1348,0
DA:1354,0
DA:1355,0
DA:1363,0
DA:1365,0
DA:1373,0
DA:1374,0
DA:1377,0
DA:1378,0
DA:1379,0
DA:1382,0
DA:1388,0
DA:1389,0
DA:1392,0
DA:1393,0
DA:1397,0
DA:1401,0
DA:1403,0
DA:1405,0
DA:1406,0
DA:1409,0
DA:1410,0
DA:1415,0
DA:1417,0
DA:1419,0
DA:1420,0
DA:1421,0
DA:1424,0
DA:1426,0
DA:1429,0
DA:1442,0
DA:1443,0
DA:1445,0
DA:1447,0
DA:1448,0
DA:1450,0
DA:1451,0
DA:1453,0
DA:1454,0
DA:1457,0
DA:1458,0
DA:1459,0
DA:1464,0
DA:1466,0
DA:1468,0
DA:1469,0
DA:1470,0
DA:1473,0
DA:1475,0
DA:1478,0
DA:1479,0
DA:1482,0
DA:1483,0
DA:1486,0
DA:1487,0
DA:1489,0
DA:1490,0
DA:1491,0
DA:1492,0
DA:1496,0
DA:1497,0
DA:1498,0
DA:1501,0
DA:1503,0
DA:1504,0
DA:1508,0
DA:1510,0
DA:1515,0
DA:1516,0
DA:1520,0
DA:1522,0
DA:1523,0
DA:1526,0
DA:1527,0
DA:1529,0
DA:1530,0
DA:1532,0
DA:1533,0
DA:1537,0
DA:1539,0
DA:1540,0
DA:1541,0
DA:1544,0
DA:1546,0
DA:1549,0
DA:1550,0
DA:1555,0
DA:1558,0
DA:1559,0
DA:1560,0
DA:1565,0
DA:1566,0
DA:1567,0
DA:1568,0
DA:1569,0
DA:1571,0
DA:1572,0
DA:1575,0
DA:1576,0
DA:1577,0
DA:1580,0
DA:1581,0
DA:1582,0
DA:1585,0
DA:1586,0
DA:1587,0
DA:1591,0
DA:1592,0
DA:1594,0
DA:1595,0
DA:1599,0
DA:1601,0
DA:1606,0
DA:1607,0
DA:1609,0
DA:1610,0
DA:1611,0
DA:1613,0
DA:1617,0
DA:1618,0
DA:1619,0
DA:1623,0
DA:1624,0
DA:1627,0
DA:1630,0
DA:1633,0
DA:1634,0
DA:1637,0
DA:1638,0
DA:1645,0
DA:1646,0
DA:1649,0
DA:1650,0
DA:1654,0
DA:1655,0
DA:1656,0
DA:1657,0
DA:1662,0
DA:1663,0
DA:1664,0
DA:1667,0
DA:1669,0
DA:1673,0
DA:1676,0
DA:1677,0
DA:1680,0
DA:1681,0
DA:1682,0
DA:1687,0
DA:1688,0
DA:1692,0
DA:1693,0
DA:1694,0
DA:1699,0
DA:1700,0
DA:1703,0
DA:1704,0
DA:1705,0
DA:1706,0
DA:1707,0
DA:1712,0
DA:1713,0
DA:1723,0
DA:1726,0
DA:1730,0
DA:1732,0
DA:1733,0
DA:1736,0
DA:1739,0
DA:1740,0
DA:1741,0
DA:1742,0
DA:1743,0
DA:1747,0
DA:1751,0
DA:1753,0
DA:1754,0
DA:1757,0
DA:1760,0
DA:1761,0
DA:1762,0
DA:1763,0
DA:1764,0
DA:1768,0
DA:1772,0
DA:1773,0
DA:1779,0
DA:1783,0
DA:1829,0
DA:1836,0
DA:1848,0
LF:721
LH:0
BRDA:61,0,0,0
BRDA:61,0,1,0
BRDA:61,1,0,0
BRDA:61,1,1,0
BRDA:113,2,0,0
BRDA:119,3,0,0
BRDA:119,3,1,0
BRDA:143,4,0,0
BRDA:143,4,1,0
BRDA:160,5,0,0
BRDA:160,5,1,0
BRDA:186,6,0,0
BRDA:186,6,1,0
BRDA:194,7,0,0
BRDA:194,7,1,0
BRDA:203,8,0,0
BRDA:203,8,1,0
BRDA:209,9,0,0
BRDA:209,9,1,0
BRDA:210,10,0,0
BRDA:210,10,1,0
BRDA:210,11,0,0
BRDA:210,11,1,0
BRDA:218,12,0,0
BRDA:218,12,1,0
BRDA:218,13,0,0
BRDA:218,13,1,0
BRDA:257,14,0,0
BRDA:257,14,1,0
BRDA:267,15,0,0
BRDA:267,15,1,0
BRDA:267,16,0,0
BRDA:267,16,1,0
BRDA:280,17,0,0
BRDA:280,17,1,0
BRDA:283,18,0,0
BRDA:283,18,1,0
BRDA:293,19,0,0
BRDA:293,19,1,0
BRDA:300,20,0,0
BRDA:300,20,1,0
BRDA:305,21,0,0
BRDA:305,21,1,0
BRDA:320,22,0,0
BRDA:320,22,1,0
BRDA:320,22,2,0
BRDA:333,23,0,0
BRDA:333,23,1,0
BRDA:333,23,2,0
BRDA:333,23,3,0
BRDA:339,24,0,0
BRDA:339,24,1,0
BRDA:350,25,0,0
BRDA:350,25,1,0
BRDA:361,26,0,0
BRDA:361,26,1,0
BRDA:363,27,0,0
BRDA:363,27,1,0
BRDA:363,28,0,0
BRDA:363,28,1,0
BRDA:367,29,0,0
BRDA:367,29,1,0
BRDA:367,30,0,0
BRDA:367,30,1,0
BRDA:367,30,2,0
BRDA:436,31,0,0
BRDA:436,31,1,0
BRDA:457,32,0,0
BRDA:457,32,1,0
BRDA:461,33,0,0
BRDA:461,33,1,0
BRDA:464,34,0,0
BRDA:464,34,1,0
BRDA:468,35,0,0
BRDA:468,35,1,0
BRDA:474,36,0,0
BRDA:474,36,1,0
BRDA:478,37,0,0
BRDA:478,37,1,0
BRDA:492,38,0,0
BRDA:492,38,1,0
BRDA:496,39,0,0
BRDA:496,39,1,0
BRDA:509,40,0,0
BRDA:509,40,1,0
BRDA:509,40,2,0
BRDA:510,41,0,0
BRDA:510,41,1,0
BRDA:511,42,0,0
BRDA:511,42,1,0
BRDA:511,42,2,0
BRDA:512,43,0,0
BRDA:512,43,1,0
BRDA:518,44,0,0
BRDA:518,44,1,0
BRDA:521,45,0,0
BRDA:521,45,1,0
BRDA:535,46,0,0
BRDA:535,46,1,0
BRDA:536,47,0,0
BRDA:536,47,1,0
BRDA:537,48,0,0
BRDA:537,48,1,0
BRDA:538,49,0,0
BRDA:538,49,1,0
BRDA:568,50,0,0
BRDA:568,50,1,0
BRDA:568,51,0,0
BRDA:568,51,1,0
BRDA:571,52,0,0
BRDA:571,52,1,0
BRDA:571,53,0,0
BRDA:571,53,1,0
BRDA:580,54,0,0
BRDA:580,54,1,0
BRDA:586,55,0,0
BRDA:586,55,1,0
BRDA:589,56,0,0
BRDA:589,56,1,0
BRDA:592,57,0,0
BRDA:592,57,1,0
BRDA:598,58,0,0
BRDA:598,58,1,0
BRDA:604,59,0,0
BRDA:604,59,1,0
BRDA:605,60,0,0
BRDA:605,60,1,0
BRDA:614,61,0,0
BRDA:614,61,1,0
BRDA:621,62,0,0
BRDA:621,62,1,0
BRDA:639,63,0,0
BRDA:639,63,1,0
BRDA:646,64,0,0
BRDA:646,64,1,0
BRDA:653,65,0,0
BRDA:653,65,1,0
BRDA:659,66,0,0
BRDA:659,66,1,0
BRDA:660,67,0,0
BRDA:660,67,1,0
BRDA:662,68,0,0
BRDA:662,68,1,0
BRDA:669,69,0,0
BRDA:669,69,1,0
BRDA:699,70,0,0
BRDA:699,70,1,0
BRDA:715,71,0,0
BRDA:715,71,1,0
BRDA:717,72,0,0
BRDA:717,72,1,0
BRDA:724,73,0,0
BRDA:724,73,1,0
BRDA:734,74,0,0
BRDA:734,74,1,0
BRDA:734,75,0,0
BRDA:734,75,1,0
BRDA:760,76,0,0
BRDA:760,76,1,0
BRDA:765,77,0,0
BRDA:765,77,1,0
BRDA:766,78,0,0
BRDA:766,78,1,0
BRDA:766,79,0,0
BRDA:766,79,1,0
BRDA:768,80,0,0
BRDA:768,80,1,0
BRDA:776,81,0,0
BRDA:776,81,1,0
BRDA:778,82,0,0
BRDA:778,82,1,0
BRDA:779,83,0,0
BRDA:779,83,1,0
BRDA:781,84,0,0
BRDA:781,84,1,0
BRDA:781,85,0,0
BRDA:781,85,1,0
BRDA:781,85,2,0
BRDA:781,86,0,0
BRDA:781,86,1,0
BRDA:785,87,0,0
BRDA:785,87,1,0
BRDA:786,88,0,0
BRDA:786,88,1,0
BRDA:811,89,0,0
BRDA:811,89,1,0
BRDA:811,90,0,0
BRDA:811,90,1,0
BRDA:811,90,2,0
BRDA:812,91,0,0
BRDA:812,91,1,0
BRDA:812,92,0,0
BRDA:812,92,1,0
BRDA:812,92,2,0
BRDA:813,93,0,0
BRDA:813,93,1,0
BRDA:813,94,0,0
BRDA:813,94,1,0
BRDA:813,94,2,0
BRDA:814,95,0,0
BRDA:814,95,1,0
BRDA:814,95,2,0
BRDA:825,96,0,0
BRDA:825,96,1,0
BRDA:830,97,0,0
BRDA:830,97,1,0
BRDA:835,98,0,0
BRDA:835,98,1,0
BRDA:854,99,0,0
BRDA:854,99,1,0
BRDA:866,100,0,0
BRDA:866,100,1,0
BRDA:866,101,0,0
BRDA:866,101,1,0
BRDA:878,102,0,0
BRDA:878,102,1,0
BRDA:880,103,0,0
BRDA:880,103,1,0
BRDA:880,104,0,0
BRDA:880,104,1,0
BRDA:891,105,0,0
BRDA:891,105,1,0
BRDA:907,106,0,0
BRDA:907,107,0,0
BRDA:910,108,0,0
BRDA:910,108,1,0
BRDA:913,109,0,0
BRDA:913,109,1,0
BRDA:941,110,0,0
BRDA:941,110,1,0
BRDA:946,111,0,0
BRDA:946,111,1,0
BRDA:946,112,0,0
BRDA:946,112,1,0
BRDA:951,113,0,0
BRDA:951,113,1,0
BRDA:951,114,0,0
BRDA:951,114,1,0
BRDA:960,115,0,0
BRDA:960,115,1,0
BRDA:960,116,0,0
BRDA:960,116,1,0
BRDA:973,117,0,0
BRDA:973,117,1,0
BRDA:974,118,0,0
BRDA:974,118,1,0
BRDA:974,119,0,0
BRDA:974,119,1,0
BRDA:976,120,0,0
BRDA:976,120,1,0
BRDA:976,121,0,0
BRDA:976,121,1,0
BRDA:990,122,0,0
BRDA:990,122,1,0
BRDA:1000,123,0,0
BRDA:1000,123,1,0
BRDA:1006,124,0,0
BRDA:1006,124,1,0
BRDA:1011,125,0,0
BRDA:1011,125,1,0
BRDA:1012,126,0,0
BRDA:1012,126,1,0
BRDA:1016,127,0,0
BRDA:1016,127,1,0
BRDA:1022,128,0,0
BRDA:1022,128,1,0
BRDA:1028,129,0,0
BRDA:1028,129,1,0
BRDA:1057,130,0,0
BRDA:1057,130,1,0
BRDA:1061,131,0,0
BRDA:1061,131,1,0
BRDA:1073,132,0,0
BRDA:1073,132,1,0
BRDA:1086,133,0,0
BRDA:1086,133,1,0
BRDA:1096,134,0,0
BRDA:1096,134,1,0
BRDA:1104,135,0,0
BRDA:1104,135,1,0
BRDA:1118,136,0,0
BRDA:1118,136,1,0
BRDA:1118,137,0,0
BRDA:1118,137,1,0
BRDA:1121,138,0,0
BRDA:1121,138,1,0
BRDA:1121,138,2,0
BRDA:1122,139,0,0
BRDA:1122,139,1,0
BRDA:1123,140,0,0
BRDA:1123,140,1,0
BRDA:1123,140,2,0
BRDA:1124,141,0,0
BRDA:1124,141,1,0
BRDA:1124,141,2,0
BRDA:1125,142,0,0
BRDA:1125,142,1,0
BRDA:1126,143,0,0
BRDA:1126,143,1,0
BRDA:1131,144,0,0
BRDA:1131,144,1,0
BRDA:1148,145,0,0
BRDA:1148,145,1,0
BRDA:1149,146,0,0
BRDA:1149,146,1,0
BRDA:1152,147,0,0
BRDA:1152,147,1,0
BRDA:1160,148,0,0
BRDA:1160,148,1,0
BRDA:1161,149,0,0
BRDA:1161,149,1,0
BRDA:1164,150,0,0
BRDA:1164,150,1,0
BRDA:1172,151,0,0
BRDA:1172,151,1,0
BRDA:1175,152,0,0
BRDA:1175,152,1,0
BRDA:1178,153,0,0
BRDA:1178,153,1,0
BRDA:1183,154,0,0
BRDA:1183,154,1,0
BRDA:1186,155,0,0
BRDA:1186,155,1,0
BRDA:1188,156,0,0
BRDA:1188,156,1,0
BRDA:1191,157,0,0
BRDA:1191,157,1,0
BRDA:1193,158,0,0
BRDA:1193,158,1,0
BRDA:1193,159,0,0
BRDA:1193,159,1,0
BRDA:1200,160,0,0
BRDA:1200,160,1,0
BRDA:1208,161,0,0
BRDA:1208,161,1,0
BRDA:1212,162,0,0
BRDA:1212,162,1,0
BRDA:1243,163,0,0
BRDA:1245,164,0,0
BRDA:1245,164,1,0
BRDA:1256,165,0,0
BRDA:1256,165,1,0
BRDA:1256,166,0,0
BRDA:1256,166,1,0
BRDA:1262,167,0,0
BRDA:1262,167,1,0
BRDA:1262,168,0,0
BRDA:1262,168,1,0
BRDA:1262,168,2,0
BRDA:1263,169,0,0
BRDA:1263,169,1,0
BRDA:1278,170,0,0
BRDA:1278,170,1,0
BRDA:1283,171,0,0
BRDA:1283,171,1,0
BRDA:1292,172,0,0
BRDA:1292,172,1,0
BRDA:1292,173,0,0
BRDA:1292,173,1,0
BRDA:1293,174,0,0
BRDA:1293,174,1,0
BRDA:1305,175,0,0
BRDA:1305,175,1,0
BRDA:1324,176,0,0
BRDA:1324,176,1,0
BRDA:1333,177,0,0
BRDA:1333,177,1,0
BRDA:1333,178,0,0
BRDA:1333,178,1,0
BRDA:1334,179,0,0
BRDA:1334,179,1,0
BRDA:1345,180,0,0
BRDA:1345,180,1,0
BRDA:1403,181,0,0
BRDA:1403,181,1,0
BRDA:1403,182,0,0
BRDA:1403,182,1,0
BRDA:1415,183,0,0
BRDA:1417,184,0,0
BRDA:1417,184,1,0
BRDA:1419,185,0,0
BRDA:1419,185,1,0
BRDA:1445,186,0,0
BRDA:1445,186,1,0
BRDA:1464,187,0,0
BRDA:1466,188,0,0
BRDA:1466,188,1,0
BRDA:1468,189,0,0
BRDA:1468,189,1,0
BRDA:1482,190,0,0
BRDA:1482,190,1,0
BRDA:1482,191,0,0
BRDA:1482,191,1,0
BRDA:1489,192,0,0
BRDA:1489,192,1,0
BRDA:1496,193,0,0
BRDA:1496,193,1,0
BRDA:1497,194,0,0
BRDA:1497,194,1,0
BRDA:1498,195,0,0
BRDA:1498,195,1,0
BRDA:1501,196,0,0
BRDA:1501,196,1,0
BRDA:1503,197,0,0
BRDA:1503,197,1,0
BRDA:1506,198,0,0
BRDA:1506,198,1,0
BRDA:1508,199,0,0
BRDA:1508,199,1,0
BRDA:1508,200,0,0
BRDA:1508,200,1,0
BRDA:1515,201,0,0
BRDA:1515,201,1,0
BRDA:1520,202,0,0
BRDA:1520,202,1,0
BRDA:1526,203,0,0
BRDA:1526,203,1,0
BRDA:1529,204,0,0
BRDA:1529,204,1,0
BRDA:1532,205,0,0
BRDA:1532,205,1,0
BRDA:1537,206,0,0
BRDA:1537,206,1,0
BRDA:1549,207,0,0
BRDA:1549,207,1,0
BRDA:1567,208,0,0
BRDA:1567,208,1,0
BRDA:1571,209,0,0
BRDA:1571,209,1,0
BRDA:1575,210,0,0
BRDA:1575,210,1,0
BRDA:1580,211,0,0
BRDA:1580,211,1,0
BRDA:1585,212,0,0
BRDA:1585,212,1,0
BRDA:1591,213,0,0
BRDA:1591,213,1,0
BRDA:1594,214,0,0
BRDA:1594,214,1,0
BRDA:1597,215,0,0
BRDA:1597,215,1,0
BRDA:1599,216,0,0
BRDA:1599,216,1,0
BRDA:1599,217,0,0
BRDA:1599,217,1,0
BRDA:1606,218,0,0
BRDA:1606,218,1,0
BRDA:1609,219,0,0
BRDA:1609,219,1,0
BRDA:1617,220,0,0
BRDA:1617,220,1,0
BRDA:1623,221,0,0
BRDA:1623,221,1,0
BRDA:1633,222,0,0
BRDA:1633,222,1,0
BRDA:1639,223,0,0
BRDA:1639,223,1,0
BRDA:1645,224,0,0
BRDA:1645,224,1,0
BRDA:1649,225,0,0
BRDA:1649,225,1,0
BRDA:1654,226,0,0
BRDA:1654,226,1,0
BRDA:1654,227,0,0
BRDA:1654,227,1,0
BRDA:1654,227,2,0
BRDA:1662,228,0,0
BRDA:1662,228,1,0
BRDA:1693,229,0,0
BRDA:1693,229,1,0
BRDA:1693,230,0,0
BRDA:1693,230,1,0
BRDA:1703,231,0,0
BRDA:1703,231,1,0
BRDA:1704,232,0,0
BRDA:1704,232,1,0
BRDA:1704,233,0,0
BRDA:1704,233,1,0
BRDA:1706,234,0,0
BRDA:1706,234,1,0
BRDA:1706,235,0,0
BRDA:1706,235,1,0
BRDA:1712,236,0,0
BRDA:1712,236,1,0
BRDA:1721,237,0,0
BRDA:1721,237,1,0
BRDA:1732,238,0,0
BRDA:1732,238,1,0
BRDA:1732,239,0,0
BRDA:1732,239,1,0
BRDA:1739,240,0,0
BRDA:1739,240,1,0
BRDA:1740,241,0,0
BRDA:1740,241,1,0
BRDA:1740,242,0,0
BRDA:1740,242,1,0
BRDA:1742,243,0,0
BRDA:1742,243,1,0
BRDA:1742,244,0,0
BRDA:1742,244,1,0
BRDA:1747,245,0,0
BRDA:1747,245,1,0
BRDA:1753,246,0,0
BRDA:1753,246,1,0
BRDA:1760,247,0,0
BRDA:1760,247,1,0
BRDA:1761,248,0,0
BRDA:1761,248,1,0
BRDA:1761,249,0,0
BRDA:1761,249,1,0
BRDA:1763,250,0,0
BRDA:1763,250,1,0
BRDA:1763,251,0,0
BRDA:1763,251,1,0
BRDA:1768,252,0,0
BRDA:1768,252,1,0
BRDA:1774,253,0,0
BRDA:1774,253,1,0
BRDA:1775,254,0,0
BRDA:1775,254,1,0
BRDA:1839,255,0,0
BRDA:1839,255,1,0
BRDA:1840,256,0,0
BRDA:1840,256,1,0
BRDA:1841,257,0,0
BRDA:1841,257,1,0
BRF:526
BRH:0
end_of_record
TN:
SF:src/context/portfolio/PortfolioActionsContext.js
FN:16,(anonymous_0)
FN:29,(anonymous_1)
FN:35,(anonymous_2)
FN:100,(anonymous_3)
FN:111,(anonymous_4)
FN:124,(anonymous_5)
FN:125,(anonymous_6)
FN:126,(anonymous_7)
FN:133,(anonymous_8)
FN:137,(anonymous_9)
FN:138,(anonymous_10)
FN:138,(anonymous_11)
FN:139,(anonymous_12)
FN:139,(anonymous_13)
FN:143,(anonymous_14)
FN:147,(anonymous_15)
FN:148,(anonymous_16)
FN:149,(anonymous_17)
FN:156,(anonymous_18)
FN:160,(anonymous_19)
FN:178,(anonymous_20)
FNF:21
FNH:0
FNDA:0,(anonymous_0)
FNDA:0,(anonymous_1)
FNDA:0,(anonymous_2)
FNDA:0,(anonymous_3)
FNDA:0,(anonymous_4)
FNDA:0,(anonymous_5)
FNDA:0,(anonymous_6)
FNDA:0,(anonymous_7)
FNDA:0,(anonymous_8)
FNDA:0,(anonymous_9)
FNDA:0,(anonymous_10)
FNDA:0,(anonymous_11)
FNDA:0,(anonymous_12)
FNDA:0,(anonymous_13)
FNDA:0,(anonymous_14)
FNDA:0,(anonymous_15)
FNDA:0,(anonymous_16)
FNDA:0,(anonymous_17)
FNDA:0,(anonymous_18)
FNDA:0,(anonymous_19)
FNDA:0,(anonymous_20)
DA:14,0
DA:16,0
DA:24,0
DA:26,0
DA:29,0
DA:30,0
DA:31,0
DA:35,0
DA:36,0
DA:37,0
DA:40,0
DA:42,0
DA:44,0
DA:46,0
DA:47,0
DA:48,0
DA:51,0
DA:54,0
DA:57,0
DA:61,0
DA:63,0
DA:64,0
DA:66,0
DA:67,0
DA:68,0
DA:72,0
DA:75,0
DA:97,0
DA:100,0
DA:101,0
DA:108,0
DA:111,0
DA:113,0
DA:115,0
DA:116,0
DA:117,0
DA:119,0
DA:124,0
DA:125,0
DA:126,0
DA:127,0
DA:133,0
DA:137,0
DA:138,0
DA:139,0
DA:141,0
DA:143,0
DA:147,0
DA:148,0
DA:149,0
DA:150,0
DA:156,0
DA:160,0
DA:161,0
DA:163,0
DA:165,0
DA:167,0
DA:169,0
DA:170,0
DA:174,0
DA:175,0
DA:178,0
DA:180,0
DA:182,0
DA:183,0
DA:184,0
DA:188,0
DA:196,0
LF:68
LH:0
BRDA:29,0,0,0
BRDA:30,1,0,0
BRDA:30,1,1,0
BRDA:35,2,0,0
BRDA:35,2,1,0
BRDA:46,3,0,0
BRDA:46,3,1,0
BRDA:63,4,0,0
BRDA:63,4,1,0
BRDA:66,5,0,0
BRDA:66,5,1,0
BRDA:67,6,0,0
BRDA:67,6,1,0
BRDA:67,7,0,0
BRDA:67,7,1,0
BRDA:68,8,0,0
BRDA:68,8,1,0
BRDA:78,9,0,0
BRDA:78,9,1,0
BRDA:79,10,0,0
BRDA:79,10,1,0
BRDA:81,11,0,0
BRDA:81,11,1,0
BRDA:83,12,0,0
BRDA:83,12,1,0
BRDA:87,13,0,0
BRDA:87,13,1,0
BRDA:87,14,0,0
BRDA:87,14,1,0
BRDA:87,14,2,0
BRDA:88,15,0,0
BRDA:88,15,1,0
BRDA:88,16,0,0
BRDA:88,16,1,0
BRDA:89,17,0,0
BRDA:89,17,1,0
BRDA:90,18,0,0
BRDA:90,18,1,0
BRDA:91,19,0,0
BRDA:91,19,1,0
BRDA:92,20,0,0
BRDA:92,20,1,0
BRDA:93,21,0,0
BRDA:93,21,1,0
BRDA:100,22,0,0
BRDA:100,22,1,0
BRDA:127,23,0,0
BRDA:127,23,1,0
BRDA:128,24,0,0
BRDA:128,24,1,0
BRDA:150,25,0,0
BRDA:150,25,1,0
BRDA:151,26,0,0
BRDA:151,26,1,0
BRDA:161,27,0,0
BRDA:161,27,1,0
BRDA:165,28,0,0
BRDA:165,28,1,0
BRDA:169,29,0,0
BRDA:169,29,1,0
BRDA:174,30,0,0
BRDA:174,30,1,0
BRF:62
BRH:0
end_of_record
TN:
SF:src/context/portfolio/PortfolioCompatibilityContext.js
FN:22,(anonymous_0)
FN:36,(anonymous_1)
FN:44,(anonymous_2)
FN:48,(anonymous_3)
FN:64,(anonymous_4)
FN:80,(anonymous_5)
FN:105,(anonymous_6)
FN:120,(anonymous_7)
FN:134,(anonymous_8)
FN:138,(anonymous_9)
FN:165,(anonymous_10)
FN:185,(anonymous_11)
FN:196,(anonymous_12)
FN:252,(anonymous_13)
FNF:14
FNH:0
FNDA:0,(anonymous_0)
FNDA:0,(anonymous_1)
FNDA:0,(anonymous_2)
FNDA:0,(anonymous_3)
FNDA:0,(anonymous_4)
FNDA:0,(anonymous_5)
FNDA:0,(anonymous_6)
FNDA:0,(anonymous_7)
FNDA:0,(anonymous_8)
FNDA:0,(anonymous_9)
FNDA:0,(anonymous_10)
FNDA:0,(anonymous_11)
FNDA:0,(anonymous_12)
FNDA:0,(anonymous_13)
DA:16,0
DA:22,0
DA:23,0
DA:24,0
DA:25,0
DA:27,0
DA:28,0
DA:29,0
DA:30,0
DA:31,0
DA:33,0
DA:36,0
DA:37,0
DA:38,0
DA:41,0
DA:43,0
DA:44,0
DA:45,0
DA:47,0
DA:48,0
DA:49,0
DA:50,0
DA:51,0
DA:58,0
DA:61,0
DA:62,0
DA:64,0
DA:66,0
DA:68,0
DA:71,0
DA:72,0
DA:73,0
DA:75,0
DA:80,0
DA:81,0
DA:82,0
DA:84,0
DA:85,0
DA:91,0
DA:92,0
DA:95,0
DA:99,0
DA:100,0
DA:105,0
DA:106,0
DA:115,0
DA:116,0
DA:120,0
DA:121,0
DA:122,0
DA:123,0
DA:126,0
DA:131,0
DA:132,0
DA:134,0
DA:138,0
DA:139,0
DA:141,0
DA:151,0
DA:153,0
DA:154,0
DA:155,0
DA:156,0
DA:158,0
DA:161,0
DA:165,0
DA:166,0
DA:168,0
DA:170,0
DA:171,0
DA:172,0
DA:173,0
DA:174,0
DA:175,0
DA:178,0
DA:181,0
DA:185,0
DA:186,0
DA:187,0
DA:188,0
DA:190,0
DA:191,0
DA:196,0
DA:197,0
DA:209,0
DA:242,0
DA:252,0
DA:253,0
LF:88
LH:0
BRDA:37,0,0,0
BRDA:37,0,1,0
BRDA:37,1,0,0
BRDA:37,1,1,0
BRDA:47,2,0,0
BRDA:47,2,1,0
BRDA:50,3,0,0
BRDA:50,3,1,0
BRDA:68,4,0,0
BRDA:68,4,1,0
BRDA:80,5,0,0
BRDA:84,6,0,0
BRDA:84,6,1,0
BRDA:91,7,0,0
BRDA:91,7,1,0
BRDA:91,8,0,0
BRDA:91,8,1,0
BRDA:92,9,0,0
BRDA:92,9,1,0
BRDA:121,10,0,0
BRDA:121,10,1,0
BRDA:121,11,0,0
BRDA:121,11,1,0
BRDA:138,12,0,0
BRDA:139,13,0,0
BRDA:139,13,1,0
BRDA:153,14,0,0
BRDA:153,14,1,0
BRDA:165,15,0,0
BRDA:166,16,0,0
BRDA:166,16,1,0
BRDA:170,17,0,0
BRDA:170,17,1,0
BRDA:170,18,0,0
BRDA:170,18,1,0
BRDA:172,19,0,0
BRDA:172,19,1,0
BRDA:178,20,0,0
BRDA:178,20,1,0
BRDA:186,21,0,0
BRDA:186,21,1,0
BRDA:186,22,0,0
BRDA:186,22,1,0
BRF:43
BRH:0
end_of_record
TN:
SF:src/context/portfolio/PortfolioDataContext.js
FN:13,(anonymous_0)
FN:54,(anonymous_1)
FN:70,(anonymous_2)
FN:94,(anonymous_3)
FN:96,(anonymous_4)
FN:103,(anonymous_5)
FN:105,(anonymous_6)
FN:109,(anonymous_7)
FNF:8
FNH:0
FNDA:0,(anonymous_0)
FNDA:0,(anonymous_1)
FNDA:0,(anonymous_2)
FNDA:0,(anonymous_3)
FNDA:0,(anonymous_4)
FNDA:0,(anonymous_5)
FNDA:0,(anonymous_6)
FNDA:0,(anonymous_7)
DA:11,0
DA:13,0
DA:15,0
DA:16,0
DA:17,0
DA:18,0
DA:23,0
DA:27,0
DA:30,0
DA:31,0
DA:32,0
DA:35,0
DA:41,0
DA:47,0
DA:54,0
DA:55,0
DA:65,0
DA:66,0
DA:70,0
DA:71,0
DA:72,0
DA:74,0
DA:75,0
DA:76,0
DA:77,0
DA:78,0
DA:79,0
DA:80,0
DA:81,0
DA:83,0
DA:86,0
DA:88,0
DA:89,0
DA:94,0
DA:95,0
DA:96,0
DA:97,0
DA:103,0
DA:104,0
DA:105,0
DA:106,0
DA:109,0
DA:113,0
DA:144,0
LF:44
LH:0
BRDA:13,0,0,0
BRDA:74,1,0,0
BRDA:74,1,1,0
BRDA:75,2,0,0
BRDA:75,2,1,0
BRDA:76,3,0,0
BRDA:76,3,1,0
BRDA:77,4,0,0
BRDA:77,4,1,0
BRDA:78,5,0,0
BRDA:78,5,1,0
BRDA:79,6,0,0
BRDA:79,6,1,0
BRDA:80,7,0,0
BRDA:80,7,1,0
BRDA:81,8,0,0
BRDA:81,8,1,0
BRDA:95,9,0,0
BRDA:95,9,1,0
BRDA:104,10,0,0
BRDA:104,10,1,0
BRF:21
BRH:0
end_of_record
TN:
SF:src/context/portfolio/PortfolioProvider.js
FN:20,(anonymous_0)
FNF:1
FNH:0
FNDA:0,(anonymous_0)
DA:20,0
DA:25,0
LF:2
LH:0
BRDA:22,0,0,0
BRDA:23,1,0,0
BRF:2
BRH:0
end_of_record
TN:
SF:src/hooks/useAuth.js
FN:22,(anonymous_0)
FNF:1
FNH:0
FNDA:0,(anonymous_0)
DA:22,0
DA:23,0
DA:25,0
DA:26,0
DA:29,0
LF:5
LH:0
BRDA:25,0,0,0
BRDA:25,0,1,0
BRF:2
BRH:0
end_of_record
TN:
SF:src/hooks/useGoogleDrive.js
FN:22,(anonymous_0)
FN:32,(anonymous_1)
FN:80,(anonymous_2)
FN:125,(anonymous_3)
FNF:4
FNH:0
FNDA:0,(anonymous_0)
FNDA:0,(anonymous_1)
FNDA:0,(anonymous_2)
FNDA:0,(anonymous_3)
DA:22,0
DA:23,0
DA:24,0
DA:25,0
DA:28,0
DA:29,0
DA:32,0
DA:33,0
DA:34,0
DA:35,0
DA:39,0
DA:40,0
DA:42,0
DA:43,0
DA:46,0
DA:47,0
DA:48,0
DA:50,0
DA:52,0
DA:54,0
DA:58,0
DA:60,0
DA:63,0
DA:64,0
DA:65,0
DA:68,0
DA:71,0
DA:72,0
DA:73,0
DA:75,0
DA:80,0
DA:81,0
DA:82,0
DA:83,0
DA:86,0
DA:87,0
DA:88,0
DA:90,0
DA:92,0
DA:94,0
DA:95,0
DA:97,0
DA:100,0
DA:101,0
DA:102,0
DA:103,0
DA:107,0
DA:110,0
DA:111,0
DA:112,0
DA:114,0
DA:119,0
DA:125,0
DA:126,0
DA:127,0
DA:128,0
DA:131,0
DA:132,0
DA:133,0
DA:135,0
DA:137,0
DA:138,0
DA:140,0
DA:143,0
DA:144,0
DA:145,0
DA:146,0
DA:150,0
DA:153,0
DA:154,0
DA:155,0
DA:157,0
DA:161,0
LF:73
LH:0
BRDA:32,0,0,0
BRDA:33,1,0,0
BRDA:33,1,1,0
BRDA:40,2,0,0
BRDA:40,2,1,0
BRDA:40,3,0,0
BRDA:40,3,1,0
BRDA:40,3,2,0
BRDA:52,4,0,0
BRDA:52,4,1,0
BRDA:60,5,0,0
BRDA:60,5,1,0
BRDA:63,6,0,0
BRDA:63,6,1,0
BRDA:63,7,0,0
BRDA:63,7,1,0
BRDA:72,8,0,0
BRDA:72,8,1,0
BRDA:81,9,0,0
BRDA:81,9,1,0
BRDA:92,10,0,0
BRDA:92,10,1,0
BRDA:97,11,0,0
BRDA:97,11,1,0
BRDA:100,12,0,0
BRDA:100,12,1,0
BRDA:100,13,0,0
BRDA:100,13,1,0
BRDA:103,14,0,0
BRDA:103,14,1,0
BRDA:111,15,0,0
BRDA:111,15,1,0
BRDA:126,16,0,0
BRDA:126,16,1,0
BRDA:137,17,0,0
BRDA:137,17,1,0
BRDA:140,18,0,0
BRDA:140,18,1,0
BRDA:143,19,0,0
BRDA:143,19,1,0
BRDA:143,20,0,0
BRDA:143,20,1,0
BRDA:146,21,0,0
BRDA:146,21,1,0
BRDA:154,22,0,0
BRDA:154,22,1,0
BRF:46
BRH:0
end_of_record
TN:
SF:src/hooks/usePortfolioContext.js
FN:19,(anonymous_0)
FNF:1
FNH:0
FNDA:0,(anonymous_0)
DA:19,0
DA:20,0
DA:21,0
DA:22,0
DA:24,0
LF:5
LH:0
BRDA:21,0,0,0
BRDA:21,0,1,0
BRF:2
BRH:0
end_of_record
TN:
SF:src/hooks/portfolio/useCloudSync.js
FN:14,(anonymous_0)
FNF:1
FNH:0
FNDA:0,(anonymous_0)
DA:14,0
DA:15,0
DA:17,0
DA:18,0
DA:21,0
LF:5
LH:0
BRDA:17,0,0,0
BRDA:17,0,1,0
BRF:2
BRH:0
end_of_record
TN:
SF:src/hooks/portfolio/useNotifications.js
FN:14,(anonymous_0)
FN:17,(anonymous_1)
FN:19,(anonymous_2)
FN:26,(anonymous_3)
FN:30,(anonymous_4)
FNF:5
FNH:0
FNDA:0,(anonymous_0)
FNDA:0,(anonymous_1)
FNDA:0,(anonymous_2)
FNDA:0,(anonymous_3)
FNDA:0,(anonymous_4)
DA:14,0
DA:15,0
DA:17,0
DA:19,0
DA:20,0
DA:23,0
DA:26,0
DA:27,0
DA:30,0
DA:31,0
DA:34,0
LF:11
LH:0
BRDA:26,0,0,0
BRF:1
BRH:0
end_of_record
TN:
SF:src/hooks/portfolio/usePortfolioActions.js
FN:14,(anonymous_0)
FNF:1
FNH:0
FNDA:0,(anonymous_0)
DA:14,0
DA:15,0
DA:17,0
DA:18,0
DA:21,0
LF:5
LH:0
BRDA:17,0,0,0
BRDA:17,0,1,0
BRF:2
BRH:0
end_of_record
TN:
SF:src/hooks/portfolio/usePortfolioData.js
FN:14,(anonymous_0)
FNF:1
FNH:0
FNDA:0,(anonymous_0)
DA:14,0
DA:15,0
DA:17,0
DA:18,0
DA:22,0
LF:5
LH:0
BRDA:17,0,0,0
BRDA:17,0,1,0
BRF:2
BRH:0
end_of_record
TN:
SF:src/hooks/portfolio/useSimulation.js
FN:14,(anonymous_0)
FNF:1
FNH:0
FNDA:0,(anonymous_0)
DA:14,0
DA:15,0
DA:17,0
DA:18,0
DA:21,0
LF:5
LH:0
BRDA:17,0,0,0
BRDA:17,0,1,0
BRF:2
BRH:0
end_of_record
TN:
SF:src/i18n/index.js
FNF:0
FNH:0
DA:9,0
DA:18,0
LF:2
LH:0
BRF:0
BRH:0
end_of_record
TN:
SF:src/pages/Dashboard.jsx
FN:29,(anonymous_0)
FN:56,(anonymous_1)
FNF:2
FNH:0
FNDA:0,(anonymous_0)
FNDA:0,(anonymous_1)
DA:29,0
DA:30,0
DA:31,0
DA:34,0
DA:35,0
DA:56,0
DA:72,0
LF:7
LH:0
BRDA:34,0,0,0
BRDA:34,0,1,0
BRF:2
BRH:0
end_of_record
TN:
SF:src/pages/DataIntegration.jsx
FN:25,(anonymous_0)
FNF:1
FNH:0
FNDA:0,(anonymous_0)
DA:25,0
DA:26,0
DA:28,0
LF:3
LH:0
BRDA:46,0,0,0
BRDA:46,0,1,0
BRDA:56,1,0,0
BRDA:56,1,1,0
BRF:4
BRH:0
end_of_record
TN:
SF:src/pages/Settings.jsx
FN:25,(anonymous_0)
FNF:1
FNH:0
FNDA:0,(anonymous_0)
DA:25,0
DA:26,0
LF:2
LH:0
BRF:0
BRH:0
end_of_record
TN:
SF:src/pages/Simulation.jsx
FN:24,(anonymous_0)
FN:37,(anonymous_1)
FN:45,(anonymous_2)
FNF:3
FNH:0
FNDA:0,(anonymous_0)
FNDA:0,(anonymous_1)
FNDA:0,(anonymous_2)
DA:24,0
DA:31,0
DA:34,0
DA:37,0
DA:38,0
DA:39,0
DA:40,0
DA:45,0
DA:46,0
DA:47,0
DA:49,0
DA:53,0
LF:12
LH:0
BRDA:38,0,0,0
BRDA:38,0,1,0
BRDA:46,1,0,0
BRDA:46,1,1,0
BRF:4
BRH:0
end_of_record
TN:
SF:src/services/adminService.js
FN:28,(anonymous_0)
FN:38,(anonymous_1)
FN:44,(anonymous_2)
FN:70,(anonymous_3)
FNF:4
FNH:0
FNDA:0,(anonymous_0)
FNDA:0,(anonymous_1)
FNDA:0,(anonymous_2)
FNDA:0,(anonymous_3)
DA:23,0
DA:26,0
DA:28,0
DA:29,0
DA:35,0
DA:38,0
DA:44,0
DA:45,0
DA:46,0
DA:47,0
DA:49,0
DA:55,0
DA:57,0
DA:70,0
DA:71,0
DA:72,0
DA:73,0
DA:75,0
DA:81,0
DA:83,0
LF:20
LH:0
BRDA:38,0,0,0
BRDA:38,0,1,0
BRF:2
BRH:0
end_of_record
TN:
SF:src/services/api.js
FN:44,(anonymous_0)
FN:67,(anonymous_1)
FN:72,(anonymous_2)
FN:77,(anonymous_3)
FN:88,(anonymous_4)
FN:96,(anonymous_5)
FN:102,(anonymous_6)
FN:108,(anonymous_7)
FN:121,(anonymous_8)
FN:125,(anonymous_9)
FN:130,(anonymous_10)
FN:135,(anonymous_11)
FNF:12
FNH:0
FNDA:0,(anonymous_0)
FNDA:0,(anonymous_1)
FNDA:0,(anonymous_2)
FNDA:0,(anonymous_3)
FNDA:0,(anonymous_4)
FNDA:0,(anonymous_5)
FNDA:0,(anonymous_6)
FNDA:0,(anonymous_7)
FNDA:0,(anonymous_8)
FNDA:0,(anonymous_9)
FNDA:0,(anonymous_10)
FNDA:0,(anonymous_11)
DA:36,0
DA:37,0
DA:44,0
DA:46,0
DA:47,0
DA:49,0
DA:51,0
DA:53,0
DA:55,0
DA:57,0
DA:67,0
DA:68,0
DA:69,0
DA:72,0
DA:73,0
DA:74,0
DA:77,0
DA:78,0
DA:79,0
DA:88,0
DA:89,0
DA:95,0
DA:97,0
DA:99,0
DA:103,0
DA:105,0
DA:109,0
DA:111,0
DA:121,0
DA:122,0
DA:125,0
DA:126,0
DA:127,0
DA:130,0
DA:131,0
DA:132,0
DA:135,0
DA:136,0
DA:137,0
LF:39
LH:0
BRDA:36,0,0,0
BRDA:36,0,1,0
BRDA:37,1,0,0
BRDA:37,1,1,0
BRDA:47,2,0,0
BRDA:47,2,1,0
BRDA:49,3,0,0
BRDA:49,3,1,0
BRDA:49,3,2,0
BRDA:49,3,3,0
BRDA:130,4,0,0
BRDA:135,5,0,0
BRF:12
BRH:0
end_of_record
TN:
SF:src/services/configService.js
FN:38,(anonymous_0)
FN:55,(anonymous_1)
FN:71,(anonymous_2)
FN:78,(anonymous_3)
FN:109,(anonymous_4)
FN:120,(anonymous_5)
FN:129,(anonymous_6)
FN:138,(anonymous_7)
FN:147,(anonymous_8)
FN:155,(anonymous_9)
FNF:10
FNH:0
FNDA:0,(anonymous_0)
FNDA:0,(anonymous_1)
FNDA:0,(anonymous_2)
FNDA:0,(anonymous_3)
FNDA:0,(anonymous_4)
FNDA:0,(anonymous_5)
FNDA:0,(anonymous_6)
FNDA:0,(anonymous_7)
FNDA:0,(anonymous_8)
FNDA:0,(anonymous_9)
DA:17,0
DA:18,0
DA:21,0
DA:26,0
DA:27,0
DA:38,0
DA:40,0
DA:41,0
DA:45,0
DA:46,0
DA:50,0
DA:51,0
DA:52,0
DA:55,0
DA:57,0
DA:70,0
DA:72,0
DA:73,0
DA:74,0
DA:76,0
DA:80,0
DA:83,0
DA:84,0
DA:85,0
DA:86,0
DA:87,0
DA:88,0
DA:91,0
DA:96,0
DA:97,0
DA:107,0
DA:110,0
DA:113,0
DA:120,0
DA:121,0
DA:122,0
DA:129,0
DA:130,0
DA:131,0
DA:138,0
DA:139,0
DA:140,0
DA:147,0
DA:148,0
DA:149,0
DA:155,0
DA:156,0
DA:157,0
LF:48
LH:0
BRDA:21,0,0,0
BRDA:21,0,1,0
BRDA:26,1,0,0
BRDA:26,1,1,0
BRDA:40,2,0,0
BRDA:40,2,1,0
BRDA:45,3,0,0
BRDA:45,3,1,0
BRDA:50,4,0,0
[...]
BRDA:71,10,1,0
BRDA:71,11,0,0
BRDA:71,11,1,0
BRDA:72,12,0,0
BRDA:72,12,1,0
BRDA:81,13,0,0
BRDA:81,13,1,0
BRDA:81,14,0,0
BRDA:81,14,1,0
BRDA:81,14,2,0
BRF:33
BRH:0
end_of_record
TN:
SF:src/utils/cookieDebugUtils.js
FN:7,(anonymous_0)
FN:9,(anonymous_1)
FN:9,(anonymous_2)
FN:11,(anonymous_3)
FN:26,(anonymous_4)
FN:35,(anonymous_5)
FN:50,(anonymous_6)
FN:86,(anonymous_7)
FN:123,(anonymous_8)
FNF:9
FNH:0
FNDA:0,(anonymous_0)
FNDA:0,(anonymous_1)
FNDA:0,(anonymous_2)
FNDA:0,(anonymous_3)
FNDA:0,(anonymous_4)
FNDA:0,(anonymous_5)
FNDA:0,(anonymous_6)
FNDA:0,(anonymous_7)
FNDA:0,(anonymous_8)
DA:7,0
DA:8,0
DA:9,0
DA:11,0
DA:12,0
DA:13,0
DA:21,0
DA:27,0
DA:35,0
DA:36,0
DA:38,0
DA:39,0
DA:40,0
DA:41,0
DA:42,0
DA:43,0
DA:44,0
DA:46,0
DA:50,0
DA:51,0
DA:54,0
DA:57,0
DA:58,0
DA:59,0
DA:60,0
DA:63,0
DA:64,0
DA:65,0
DA:66,0
DA:67,0
DA:68,0
DA:70,0
DA:76,0
DA:79,0
DA:82,0
DA:86,0
DA:87,0
DA:90,0
DA:91,0
DA:94,0
DA:95,0
DA:98,0
DA:101,0
DA:102,0
DA:104,0
DA:105,0
DA:106,0
DA:108,0
DA:112,0
DA:113,0
DA:116,0
DA:119,0
DA:123,0
DA:124,0
DA:126,0
DA:127,0
DA:137,0
DA:148,0
DA:151,0
LF:59
LH:0
BRDA:16,0,0,0
BRDA:16,0,1,0
BRDA:17,1,0,0
BRDA:17,1,1,0
BRDA:17,2,0,0
BRDA:17,2,1,0
BRDA:27,3,0,0
BRDA:27,3,1,0
BRDA:27,3,2,0
BRDA:35,4,0,0
BRDA:38,5,0,0
BRDA:38,5,1,0
BRDA:104,6,0,0
BRDA:104,6,1,0
BRF:14
BRH:0
end_of_record
TN:
SF:src/utils/csrfManager.js
FN:4,(anonymous_0)
FN:14,(anonymous_1)
FN:39,(anonymous_2)
FN:71,(anonymous_3)
FN:82,(anonymous_4)
FNF:5
FNH:0
FNDA:0,(anonymous_0)
FNDA:0,(anonymous_1)
FNDA:0,(anonymous_2)
FNDA:0,(anonymous_3)
FNDA:0,(anonymous_4)
DA:5,0
DA:6,0
DA:7,0
DA:16,0
DA:17,0
DA:21,0
DA:22,0
DA:26,0
DA:27,0
DA:28,0
DA:29,0
DA:31,0
DA:40,0
DA:41,0
DA:42,0
DA:43,0
DA:46,0
DA:47,0
DA:54,0
DA:55,0
DA:57,0
DA:58,0
DA:61,0
DA:63,0
DA:64,0
DA:72,0
DA:73,0
DA:74,0
DA:84,0
DA:85,0
DA:88,0
DA:89,0
DA:90,0
DA:91,0
DA:92,0
DA:95,0
DA:96,0
DA:102,0
LF:38
LH:0
BRDA:16,0,0,0
BRDA:16,0,1,0
BRDA:16,1,0,0
BRDA:16,1,1,0
BRDA:16,1,2,0
BRDA:21,2,0,0
BRDA:21,2,1,0
BRDA:42,3,0,0
BRDA:42,3,1,0
BRDA:46,4,0,0
BRDA:46,4,1,0
BRDA:54,5,0,0
BRDA:54,5,1,0
BRDA:84,6,0,0
BRDA:84,6,1,0
BRDA:90,7,0,0
BRDA:90,7,1,0
BRF:17
BRH:0
end_of_record
TN:
SF:src/utils/envUtils.js
FN:23,(anonymous_0)
FN:26,(anonymous_1)
FN:34,(anonymous_2)
FN:57,(anonymous_3)
FN:63,(anonymous_4)
FN:69,(anonymous_5)
FN:103,(anonymous_6)
FN:116,(anonymous_7)
FN:121,(anonymous_8)
FN:128,(anonymous_9)
FN:134,(anonymous_10)
FNF:11
FNH:0
FNDA:0,(anonymous_0)
FNDA:0,(anonymous_1)
FNDA:0,(anonymous_2)
FNDA:0,(anonymous_3)
FNDA:0,(anonymous_4)
FNDA:0,(anonymous_5)
FNDA:0,(anonymous_6)
FNDA:0,(anonymous_7)
FNDA:0,(anonymous_8)
FNDA:0,(anonymous_9)
FNDA:0,(anonymous_10)
DA:23,0
DA:26,0
DA:27,0
DA:31,0
DA:34,0
DA:35,0
DA:36,0
DA:37,0
DA:39,0
DA:41,0
DA:53,0
DA:57,0
DA:58,0
DA:59,0
DA:63,0
DA:64,0
DA:65,0
DA:69,0
DA:70,0
DA:71,0
DA:72,0
DA:75,0
DA:78,0
DA:80,0
DA:84,0
DA:86,0
DA:90,0
DA:92,0
DA:93,0
DA:95,0
DA:99,0
DA:103,0
DA:104,0
DA:105,0
DA:106,0
DA:108,0
DA:110,0
DA:111,0
DA:116,0
DA:117,0
DA:121,0
DA:122,0
DA:123,0
DA:124,0
DA:128,0
DA:129,0
DA:130,0
DA:134,0
DA:135,0
LF:49
LH:0
BRDA:27,0,0,0
BRDA:27,0,1,0
BRDA:35,1,0,0
BRDA:35,1,1,0
BRDA:53,2,0,0
BRDA:53,2,1,0
BRDA:59,3,0,0
BRDA:59,3,1,0
BRDA:65,4,0,0
BRDA:65,4,1,0
BRDA:71,5,0,0
BRDA:71,5,1,0
BRDA:72,6,0,0
BRDA:72,6,1,0
BRDA:75,7,0,0
BRDA:75,7,1,0
BRDA:78,8,0,0
BRDA:78,8,1,0
BRDA:84,9,0,0
BRDA:84,9,1,0
BRDA:84,10,0,0
BRDA:84,10,1,0
BRDA:90,11,0,0
BRDA:90,11,1,0
BRDA:92,12,0,0
BRDA:92,12,1,0
BRDA:92,13,0,0
BRDA:92,13,1,0
BRDA:108,14,0,0
BRDA:108,14,1,0
BRDA:121,15,0,0
BRDA:123,16,0,0
BRDA:123,16,1,0
BRDA:130,17,0,0
BRDA:130,17,1,0
BRF:35
BRH:0
end_of_record
TN:
SF:src/utils/errorHandler.js
FN:11,sanitizeError
FN:64,handleApiError
FN:107,setupGlobalErrorHandlers
FN:109,(anonymous_3)
FN:123,(anonymous_4)
FN:140,logErrorToService
FNF:6
FNH:0
FNDA:0,sanitizeError
FNDA:0,handleApiError
FNDA:0,setupGlobalErrorHandlers
FNDA:0,(anonymous_3)
FNDA:0,(anonymous_4)
FNDA:0,logErrorToService
DA:6,0
DA:12,0
DA:14,0
DA:23,0
DA:51,0
DA:52,0
DA:54,0
DA:66,0
DA:67,0
DA:68,0
DA:71,0
DA:72,0
DA:76,0
DA:78,0
DA:80,0
DA:82,0
DA:84,0
DA:86,0
DA:88,0
DA:90,0
DA:92,0
DA:97,0
DA:98,0
DA:101,0
DA:109,0
DA:110,0
DA:111,0
DA:113,0
DA:115,0
DA:118,0
DA:123,0
DA:124,0
DA:125,0
DA:127,0
DA:129,0
DA:132,0
DA:141,0
DA:142,0
DA:145,0
DA:146,0
LF:40
LH:0
BRDA:12,0,0,0
BRDA:12,0,1,0
BRDA:16,1,0,0
BRDA:16,1,1,0
BRDA:18,2,0,0
BRDA:18,2,1,0
BRDA:51,3,0,0
BRDA:51,3,1,0
BRDA:51,3,2,0
BRDA:52,4,0,0
BRDA:52,4,1,0
BRDA:66,5,0,0
BRDA:66,5,1,0
BRDA:71,6,0,0
BRDA:71,6,1,0
BRDA:71,7,0,0
BRDA:71,7,1,0
BRDA:71,7,2,0
BRDA:76,8,0,0
BRDA:76,8,1,0
BRDA:76,8,2,0
BRDA:76,8,3,0
BRDA:76,8,4,0
BRDA:76,8,5,0
BRDA:76,8,6,0
BRDA:76,8,7,0
BRDA:97,9,0,0
BRDA:97,9,1,0
BRDA:97,10,0,0
BRDA:97,10,1,0
BRDA:113,11,0,0
BRDA:113,11,1,0
BRDA:124,12,0,0
BRDA:124,12,1,0
BRDA:127,13,0,0
BRDA:127,13,1,0
BRDA:141,14,0,0
BRDA:141,14,1,0
BRF:38
BRH:0
end_of_record
TN:
SF:src/utils/exchangeRateDebounce.js
FN:9,shouldUpdateExchangeRate
FN:30,resetExchangeRateTimer
FN:36,clearExchangeRateCache
FN:39,(anonymous_3)
FNF:4
FNH:0
FNDA:0,shouldUpdateExchangeRate
FNDA:0,resetExchangeRateTimer
FNDA:0,clearExchangeRateCache
FNDA:0,(anonymous_3)
DA:6,0
DA:7,0
DA:10,0
DA:11,0
DA:14,0
DA:15,0
DA:16,0
DA:17,0
DA:20,0
DA:21,0
DA:22,0
DA:23,0
DA:26,0
DA:27,0
DA:31,0
DA:32,0
DA:37,0
DA:39,0
DA:40,0
DA:41,0
DA:44,0
LF:21
LH:0
BRDA:9,0,0,0
BRDA:14,1,0,0
BRDA:14,1,1,0
BRDA:20,2,0,0
BRDA:20,2,1,0
BRF:5
BRH:0
end_of_record
TN:
SF:src/utils/fixExchangeRate.js
FN:9,(anonymous_0)
FNF:1
FNH:0
FNDA:0,(anonymous_0)
DA:9,0
DA:10,0
DA:12,0
DA:14,0
DA:15,0
DA:18,0
DA:19,0
DA:21,0
DA:22,0
DA:24,0
DA:26,0
DA:27,0
DA:28,0
DA:29,0
DA:37,0
DA:38,0
DA:39,0
DA:41,0
DA:44,0
DA:45,0
DA:52,0
DA:53,0
DA:56,0
DA:60,0
DA:61,0
DA:63,0
DA:65,0
DA:66,0
DA:71,0
DA:74,0
DA:75,0
DA:76,0
LF:32
LH:0
BRDA:21,0,0,0
BRDA:21,0,1,0
BRDA:26,1,0,0
BRDA:26,1,1,0
BRDA:27,2,0,0
BRDA:27,2,1,0
BRDA:27,3,0,0
BRDA:27,3,1,0
BRF:8
BRH:0
end_of_record
TN:
SF:src/utils/formatters.js
FN:23,(anonymous_0)
FN:42,(anonymous_1)
FN:55,(anonymous_2)
FNF:3
FNH:0
FNDA:0,(anonymous_0)
FNDA:0,(anonymous_1)
FNDA:0,(anonymous_2)
DA:23,0
DA:24,0
DA:26,0
DA:33,0
DA:42,0
DA:43,0
DA:45,0
DA:46,0
DA:55,0
DA:56,0
DA:59,0
DA:62,0
DA:64,0
DA:65,0
DA:66,0
DA:67,0
DA:68,0
DA:71,0
DA:72,0
DA:73,0
DA:74,0
LF:21
LH:0
BRDA:23,0,0,0
BRDA:24,1,0,0
BRDA:24,1,1,0
BRDA:24,2,0,0
BRDA:24,2,1,0
BRDA:29,3,0,0
BRDA:29,3,1,0
BRDA:30,4,0,0
BRDA:30,4,1,0
BRDA:42,5,0,0
BRDA:43,6,0,0
BRDA:43,6,1,0
BRDA:43,7,0,0
BRDA:43,7,1,0
BRDA:46,8,0,0
BRDA:46,8,1,0
BRDA:56,9,0,0
BRDA:56,9,1,0
BRDA:56,10,0,0
BRDA:56,10,1,0
BRDA:59,11,0,0
BRDA:59,11,1,0
BRDA:59,12,0,0
BRDA:59,12,1,0
BRDA:62,13,0,0
BRDA:62,13,1,0
BRDA:64,14,0,0
BRDA:64,14,1,0
BRF:28
BRH:0
end_of_record
TN:
SF:src/utils/fundUtils.js
FN:244,isKnownETF
FN:249,guessFundType
FN:426,containsFundIndicators
FN:441,isETF
FN:446,(anonymous_4)
FN:451,isIndex
FN:464,(anonymous_6)
FN:468,isGlobal
FN:479,isREIT
FN:488,isBond
FN:507,isCrypto
FN:520,isActive
FN:531,isActiveOrIndex
FN:548,estimateAnnualFee
FN:594,extractFundInfo
FN:694,estimateDividendYield
FNF:16
FNH:0
FNDA:0,isKnownETF
FNDA:0,guessFundType
FNDA:0,containsFundIndicators
FNDA:0,isETF
FNDA:0,(anonymous_4)
FNDA:0,isIndex
FNDA:0,(anonymous_6)
FNDA:0,isGlobal
FNDA:0,isREIT
FNDA:0,isBond
FNDA:0,isCrypto
FNDA:0,isActive
FNDA:0,isActiveOrIndex
FNDA:0,estimateAnnualFee
FNDA:0,extractFundInfo
FNDA:0,estimateDividendYield
DA:24,0
DA:32,0
DA:39,0
DA:58,0
DA:76,0
DA:85,0
DA:154,0
DA:200,0
DA:210,0
DA:216,0
DA:221,0
DA:228,0
DA:236,0
DA:245,0
DA:250,0
DA:252,0
DA:253,0
DA:256,0
DA:257,0
DA:258,0
DA:260,0
DA:261,0
DA:263,0
DA:264,0
DA:267,0
DA:271,0
DA:274,0
DA:276,0
DA:277,0
DA:278,0
DA:279,0
DA:280,0
DA:281,0
DA:283,0
DA:288,0
DA:289,0
DA:290,0
DA:291,0
DA:292,0
DA:294,0
DA:299,0
DA:302,0
DA:303,0
DA:304,0
DA:305,0
DA:306,0
DA:308,0
DA:312,0
DA:313,0
DA:314,0
DA:315,0
DA:317,0
DA:323,0
DA:324,0
DA:325,0
DA:326,0
DA:329,0
DA:331,0
DA:332,0
DA:334,0
DA:335,0
DA:337,0
DA:338,0
DA:340,0
DA:344,0
DA:349,0
DA:350,0
DA:355,0
DA:356,0
DA:360,0
DA:361,0
DA:362,0
DA:364,0
DA:369,0
DA:370,0
DA:374,0
DA:375,0
DA:379,0
DA:380,0
DA:384,0
DA:385,0
DA:386,0
DA:388,0
DA:393,0
DA:395,0
DA:396,0
DA:397,0
DA:398,0
DA:400,0
DA:405,0
DA:407,0
DA:408,0
DA:413,0
DA:414,0
DA:415,0
DA:422,0
DA:427,0
DA:442,0
DA:446,0
DA:452,0
DA:464,0
DA:469,0
DA:480,0
DA:489,0
DA:508,0
DA:521,0
DA:532,0
DA:533,0
DA:534,0
DA:536,0
DA:539,0
DA:540,0
DA:542,0
DA:549,0
DA:556,0
DA:559,0
DA:561,0
DA:562,0
DA:571,0
DA:574,0
DA:575,0
DA:583,0
DA:585,0
DA:595,0
DA:596,0
DA:597,0
DA:600,0
DA:603,0
DA:612,0
DA:613,0
DA:622,0
DA:623,0
DA:631,0
DA:633,0
DA:636,0
DA:637,0
DA:641,0
DA:650,0
DA:653,0
DA:654,0
DA:655,0
DA:656,0
DA:657,0
DA:658,0
DA:659,0
DA:660,0
DA:663,0
DA:667,0
DA:669,0
DA:671,0
DA:672,0
DA:678,0
DA:679,0
DA:682,0
DA:687,0
DA:688,0
DA:690,0
DA:695,0
DA:702,0
DA:703,0
DA:706,0
DA:707,0
DA:708,0
DA:711,0
DA:712,0
DA:713,0
DA:714,0
DA:717,0
DA:719,0
DA:721,0
DA:722,0
DA:723,0
DA:724,0
DA:725,0
DA:726,0
DA:727,0
DA:728,0
DA:729,0
DA:730,0
DA:731,0
DA:732,0
DA:740,0
DA:741,0
DA:742,0
DA:743,0
DA:744,0
DA:745,0
DA:746,0
DA:747,0
DA:748,0
DA:749,0
DA:750,0
DA:751,0
DA:752,0
DA:753,0
DA:755,0
DA:756,0
DA:761,0
DA:762,0
DA:763,0
DA:766,0
LF:201
LH:0
BRDA:245,0,0,0
BRDA:245,0,1,0
BRDA:249,1,0,0
BRDA:250,2,0,0
BRDA:250,2,1,0
BRDA:253,3,0,0
BRDA:253,3,1,0
BRDA:256,4,0,0
BRDA:256,4,1,0
BRDA:257,5,0,0
BRDA:257,5,1,0
BRDA:260,6,0,0
BRDA:260,6,1,0
BRDA:263,7,0,0
BRDA:263,7,1,0
BRDA:271,8,0,0
BRDA:271,8,1,0
BRDA:274,9,0,0
BRDA:274,9,1,0
BRDA:276,10,0,0
BRDA:276,10,1,0
BRDA:277,11,0,0
BRDA:277,11,1,0
BRDA:278,12,0,0
BRDA:278,12,1,0
BRDA:280,13,0,0
BRDA:280,13,1,0
BRDA:283,14,0,0
BRDA:283,14,1,0
BRDA:288,15,0,0
BRDA:288,15,1,0
BRDA:288,16,0,0
BRDA:288,16,1,0
BRDA:288,16,2,0
BRDA:289,17,0,0
BRDA:289,17,1,0
BRDA:289,18,0,0
BRDA:289,18,1,0
BRDA:289,18,2,0
BRDA:289,18,3,0
BRDA:291,19,0,0
BRDA:291,19,1,0
BRDA:291,20,0,0
BRDA:291,20,1,0
BRDA:291,20,2,0
BRDA:299,21,0,0
BRDA:299,21,1,0
BRDA:302,22,0,0
BRDA:302,22,1,0
BRDA:303,23,0,0
BRDA:303,23,1,0
BRDA:305,24,0,0
BRDA:305,24,1,0
BRDA:305,25,0,0
BRDA:305,25,1,0
BRDA:305,25,2,0
BRDA:305,25,3,0
BRDA:312,26,0,0
BRDA:312,26,1,0
BRDA:314,27,0,0
BRDA:314,27,1,0
BRDA:314,28,0,0
BRDA:314,28,1,0
BRDA:314,28,2,0
BRDA:323,29,0,0
BRDA:323,29,1,0
BRDA:329,30,0,0
BRDA:329,30,1,0
BRDA:332,31,0,0
BRDA:332,31,1,0
BRDA:335,32,0,0
BRDA:335,32,1,0
BRDA:335,33,0,0
BRDA:335,33,1,0
BRDA:337,34,0,0
BRDA:337,34,1,0
BRDA:338,35,0,0
BRDA:338,35,1,0
BRDA:349,36,0,0
BRDA:349,36,1,0
BRDA:349,37,0,0
BRDA:349,37,1,0
BRDA:355,38,0,0
BRDA:355,38,1,0
BRDA:356,39,0,0
BRDA:356,39,1,0
BRDA:360,40,0,0
BRDA:360,40,1,0
BRDA:361,41,0,0
BRDA:361,41,1,0
BRDA:364,42,0,0
BRDA:364,42,1,0
BRDA:369,43,0,0
BRDA:369,43,1,0
BRDA:370,44,0,0
BRDA:370,44,1,0
BRDA:374,45,0,0
BRDA:374,45,1,0
BRDA:379,46,0,0
BRDA:379,46,1,0
BRDA:384,47,0,0
BRDA:384,47,1,0
BRDA:385,48,0,0
BRDA:385,48,1,0
BRDA:388,49,0,0
BRDA:388,49,1,0
BRDA:393,50,0,0
BRDA:393,50,1,0
BRDA:395,51,0,0
BRDA:395,51,1,0
BRDA:396,52,0,0
BRDA:396,52,1,0
BRDA:397,53,0,0
BRDA:397,53,1,0
BRDA:397,54,0,0
BRDA:397,54,1,0
BRDA:397,54,2,0
BRDA:398,55,0,0
BRDA:398,55,1,0
BRDA:400,56,0,0
BRDA:400,56,1,0
BRDA:405,57,0,0
BRDA:405,57,1,0
BRDA:407,58,0,0
BRDA:407,58,1,0
BRDA:414,59,0,0
BRDA:414,59,1,0
BRDA:427,60,0,0
BRDA:427,60,1,0
BRDA:427,60,2,0
BRDA:427,60,3,0
BRDA:427,60,4,0
BRDA:427,60,5,0
BRDA:427,60,6,0
BRDA:427,60,7,0
BRDA:427,60,8,0
BRDA:427,60,9,0
BRDA:427,60,10,0
BRDA:442,61,0,0
BRDA:442,61,1,0
BRDA:442,61,2,0
BRDA:442,61,3,0
BRDA:442,61,4,0
BRDA:442,61,5,0
BRDA:442,61,6,0
BRDA:442,61,7,0
BRDA:442,61,8,0
BRDA:452,62,0,0
BRDA:452,62,1,0
BRDA:452,62,2,0
BRDA:452,62,3,0
BRDA:452,62,4,0
BRDA:452,62,5,0
BRDA:452,62,6,0
BRDA:452,62,7,0
BRDA:452,62,8,0
BRDA:452,62,9,0
BRDA:452,62,10,0
BRDA:452,62,11,0
BRDA:452,62,12,0
BRDA:469,63,0,0
BRDA:469,63,1,0
BRDA:469,63,2,0
BRDA:469,63,3,0
BRDA:469,63,4,0
BRDA:469,63,5,0
BRDA:469,63,6,0
BRDA:480,64,0,0
BRDA:480,64,1,0
BRDA:480,64,2,0
BRDA:480,64,3,0
BRDA:480,64,4,0
BRDA:489,65,0,0
BRDA:489,65,1,0
BRDA:489,65,2,0
BRDA:489,65,3,0
BRDA:489,65,4,0
BRDA:489,65,5,0
BRDA:489,65,6,0
BRDA:489,65,7,0
BRDA:489,65,8,0
BRDA:489,65,9,0
BRDA:489,65,10,0
BRDA:489,65,11,0
BRDA:489,65,12,0
BRDA:489,65,13,0
BRDA:489,65,14,0
BRDA:508,66,0,0
BRDA:508,66,1,0
BRDA:508,66,2,0
BRDA:508,66,3,0
BRDA:508,66,4,0
BRDA:508,66,5,0
BRDA:508,66,6,0
BRDA:508,66,7,0
BRDA:508,66,8,0
BRDA:521,67,0,0
BRDA:521,67,1,0
BRDA:521,67,2,0
BRDA:521,67,3,0
BRDA:521,67,4,0
BRDA:521,67,5,0
BRDA:521,67,6,0
BRDA:532,68,0,0
BRDA:532,68,1,0
BRDA:533,69,0,0
BRDA:533,69,1,0
BRDA:536,70,0,0
BRDA:536,70,1,0
BRDA:539,71,0,0
BRDA:539,71,1,0
BRDA:542,72,0,0
BRDA:542,72,1,0
BRDA:548,73,0,0
BRDA:549,74,0,0
BRDA:549,74,1,0
BRDA:559,75,0,0
BRDA:559,75,1,0
BRDA:574,76,0,0
BRDA:574,76,1,0
BRDA:583,77,0,0
BRDA:583,77,1,0
BRDA:594,78,0,0
BRDA:597,79,0,0
BRDA:597,79,1,0
BRDA:600,80,0,0
BRDA:600,80,1,0
BRDA:600,81,0,0
BRDA:600,81,1,0
BRDA:603,82,0,0
BRDA:603,82,1,0
BRDA:604,83,0,0
BRDA:604,83,1,0
BRDA:604,83,2,0
BRDA:604,83,3,0
BRDA:604,83,4,0
BRDA:604,83,5,0
BRDA:604,83,6,0
BRDA:613,84,0,0
BRDA:613,84,1,0
BRDA:614,85,0,0
BRDA:614,85,1,0
BRDA:614,85,2,0
BRDA:614,85,3,0
BRDA:614,85,4,0
BRDA:614,85,5,0
BRDA:614,85,6,0
BRDA:623,86,0,0
BRDA:623,86,1,0
BRDA:624,87,0,0
BRDA:624,87,1,0
BRDA:624,87,2,0
BRDA:624,87,3,0
BRDA:624,87,4,0
BRDA:624,87,5,0
BRDA:636,88,0,0
BRDA:636,88,1,0
BRDA:636,89,0,0
BRDA:636,89,1,0
BRDA:641,90,0,0
BRDA:641,90,1,0
BRDA:642,91,0,0
BRDA:642,91,1,0
BRDA:642,91,2,0
BRDA:642,91,3,0
BRDA:642,91,4,0
BRDA:642,91,5,0
BRDA:642,91,6,0
BRDA:653,92,0,0
BRDA:653,92,1,0
BRDA:653,93,0,0
BRDA:653,93,1,0
BRDA:655,94,0,0
BRDA:655,94,1,0
BRDA:655,95,0,0
BRDA:655,95,1,0
BRDA:657,96,0,0
BRDA:657,96,1,0
BRDA:657,97,0,0
BRDA:657,97,1,0
BRDA:659,98,0,0
BRDA:659,98,1,0
BRDA:659,99,0,0
BRDA:659,99,1,0
BRDA:669,100,0,0
BRDA:669,100,1,0
BRDA:672,101,0,0
BRDA:672,101,1,0
BRDA:672,102,0,0
BRDA:672,102,1,0
BRDA:672,102,2,0
BRDA:672,102,3,0
BRDA:672,102,4,0
BRDA:694,103,0,0
BRDA:695,104,0,0
BRDA:695,104,1,0
BRDA:708,105,0,0
BRDA:708,105,1,0
BRDA:711,106,0,0
BRDA:711,106,1,0
BRDA:719,107,0,0
BRDA:719,107,1,0
BRDA:723,108,0,0
BRDA:723,108,1,0
BRDA:726,109,0,0
BRDA:726,109,1,0
BRDA:729,110,0,0
BRDA:729,110,1,0
BRDA:732,111,0,0
BRDA:732,111,1,0
BRDA:733,112,0,0
BRDA:733,112,1,0
BRDA:733,112,2,0
BRDA:733,112,3,0
BRDA:733,112,4,0
BRDA:742,113,0,0
BRDA:742,113,1,0
BRDA:745,114,0,0
BRDA:745,114,1,0
BRDA:748,115,0,0
BRDA:748,115,1,0
BRDA:751,116,0,0
BRDA:751,116,1,0
BRDA:761,117,0,0
BRDA:761,117,1,0
BRDA:761,118,0,0
BRDA:761,118,1,0
BRDA:761,118,2,0
BRDA:761,118,3,0
BRDA:770,119,0,0
BRDA:770,119,1,0
BRF:331
BRH:0
end_of_record
TN:
SF:src/utils/japaneseStockNames.js
FN:140,(anonymous_0)
FN:162,(anonymous_1)
FNF:2
FNH:0
FNDA:0,(anonymous_0)
FNDA:0,(anonymous_1)
DA:7,0
DA:45,0
DA:140,0
DA:142,0
DA:145,0
DA:146,0
DA:150,0
DA:151,0
DA:154,0
DA:162,0
DA:163,0
DA:164,0
DA:165,0
DA:167,0
LF:14
LH:0
BRDA:145,0,0,0
BRDA:145,0,1,0
BRDA:146,1,0,0
BRDA:146,1,1,0
BRDA:150,2,0,0
BRDA:150,2,1,0
BRDA:151,3,0,0
BRDA:151,3,1,0
BRDA:164,4,0,0
BRDA:164,4,1,0
BRF:10
BRH:0
end_of_record
TN:
SF:src/utils/logger.js
FN:24,containsSensitiveInfo
FN:25,(anonymous_1)
FN:32,(anonymous_2)
FN:38,maskSensitiveData
FN:52,(anonymous_4)
FN:75,(anonymous_5)
FN:78,(anonymous_6)
FN:86,(anonymous_7)
FN:88,(anonymous_8)
FN:95,(anonymous_9)
FN:97,(anonymous_10)
FN:101,(anonymous_11)
FN:103,(anonymous_12)
FN:107,(anonymous_13)
FN:110,(anonymous_14)
FN:117,replaceConsoleLog
FN:120,(anonymous_16)
FNF:17
FNH:0
FNDA:0,containsSensitiveInfo
FNDA:0,(anonymous_1)
FNDA:0,(anonymous_2)
FNDA:0,maskSensitiveData
FNDA:0,(anonymous_4)
FNDA:0,(anonymous_5)
FNDA:0,(anonymous_6)
FNDA:0,(anonymous_7)
FNDA:0,(anonymous_8)
FNDA:0,(anonymous_9)
FNDA:0,(anonymous_10)
FNDA:0,(anonymous_11)
FNDA:0,(anonymous_12)
FNDA:0,(anonymous_13)
FNDA:0,(anonymous_14)
FNDA:0,replaceConsoleLog
FNDA:0,(anonymous_16)
DA:6,0
DA:7,0
DA:10,0
DA:25,0
DA:26,0
DA:27,0
DA:29,0
DA:32,0
DA:39,0
DA:41,0
DA:42,0
DA:44,0
DA:47,0
DA:48,0
DA:50,0
DA:51,0
DA:52,0
DA:53,0
DA:54,0
DA:55,0
DA:56,0
DA:58,0
DA:61,0
DA:65,0
DA:68,0
DA:74,0
DA:76,0
DA:78,0
DA:79,0
DA:80,0
DA:82,0
DA:87,0
DA:88,0
DA:89,0
DA:90,0
DA:91,0
DA:97,0
DA:98,0
DA:103,0
DA:104,0
DA:109,0
DA:110,0
DA:111,0
DA:118,0
DA:119,0
DA:120,0
DA:121,0
DA:122,0
LF:48
LH:0
BRDA:26,0,0,0
BRDA:26,0,1,0
BRDA:39,1,0,0
BRDA:39,1,1,0
BRDA:41,2,0,0
BRDA:41,2,1,0
BRDA:41,3,0,0
BRDA:41,3,1,0
BRDA:47,4,0,0
BRDA:47,4,1,0
BRDA:47,5,0,0
BRDA:47,5,1,0
BRDA:48,6,0,0
BRDA:48,6,1,0
BRDA:52,7,0,0
BRDA:52,7,1,0
BRDA:53,8,0,0
BRDA:53,8,1,0
BRDA:53,9,0,0
BRDA:53,9,1,0
BRDA:55,10,0,0
BRDA:55,10,1,0
BRDA:76,11,0,0
BRDA:76,11,1,0
BRDA:76,12,0,0
BRDA:76,12,1,0
BRDA:80,13,0,0
BRDA:80,13,1,0
BRDA:87,14,0,0
BRDA:87,14,1,0
BRDA:87,15,0,0
BRDA:87,15,1,0
BRDA:90,16,0,0
BRDA:90,16,1,0
BRDA:109,17,0,0
BRDA:109,17,1,0
BRDA:118,18,0,0
BRDA:118,18,1,0
BRDA:121,19,0,0
BRDA:121,19,1,0
BRF:40
BRH:0
end_of_record
TN:
SF:src/utils/requestThrottle.js
FN:7,(anonymous_0)
FN:15,(anonymous_1)
FN:16,(anonymous_2)
FN:18,(anonymous_3)
FN:23,(anonymous_4)
FN:32,(anonymous_5)
FN:53,debounce
FN:56,debounced
FN:59,(anonymous_8)
FN:60,(anonymous_9)
FN:73,throttle
FN:77,throttled
FN:82,(anonymous_12)
FN:93,(anonymous_13)
FN:107,(anonymous_14)
FN:114,(anonymous_15)
FN:131,(anonymous_16)
FN:139,(anonymous_17)
FN:145,(anonymous_18)
FN:152,(anonymous_19)
FN:160,(anonymous_20)
FN:164,(anonymous_21)
FN:177,(anonymous_22)
FN:188,(anonymous_23)
FN:208,(anonymous_24)
FN:213,batchRequests
FN:218,(anonymous_26)
FN:224,(anonymous_27)
FN:233,(anonymous_28)
FN:237,(anonymous_29)
FN:244,(anonymous_30)
FNF:31
FNH:0
FNDA:0,(anonymous_0)
FNDA:0,(anonymous_1)
FNDA:0,(anonymous_2)
FNDA:0,(anonymous_3)
FNDA:0,(anonymous_4)
FNDA:0,(anonymous_5)
FNDA:0,debounce
FNDA:0,debounced
FNDA:0,(anonymous_8)
FNDA:0,(anonymous_9)
FNDA:0,throttle
FNDA:0,throttled
FNDA:0,(anonymous_12)
FNDA:0,(anonymous_13)
FNDA:0,(anonymous_14)
FNDA:0,(anonymous_15)
FNDA:0,(anonymous_16)
FNDA:0,(anonymous_17)
FNDA:0,(anonymous_18)
FNDA:0,(anonymous_19)
FNDA:0,(anonymous_20)
FNDA:0,(anonymous_21)
FNDA:0,(anonymous_22)
FNDA:0,(anonymous_23)
FNDA:0,(anonymous_24)
FNDA:0,batchRequests
FNDA:0,(anonymous_26)
FNDA:0,(anonymous_27)
FNDA:0,(anonymous_28)
FNDA:0,(anonymous_29)
FNDA:0,(anonymous_30)
DA:8,0
DA:9,0
DA:10,0
DA:11,0
DA:12,0
DA:16,0
DA:17,0
DA:18,0
DA:19,0
DA:24,0
DA:25,0
DA:28,0
DA:29,0
DA:31,0
DA:32,0
DA:33,0
DA:36,0
DA:37,0
DA:38,0
DA:40,0
DA:41,0
DA:42,0
DA:44,0
DA:46,0
DA:47,0
DA:56,0
DA:57,0
DA:59,0
DA:60,0
DA:61,0
DA:62,0
DA:63,0
DA:65,0
DA:77,0
DA:78,0
DA:79,0
DA:80,0
DA:82,0
DA:83,0
DA:87,0
DA:95,0
DA:103,0
DA:104,0
DA:108,0
DA:109,0
DA:112,0
DA:113,0
DA:114,0
DA:117,0
DA:118,0
DA:120,0
DA:121,0
DA:124,0
DA:125,0
DA:128,0
DA:129,0
DA:131,0
DA:132,0
DA:135,0
DA:140,0
DA:146,0
DA:147,0
DA:148,0
DA:151,0
DA:152,0
DA:153,0
DA:156,0
DA:157,0
DA:161,0
DA:165,0
DA:166,0
DA:168,0
DA:169,0
DA:170,0
DA:171,0
DA:173,0
DA:174,0
DA:178,0
DA:185,0
DA:190,0
DA:191,0
DA:192,0
DA:196,0
DA:197,0
DA:198,0
DA:200,0
DA:205,0
DA:208,0
DA:209,0
DA:214,0
DA:216,0
DA:217,0
DA:218,0
DA:220,0
DA:223,0
DA:224,0
DA:228,0
DA:234,0
DA:239,0
DA:240,0
DA:244,0
DA:245,0
DA:248,0
DA:249,0
DA:253,0
LF:105
LH:0
BRDA:7,0,0,0
BRDA:7,1,0,0
BRDA:15,2,0,0
BRDA:24,3,0,0
BRDA:24,3,1,0
BRDA:24,4,0,0
BRDA:24,4,1,0
BRDA:31,5,0,0
BRDA:31,5,1,0
BRDA:53,6,0,0
BRDA:73,7,0,0
BRDA:78,8,0,0
BRDA:78,8,1,0
BRDA:107,9,0,0
BRDA:108,10,0,0
BRDA:108,10,1,0
BRDA:109,11,0,0
BRDA:109,12,0,0
BRDA:113,13,0,0
BRDA:113,13,1,0
BRDA:124,14,0,0
BRDA:124,14,1,0
BRDA:124,15,0,0
BRDA:124,15,1,0
BRDA:140,16,0,0
BRDA:140,16,1,0
BRDA:140,16,2,0
BRDA:147,17,0,0
BRDA:147,17,1,0
BRDA:156,18,0,0
BRDA:156,18,1,0
BRDA:165,19,0,0
BRDA:165,19,1,0
BRDA:166,20,0,0
BRDA:166,20,1,0
BRDA:170,21,0,0
BRDA:170,21,1,0
BRDA:185,22,0,0
BRDA:185,22,1,0
BRDA:191,23,0,0
BRDA:191,23,1,0
BRDA:197,24,0,0
BRDA:197,24,1,0
BRDA:213,25,0,0
BRDA:213,26,0,0
BRDA:223,27,0,0
BRDA:223,27,1,0
BRDA:239,28,0,0
BRDA:239,28,1,0
BRF:49
BRH:0
end_of_record
TN:
SF:src/utils/resetCircuitBreaker.js
FN:10,(anonymous_0)
FNF:1
FNH:0
FNDA:0,(anonymous_0)
DA:9,0
DA:10,0
DA:11,0
DA:12,0
DA:15,0
LF:5
LH:0
BRDA:9,0,0,0
BRDA:9,0,1,0
BRF:2
BRH:0
end_of_record
